---------------------------------------------------------------
[ 2024-08-24T23:18:01+08:00 ] 39.105.137.202 POST cs.wmtao.xyz/admin/event
[运行时间：0.024163s] [吞吐率：41.39req/s] [内存消耗：3,342.69kb] [文件加载：64]
[ info ] [ CACHE ] INIT File
[ info ] [ BEHAVIOR ] Run Closure @app_init [ RunTime:0.001211s ]
[ info ] [ LANG ] /www/wwwroot/cs.wmtao.xyz/thinkphp/lang/zh-cn.php
[ info ] [ ROUTE ] array (
  'type' => 'module',
  'module' => 
  array (
    0 => 'admin',
    1 => 'event',
    2 => NULL,
  ),
)
[ info ] [ HEADER ] array (
  'content-length' => '82',
  'content-type' => 'application/json',
  'x-pusher-signature' => '61fc5514729114575b394d852e96b502f6ce7ff32708e363fd53a72896b83ab1',
  'x-pusher-key' => 'xd5bgugi03uzg9wl',
  'connection' => 'close',
  'host' => 'cs.wmtao.xyz',
)
[ info ] [ PARAM ] array (
  'time_ms' => '1724512681.6822',
  'events' => 
  array (
    0 => 
    array (
      'channel' => 'ud26',
      'name' => 'channel_added',
    ),
  ),
)
[ info ] [ SESSION ] INIT array (
  'id' => '',
  'var_session_id' => '',
  'prefix' => '',
  'type' => '',
  'auto_start' => true,
)
[ info ] [ LANG ] /www/wwwroot/cs.wmtao.xyz/public/../application/lang/cn.php
[ info ] [ BEHAVIOR ] Run Closure @action_begin [ RunTime:0.000123s ]
[ info ] [ RUN ] app\admin\controller\Event->index[ /www/wwwroot/cs.wmtao.xyz/application/admin/controller/Event.php ]
[ info ] [ LOG ] INIT File
---------------------------------------------------------------
[ 2024-08-24T23:18:07+08:00 ] 39.105.137.202 POST cs.wmtao.xyz/admin/event
[运行时间：0.026364s] [吞吐率：37.93req/s] [内存消耗：3,342.70kb] [文件加载：64]
[ info ] [ CACHE ] INIT File
[ info ] [ BEHAVIOR ] Run Closure @app_init [ RunTime:0.001318s ]
[ info ] [ LANG ] /www/wwwroot/cs.wmtao.xyz/thinkphp/lang/zh-cn.php
[ info ] [ ROUTE ] array (
  'type' => 'module',
  'module' => 
  array (
    0 => 'admin',
    1 => 'event',
    2 => NULL,
  ),
)
[ info ] [ HEADER ] array (
  'content-length' => '84',
  'content-type' => 'application/json',
  'x-pusher-signature' => 'a552cc35fba0bc08c73f919629feb1fb2166fb8d81ea1ad00d53f94f7abe7ea2',
  'x-pusher-key' => 'xd5bgugi03uzg9wl',
  'connection' => 'close',
  'host' => 'cs.wmtao.xyz',
)
[ info ] [ PARAM ] array (
  'time_ms' => '1724512687.6837',
  'events' => 
  array (
    0 => 
    array (
      'channel' => 'ud26',
      'name' => 'channel_removed',
    ),
  ),
)
[ info ] [ SESSION ] INIT array (
  'id' => '',
  'var_session_id' => '',
  'prefix' => '',
  'type' => '',
  'auto_start' => true,
)
[ info ] [ LANG ] /www/wwwroot/cs.wmtao.xyz/public/../application/lang/cn.php
[ info ] [ BEHAVIOR ] Run Closure @action_begin [ RunTime:0.000146s ]
[ info ] [ RUN ] app\admin\controller\Event->index[ /www/wwwroot/cs.wmtao.xyz/application/admin/controller/Event.php ]
[ info ] [ LOG ] INIT File
---------------------------------------------------------------
[ 2024-08-24T23:18:09+08:00 ] 39.105.137.202 POST cs.wmtao.xyz/admin/event
[运行时间：0.025258s] [吞吐率：39.59req/s] [内存消耗：3,342.70kb] [文件加载：64]
[ info ] [ CACHE ] INIT File
[ info ] [ BEHAVIOR ] Run Closure @app_init [ RunTime:0.001389s ]
[ info ] [ LANG ] /www/wwwroot/cs.wmtao.xyz/thinkphp/lang/zh-cn.php
[ info ] [ ROUTE ] array (
  'type' => 'module',
  'module' => 
  array (
    0 => 'admin',
    1 => 'event',
    2 => NULL,
  ),
)
[ info ] [ HEADER ] array (
  'content-length' => '82',
  'content-type' => 'application/json',
  'x-pusher-signature' => '1e9299d08be9db525ab648fedcf1ac7857d51c6214922ff45499eefb538e7e7f',
  'x-pusher-key' => 'xd5bgugi03uzg9wl',
  'connection' => 'close',
  'host' => 'cs.wmtao.xyz',
)
[ info ] [ PARAM ] array (
  'time_ms' => '1724512657.6682',
  'events' => 
  array (
    0 => 
    array (
      'channel' => 'ud26',
      'name' => 'channel_added',
    ),
  ),
)
[ info ] [ SESSION ] INIT array (
  'id' => '',
  'var_session_id' => '',
  'prefix' => '',
  'type' => '',
  'auto_start' => true,
)
[ info ] [ LANG ] /www/wwwroot/cs.wmtao.xyz/public/../application/lang/cn.php
[ info ] [ BEHAVIOR ] Run Closure @action_begin [ RunTime:0.000137s ]
[ info ] [ RUN ] app\admin\controller\Event->index[ /www/wwwroot/cs.wmtao.xyz/application/admin/controller/Event.php ]
[ info ] [ LOG ] INIT File
---------------------------------------------------------------
[ 2024-08-24T23:18:37+08:00 ] 39.105.137.202 POST cs.wmtao.xyz/admin/event
[运行时间：0.030196s] [吞吐率：33.12req/s] [内存消耗：3,342.70kb] [文件加载：64]
[ info ] [ CACHE ] INIT File
[ info ] [ BEHAVIOR ] Run Closure @app_init [ RunTime:0.001783s ]
[ info ] [ LANG ] /www/wwwroot/cs.wmtao.xyz/thinkphp/lang/zh-cn.php
[ info ] [ ROUTE ] array (
  'type' => 'module',
  'module' => 
  array (
    0 => 'admin',
    1 => 'event',
    2 => NULL,
  ),
)
[ info ] [ HEADER ] array (
  'content-length' => '81',
  'content-type' => 'application/json',
  'x-pusher-signature' => '2c61abb8e72af822237f0ab9a1eacb5b0c2fa6d549ac10c4034abbee07ff697d',
  'x-pusher-key' => 'xd5bgugi03uzg9wl',
  'connection' => 'close',
  'host' => 'cs.wmtao.xyz',
)
[ info ] [ PARAM ] array (
  'time_ms' => '1724512717.6946',
  'events' => 
  array (
    0 => 
    array (
      'channel' => 'ud26',
      'name' => 'channel_added',
    ),
  ),
)
[ info ] [ SESSION ] INIT array (
  'id' => '',
  'var_session_id' => '',
  'prefix' => '',
  'type' => '',
  'auto_start' => true,
)
[ info ] [ LANG ] /www/wwwroot/cs.wmtao.xyz/public/../application/lang/cn.php
[ info ] [ BEHAVIOR ] Run Closure @action_begin [ RunTime:0.000201s ]
[ info ] [ RUN ] app\admin\controller\Event->index[ /www/wwwroot/cs.wmtao.xyz/application/admin/controller/Event.php ]
[ info ] [ LOG ] INIT File
---------------------------------------------------------------
[ 2024-08-24T23:18:43+08:00 ] 39.105.137.202 POST cs.wmtao.xyz/admin/event
[运行时间：0.025749s] [吞吐率：38.84req/s] [内存消耗：3,342.70kb] [文件加载：64]
[ info ] [ CACHE ] INIT File
[ info ] [ BEHAVIOR ] Run Closure @app_init [ RunTime:0.001229s ]
[ info ] [ LANG ] /www/wwwroot/cs.wmtao.xyz/thinkphp/lang/zh-cn.php
[ info ] [ ROUTE ] array (
  'type' => 'module',
  'module' => 
  array (
    0 => 'admin',
    1 => 'event',
    2 => NULL,
  ),
)
[ info ] [ HEADER ] array (
  'content-length' => '84',
  'content-type' => 'application/json',
  'x-pusher-signature' => 'deafe6f5cbeed4eb44ab36ad5ccd6c0adefe635930ad66ea0542ed783d8622a4',
  'x-pusher-key' => 'xd5bgugi03uzg9wl',
  'connection' => 'close',
  'host' => 'cs.wmtao.xyz',
)
[ info ] [ PARAM ] array (
  'time_ms' => '1724512723.6994',
  'events' => 
  array (
    0 => 
    array (
      'channel' => 'ud26',
      'name' => 'channel_removed',
    ),
  ),
)
[ info ] [ SESSION ] INIT array (
  'id' => '',
  'var_session_id' => '',
  'prefix' => '',
  'type' => '',
  'auto_start' => true,
)
[ info ] [ LANG ] /www/wwwroot/cs.wmtao.xyz/public/../application/lang/cn.php
[ info ] [ BEHAVIOR ] Run Closure @action_begin [ RunTime:0.000147s ]
[ info ] [ RUN ] app\admin\controller\Event->index[ /www/wwwroot/cs.wmtao.xyz/application/admin/controller/Event.php ]
[ info ] [ LOG ] INIT File
---------------------------------------------------------------
[ 2024-08-24T23:19:10+08:00 ] 39.105.137.202 POST cs.wmtao.xyz/admin/event
[运行时间：0.026953s] [吞吐率：37.10req/s] [内存消耗：3,342.70kb] [文件加载：64]
[ info ] [ CACHE ] INIT File
[ info ] [ BEHAVIOR ] Run Closure @app_init [ RunTime:0.001282s ]
[ info ] [ LANG ] /www/wwwroot/cs.wmtao.xyz/thinkphp/lang/zh-cn.php
[ info ] [ ROUTE ] array (
  'type' => 'module',
  'module' => 
  array (
    0 => 'admin',
    1 => 'event',
    2 => NULL,
  ),
)
[ info ] [ HEADER ] array (
  'content-length' => '82',
  'content-type' => 'application/json',
  'x-pusher-signature' => 'dc85b956b177570e75e34e729e6012c3216aff46e54224295e1a04e49867a094',
  'x-pusher-key' => 'xd5bgugi03uzg9wl',
  'connection' => 'close',
  'host' => 'cs.wmtao.xyz',
)
[ info ] [ PARAM ] array (
  'time_ms' => '1724512750.7128',
  'events' => 
  array (
    0 => 
    array (
      'channel' => 'ud26',
      'name' => 'channel_added',
    ),
  ),
)
[ info ] [ SESSION ] INIT array (
  'id' => '',
  'var_session_id' => '',
  'prefix' => '',
  'type' => '',
  'auto_start' => true,
)
[ info ] [ LANG ] /www/wwwroot/cs.wmtao.xyz/public/../application/lang/cn.php
[ info ] [ BEHAVIOR ] Run Closure @action_begin [ RunTime:0.000149s ]
[ info ] [ RUN ] app\admin\controller\Event->index[ /www/wwwroot/cs.wmtao.xyz/application/admin/controller/Event.php ]
[ info ] [ LOG ] INIT File
---------------------------------------------------------------
[ 2024-08-24T23:19:22+08:00 ] 39.105.137.202 POST cs.wmtao.xyz/admin/event
[运行时间：0.087520s] [吞吐率：11.43req/s] [内存消耗：4,497.95kb] [文件加载：72]
[ info ] [ CACHE ] INIT File
[ info ] [ BEHAVIOR ] Run Closure @app_init [ RunTime:0.001206s ]
[ info ] [ LANG ] /www/wwwroot/cs.wmtao.xyz/thinkphp/lang/zh-cn.php
[ info ] [ ROUTE ] array (
  'type' => 'module',
  'module' => 
  array (
    0 => 'admin',
    1 => 'event',
    2 => NULL,
  ),
)
[ info ] [ HEADER ] array (
  'content-length' => '129',
  'content-type' => 'application/json',
  'x-pusher-signature' => '6c12d929e6ad03f665a9dfcb90d9e663a62989944ea544685f874d9818bba216',
  'x-pusher-key' => 'xd5bgugi03uzg9wl',
  'connection' => 'close',
  'host' => 'cs.wmtao.xyz',
)
[ info ] [ PARAM ] array (
  'time_ms' => '1724512762.7206',
  'events' => 
  array (
    0 => 
    array (
      'channel' => 'ud26',
      'name' => 'channel_removed',
    ),
    1 => 
    array (
      'channel' => 'kefu26',
      'name' => 'channel_removed',
    ),
  ),
)
[ info ] [ SESSION ] INIT array (
  'id' => '',
  'var_session_id' => '',
  'prefix' => '',
  'type' => '',
  'auto_start' => true,
)
[ info ] [ LANG ] /www/wwwroot/cs.wmtao.xyz/public/../application/lang/cn.php
[ info ] [ BEHAVIOR ] Run Closure @action_begin [ RunTime:0.000121s ]
[ info ] [ RUN ] app\admin\controller\Event->index[ /www/wwwroot/cs.wmtao.xyz/application/admin/controller/Event.php ]
[ info ] [ DB ] INIT mysql
[ info ] [ LOG ] INIT File
[ sql ] [ DB ] CONNECT:[ UseTime:0.001033s ] mysql:host=127.0.0.1;dbname=cs_wmtao_xyz;charset=utf8
[ sql ] [ SQL ] SHOW COLUMNS FROM `wolive_service` [ RunTime:0.001274s ]
[ sql ] [ SQL ] UPDATE `wolive_service`  SET `state`='offline'  WHERE  `service_id` = 26 [ RunTime:0.000445s ]
---------------------------------------------------------------
[ 2024-08-24T23:19:25+08:00 ] 39.105.137.202 POST cs.wmtao.xyz/admin/event
[运行时间：0.071323s] [吞吐率：14.02req/s] [内存消耗：4,496.96kb] [文件加载：72]
[ info ] [ CACHE ] INIT File
[ info ] [ BEHAVIOR ] Run Closure @app_init [ RunTime:0.001174s ]
[ info ] [ LANG ] /www/wwwroot/cs.wmtao.xyz/thinkphp/lang/zh-cn.php
[ info ] [ ROUTE ] array (
  'type' => 'module',
  'module' => 
  array (
    0 => 'admin',
    1 => 'event',
    2 => NULL,
  ),
)
[ info ] [ HEADER ] array (
  'content-length' => '84',
  'content-type' => 'application/json',
  'x-pusher-signature' => 'c363242f57338944f172b7767642730d3be12ac2cb43122df123d9b79dc3b698',
  'x-pusher-key' => 'xd5bgugi03uzg9wl',
  'connection' => 'close',
  'host' => 'cs.wmtao.xyz',
)
[ info ] [ PARAM ] array (
  'time_ms' => '1724512765.7217',
  'events' => 
  array (
    0 => 
    array (
      'channel' => 'kefu26',
      'name' => 'channel_added',
    ),
  ),
)
[ info ] [ SESSION ] INIT array (
  'id' => '',
  'var_session_id' => '',
  'prefix' => '',
  'type' => '',
  'auto_start' => true,
)
[ info ] [ LANG ] /www/wwwroot/cs.wmtao.xyz/public/../application/lang/cn.php
[ info ] [ BEHAVIOR ] Run Closure @action_begin [ RunTime:0.000126s ]
[ info ] [ RUN ] app\admin\controller\Event->index[ /www/wwwroot/cs.wmtao.xyz/application/admin/controller/Event.php ]
[ info ] [ DB ] INIT mysql
[ info ] [ LOG ] INIT File
[ sql ] [ DB ] CONNECT:[ UseTime:0.000709s ] mysql:host=127.0.0.1;dbname=cs_wmtao_xyz;charset=utf8
[ sql ] [ SQL ] SHOW COLUMNS FROM `wolive_service` [ RunTime:0.001367s ]
[ sql ] [ SQL ] UPDATE `wolive_service`  SET `state`='online'  WHERE  `service_id` = 26 [ RunTime:0.000364s ]
---------------------------------------------------------------
[ 2024-08-24T23:19:52+08:00 ] 39.105.137.202 POST cs.wmtao.xyz/admin/event
[运行时间：0.079732s] [吞吐率：12.54req/s] [内存消耗：4,505.34kb] [文件加载：72]
[ info ] [ CACHE ] INIT File
[ info ] [ BEHAVIOR ] Run Closure @app_init [ RunTime:0.001241s ]
[ info ] [ LANG ] /www/wwwroot/cs.wmtao.xyz/thinkphp/lang/zh-cn.php
[ info ] [ ROUTE ] array (
  'type' => 'module',
  'module' => 
  array (
    0 => 'admin',
    1 => 'event',
    2 => NULL,
  ),
)
[ info ] [ HEADER ] array (
  'content-length' => '138',
  'content-type' => 'application/json',
  'x-pusher-signature' => '2d893f4a4727de1ab4dce53685282d86546379a87e21a762d41b5425419d315f',
  'x-pusher-key' => 'xd5bgugi03uzg9wl',
  'connection' => 'close',
  'host' => 'cs.wmtao.xyz',
)
[ info ] [ PARAM ] array (
  'time_ms' => '1724512792.7298',
  'events' => 
  array (
    0 => 
    array (
      'channel' => 'cu3131373534352f31',
      'name' => 'channel_added',
    ),
    1 => 
    array (
      'channel' => 'se31',
      'name' => 'channel_added',
    ),
  ),
)
[ info ] [ SESSION ] INIT array (
  'id' => '',
  'var_session_id' => '',
  'prefix' => '',
  'type' => '',
  'auto_start' => true,
)
[ info ] [ LANG ] /www/wwwroot/cs.wmtao.xyz/public/../application/lang/cn.php
[ info ] [ BEHAVIOR ] Run Closure @action_begin [ RunTime:0.000151s ]
[ info ] [ RUN ] app\admin\controller\Event->index[ /www/wwwroot/cs.wmtao.xyz/application/admin/controller/Event.php ]
[ info ] [ DB ] INIT mysql
[ info ] [ LOG ] INIT File
[ sql ] [ DB ] CONNECT:[ UseTime:0.000872s ] mysql:host=127.0.0.1;dbname=cs_wmtao_xyz;charset=utf8
[ sql ] [ SQL ] SHOW COLUMNS FROM `wolive_queue` [ RunTime:0.001061s ]
[ sql ] [ SQL ] SELECT * FROM `wolive_queue` WHERE  `visiter_id` = '117545'  AND `business_id` = 1 LIMIT 1 [ RunTime:0.000435s ]
[ sql ] [ SQL ] SHOW COLUMNS FROM `wolive_visiter` [ RunTime:0.001175s ]
[ sql ] [ SQL ] UPDATE `wolive_visiter`  SET `state`='online'  WHERE  `channel` = '3131373534352f31' [ RunTime:0.000524s ]
---------------------------------------------------------------
[ 2024-08-24T23:20:04+08:00 ] 39.105.137.202 POST cs.wmtao.xyz/admin/event
[运行时间：0.094035s] [吞吐率：10.63req/s] [内存消耗：4,526.93kb] [文件加载：72]
[ info ] [ CACHE ] INIT File
[ info ] [ BEHAVIOR ] Run Closure @app_init [ RunTime:0.001216s ]
[ info ] [ LANG ] /www/wwwroot/cs.wmtao.xyz/thinkphp/lang/zh-cn.php
[ info ] [ ROUTE ] array (
  'type' => 'module',
  'module' => 
  array (
    0 => 'admin',
    1 => 'event',
    2 => NULL,
  ),
)
[ info ] [ HEADER ] array (
  'content-length' => '561',
  'content-type' => 'application/json',
  'x-pusher-signature' => 'b8d27fbd0b864735289d1c4663d204b9010effc9f8ee00f7ba73e002656c83fc',
  'x-pusher-key' => 'xd5bgugi03uzg9wl',
  'connection' => 'close',
  'host' => 'cs.wmtao.xyz',
)
[ info ] [ PARAM ] array (
  'time_ms' => '1724512804.1414',
  'events' => 
  array (
    0 => 
    array (
      'channel' => 'cu3131373534352f31',
      'name' => 'channel_added',
    ),
    1 => 
    array (
      'channel' => 'se31',
      'name' => 'channel_added',
    ),
    2 => 
    array (
      'channel' => 'kefu26',
      'name' => 'channel_added',
    ),
    3 => 
    array (
      'channel' => 'ud10',
      'name' => 'channel_added',
    ),
    4 => 
    array (
      'channel' => 'all1',
      'name' => 'channel_added',
    ),
    5 => 
    array (
      'channel' => 'kefu10',
      'name' => 'channel_added',
    ),
    6 => 
    array (
      'channel' => 'read_client_msg10',
      'name' => 'channel_added',
    ),
    7 => 
    array (
      'channel' => 'cu3131373533362f31',
      'name' => 'channel_added',
    ),
    8 => 
    array (
      'channel' => 'se30',
      'name' => 'channel_added',
    ),
    9 => 
    array (
      'channel' => 'cu3131363637322f31',
      'name' => 'channel_added',
    ),
    10 => 
    array (
      'channel' => 'se10',
      'name' => 'channel_added',
    ),
  ),
)
[ info ] [ SESSION ] INIT array (
  'id' => '',
  'var_session_id' => '',
  'prefix' => '',
  'type' => '',
  'auto_start' => true,
)
[ info ] [ LANG ] /www/wwwroot/cs.wmtao.xyz/public/../application/lang/cn.php
[ info ] [ BEHAVIOR ] Run Closure @action_begin [ RunTime:0.000154s ]
[ info ] [ RUN ] app\admin\controller\Event->index[ /www/wwwroot/cs.wmtao.xyz/application/admin/controller/Event.php ]
[ info ] [ DB ] INIT mysql
[ info ] [ LOG ] INIT File
[ sql ] [ DB ] CONNECT:[ UseTime:0.000588s ] mysql:host=127.0.0.1;dbname=cs_wmtao_xyz;charset=utf8
[ sql ] [ SQL ] SHOW COLUMNS FROM `wolive_queue` [ RunTime:0.000964s ]
[ sql ] [ SQL ] SELECT * FROM `wolive_queue` WHERE  `visiter_id` = '117545'  AND `business_id` = 1 LIMIT 1 [ RunTime:0.000345s ]
[ sql ] [ SQL ] SHOW COLUMNS FROM `wolive_visiter` [ RunTime:0.001250s ]
[ sql ] [ SQL ] UPDATE `wolive_visiter`  SET `state`='online'  WHERE  `channel` = '3131373534352f31' [ RunTime:0.000501s ]
[ sql ] [ SQL ] SHOW COLUMNS FROM `wolive_service` [ RunTime:0.000869s ]
[ sql ] [ SQL ] UPDATE `wolive_service`  SET `state`='online'  WHERE  `service_id` = 26 [ RunTime:0.000249s ]
[ sql ] [ SQL ] UPDATE `wolive_service`  SET `state`='online'  WHERE  `service_id` = 10 [ RunTime:0.000242s ]
[ sql ] [ SQL ] SELECT * FROM `wolive_queue` WHERE  `visiter_id` = '117536'  AND `business_id` = 1 LIMIT 1 [ RunTime:0.000336s ]
[ sql ] [ SQL ] UPDATE `wolive_visiter`  SET `state`='online'  WHERE  `channel` = '3131373533362f31' [ RunTime:0.000451s ]
[ sql ] [ SQL ] SELECT * FROM `wolive_queue` WHERE  `visiter_id` = '116672'  AND `business_id` = 1 LIMIT 1 [ RunTime:0.000259s ]
[ sql ] [ SQL ] UPDATE `wolive_visiter`  SET `state`='online'  WHERE  `channel` = '3131363637322f31' [ RunTime:0.000424s ]
---------------------------------------------------------------
[ 2024-08-24T23:20:25+08:00 ] 39.105.137.202 POST cs.wmtao.xyz/admin/event
[运行时间：0.069475s] [吞吐率：14.39req/s] [内存消耗：4,496.96kb] [文件加载：72]
[ info ] [ CACHE ] INIT File
[ info ] [ BEHAVIOR ] Run Closure @app_init [ RunTime:0.001342s ]
[ info ] [ LANG ] /www/wwwroot/cs.wmtao.xyz/thinkphp/lang/zh-cn.php
[ info ] [ ROUTE ] array (
  'type' => 'module',
  'module' => 
  array (
    0 => 'admin',
    1 => 'event',
    2 => NULL,
  ),
)
[ info ] [ HEADER ] array (
  'content-length' => '84',
  'content-type' => 'application/json',
  'x-pusher-signature' => '11113c7cae1cb7fc11976dca0a8d5f7e65fbcfd4668a34a91cc6a55800158cfc',
  'x-pusher-key' => 'xd5bgugi03uzg9wl',
  'connection' => 'close',
  'host' => 'cs.wmtao.xyz',
)
[ info ] [ PARAM ] array (
  'time_ms' => '1724512825.1514',
  'events' => 
  array (
    0 => 
    array (
      'channel' => 'kefu24',
      'name' => 'channel_added',
    ),
  ),
)
[ info ] [ SESSION ] INIT array (
  'id' => '',
  'var_session_id' => '',
  'prefix' => '',
  'type' => '',
  'auto_start' => true,
)
[ info ] [ LANG ] /www/wwwroot/cs.wmtao.xyz/public/../application/lang/cn.php
[ info ] [ BEHAVIOR ] Run Closure @action_begin [ RunTime:0.000137s ]
[ info ] [ RUN ] app\admin\controller\Event->index[ /www/wwwroot/cs.wmtao.xyz/application/admin/controller/Event.php ]
[ info ] [ DB ] INIT mysql
[ info ] [ LOG ] INIT File
[ sql ] [ DB ] CONNECT:[ UseTime:0.000729s ] mysql:host=127.0.0.1;dbname=cs_wmtao_xyz;charset=utf8
[ sql ] [ SQL ] SHOW COLUMNS FROM `wolive_service` [ RunTime:0.001067s ]
[ sql ] [ SQL ] UPDATE `wolive_service`  SET `state`='online'  WHERE  `service_id` = 24 [ RunTime:0.000339s ]
---------------------------------------------------------------
[ 2024-08-24T23:20:37+08:00 ] 39.105.137.202 POST cs.wmtao.xyz/admin/event
[运行时间：0.028770s] [吞吐率：34.76req/s] [内存消耗：3,342.70kb] [文件加载：64]
[ info ] [ CACHE ] INIT File
[ info ] [ BEHAVIOR ] Run Closure @app_init [ RunTime:0.001202s ]
[ info ] [ LANG ] /www/wwwroot/cs.wmtao.xyz/thinkphp/lang/zh-cn.php
[ info ] [ ROUTE ] array (
  'type' => 'module',
  'module' => 
  array (
    0 => 'admin',
    1 => 'event',
    2 => NULL,
  ),
)
[ info ] [ HEADER ] array (
  'content-length' => '82',
  'content-type' => 'application/json',
  'x-pusher-signature' => '9a38572bae9cb8dae0e3d65dfd3c431f7d1c5254e17e45511af7ce1ed7a3b74c',
  'x-pusher-key' => 'xd5bgugi03uzg9wl',
  'connection' => 'close',
  'host' => 'cs.wmtao.xyz',
)
[ info ] [ PARAM ] array (
  'time_ms' => '1724512837.1564',
  'events' => 
  array (
    0 => 
    array (
      'channel' => 'ud24',
      'name' => 'channel_added',
    ),
  ),
)
[ info ] [ SESSION ] INIT array (
  'id' => '',
  'var_session_id' => '',
  'prefix' => '',
  'type' => '',
  'auto_start' => true,
)
[ info ] [ LANG ] /www/wwwroot/cs.wmtao.xyz/public/../application/lang/cn.php
[ info ] [ BEHAVIOR ] Run Closure @action_begin [ RunTime:0.000195s ]
[ info ] [ RUN ] app\admin\controller\Event->index[ /www/wwwroot/cs.wmtao.xyz/application/admin/controller/Event.php ]
[ info ] [ LOG ] INIT File
---------------------------------------------------------------
[ 2024-08-24T23:21:37+08:00 ] 39.105.137.202 POST cs.wmtao.xyz/admin/event
[运行时间：0.102433s] [吞吐率：9.76req/s] [内存消耗：4,497.95kb] [文件加载：72]
[ info ] [ CACHE ] INIT File
[ info ] [ BEHAVIOR ] Run Closure @app_init [ RunTime:0.001285s ]
[ info ] [ LANG ] /www/wwwroot/cs.wmtao.xyz/thinkphp/lang/zh-cn.php
[ info ] [ ROUTE ] array (
  'type' => 'module',
  'module' => 
  array (
    0 => 'admin',
    1 => 'event',
    2 => NULL,
  ),
)
[ info ] [ HEADER ] array (
  'content-length' => '129',
  'content-type' => 'application/json',
  'x-pusher-signature' => '48bda7bab4da09d3ffcf79a0efcc091f314fa5a20860008c5d450ad22f2cc2e1',
  'x-pusher-key' => 'xd5bgugi03uzg9wl',
  'connection' => 'close',
  'host' => 'cs.wmtao.xyz',
)
[ info ] [ PARAM ] array (
  'time_ms' => '1724512897.1832',
  'events' => 
  array (
    0 => 
    array (
      'channel' => 'kefu24',
      'name' => 'channel_removed',
    ),
    1 => 
    array (
      'channel' => 'ud24',
      'name' => 'channel_removed',
    ),
  ),
)
[ info ] [ SESSION ] INIT array (
  'id' => '',
  'var_session_id' => '',
  'prefix' => '',
  'type' => '',
  'auto_start' => true,
)
[ info ] [ LANG ] /www/wwwroot/cs.wmtao.xyz/public/../application/lang/cn.php
[ info ] [ BEHAVIOR ] Run Closure @action_begin [ RunTime:0.000142s ]
[ info ] [ RUN ] app\admin\controller\Event->index[ /www/wwwroot/cs.wmtao.xyz/application/admin/controller/Event.php ]
[ info ] [ DB ] INIT mysql
[ info ] [ LOG ] INIT File
[ sql ] [ DB ] CONNECT:[ UseTime:0.000669s ] mysql:host=127.0.0.1;dbname=cs_wmtao_xyz;charset=utf8
[ sql ] [ SQL ] SHOW COLUMNS FROM `wolive_service` [ RunTime:0.001054s ]
[ sql ] [ SQL ] UPDATE `wolive_service`  SET `state`='offline'  WHERE  `service_id` = 24 [ RunTime:0.000316s ]
---------------------------------------------------------------
[ 2024-08-24T23:21:46+08:00 ] 39.105.137.202 POST cs.wmtao.xyz/admin/event
[运行时间：0.025949s] [吞吐率：38.54req/s] [内存消耗：3,342.70kb] [文件加载：64]
[ info ] [ CACHE ] INIT File
[ info ] [ BEHAVIOR ] Run Closure @app_init [ RunTime:0.001238s ]
[ info ] [ LANG ] /www/wwwroot/cs.wmtao.xyz/thinkphp/lang/zh-cn.php
[ info ] [ ROUTE ] array (
  'type' => 'module',
  'module' => 
  array (
    0 => 'admin',
    1 => 'event',
    2 => NULL,
  ),
)
[ info ] [ HEADER ] array (
  'content-length' => '82',
  'content-type' => 'application/json',
  'x-pusher-signature' => 'd99da4dd17f44a1c24214f29909bfeb8a1525fbaaf05991a2c5af2f45eeef86f',
  'x-pusher-key' => 'xd5bgugi03uzg9wl',
  'connection' => 'close',
  'host' => 'cs.wmtao.xyz',
)
[ info ] [ PARAM ] array (
  'time_ms' => '1724512906.1865',
  'events' => 
  array (
    0 => 
    array (
      'channel' => 'ud26',
      'name' => 'channel_added',
    ),
  ),
)
[ info ] [ SESSION ] INIT array (
  'id' => '',
  'var_session_id' => '',
  'prefix' => '',
  'type' => '',
  'auto_start' => true,
)
[ info ] [ LANG ] /www/wwwroot/cs.wmtao.xyz/public/../application/lang/cn.php
[ info ] [ BEHAVIOR ] Run Closure @action_begin [ RunTime:0.000147s ]
[ info ] [ RUN ] app\admin\controller\Event->index[ /www/wwwroot/cs.wmtao.xyz/application/admin/controller/Event.php ]
[ info ] [ LOG ] INIT File
---------------------------------------------------------------
[ 2024-08-24T23:21:49+08:00 ] 39.105.137.202 POST cs.wmtao.xyz/admin/event
[运行时间：0.025026s] [吞吐率：39.96req/s] [内存消耗：3,342.70kb] [文件加载：64]
[ info ] [ CACHE ] INIT File
[ info ] [ BEHAVIOR ] Run Closure @app_init [ RunTime:0.001303s ]
[ info ] [ LANG ] /www/wwwroot/cs.wmtao.xyz/thinkphp/lang/zh-cn.php
[ info ] [ ROUTE ] array (
  'type' => 'module',
  'module' => 
  array (
    0 => 'admin',
    1 => 'event',
    2 => NULL,
  ),
)
[ info ] [ HEADER ] array (
  'content-length' => '84',
  'content-type' => 'application/json',
  'x-pusher-signature' => '544222a2e411d879fe0bd27124febe4fddc6ad58c0bed6e57ea1409edf7f98b6',
  'x-pusher-key' => 'xd5bgugi03uzg9wl',
  'connection' => 'close',
  'host' => 'cs.wmtao.xyz',
)
[ info ] [ PARAM ] array (
  'time_ms' => '1724512909.187',
  'events' => 
  array (
    0 => 
    array (
      'channel' => 'ud26',
      'name' => 'channel_removed',
    ),
  ),
)
[ info ] [ SESSION ] INIT array (
  'id' => '',
  'var_session_id' => '',
  'prefix' => '',
  'type' => '',
  'auto_start' => true,
)
[ info ] [ LANG ] /www/wwwroot/cs.wmtao.xyz/public/../application/lang/cn.php
[ info ] [ BEHAVIOR ] Run Closure @action_begin [ RunTime:0.000143s ]
[ info ] [ RUN ] app\admin\controller\Event->index[ /www/wwwroot/cs.wmtao.xyz/application/admin/controller/Event.php ]
[ info ] [ LOG ] INIT File
---------------------------------------------------------------
[ 2024-08-24T23:22:04+08:00 ] 39.105.137.202 POST cs.wmtao.xyz/admin/event
[运行时间：0.075603s] [吞吐率：13.23req/s] [内存消耗：4,496.96kb] [文件加载：72]
[ info ] [ CACHE ] INIT File
[ info ] [ BEHAVIOR ] Run Closure @app_init [ RunTime:0.001219s ]
[ info ] [ LANG ] /www/wwwroot/cs.wmtao.xyz/thinkphp/lang/zh-cn.php
[ info ] [ ROUTE ] array (
  'type' => 'module',
  'module' => 
  array (
    0 => 'admin',
    1 => 'event',
    2 => NULL,
  ),
)
[ info ] [ HEADER ] array (
  'content-length' => '86',
  'content-type' => 'application/json',
  'x-pusher-signature' => '8ffa241e1f6a89e0918942b13c3e5919539fa4b3c1b10e8d0060e75010d97a4a',
  'x-pusher-key' => 'xd5bgugi03uzg9wl',
  'connection' => 'close',
  'host' => 'cs.wmtao.xyz',
)
[ info ] [ PARAM ] array (
  'time_ms' => '1724512924.1911',
  'events' => 
  array (
    0 => 
    array (
      'channel' => 'kefu26',
      'name' => 'channel_removed',
    ),
  ),
)
[ info ] [ SESSION ] INIT array (
  'id' => '',
  'var_session_id' => '',
  'prefix' => '',
  'type' => '',
  'auto_start' => true,
)
[ info ] [ LANG ] /www/wwwroot/cs.wmtao.xyz/public/../application/lang/cn.php
[ info ] [ BEHAVIOR ] Run Closure @action_begin [ RunTime:0.000167s ]
[ info ] [ RUN ] app\admin\controller\Event->index[ /www/wwwroot/cs.wmtao.xyz/application/admin/controller/Event.php ]
[ info ] [ DB ] INIT mysql
[ info ] [ LOG ] INIT File
[ sql ] [ DB ] CONNECT:[ UseTime:0.000675s ] mysql:host=127.0.0.1;dbname=cs_wmtao_xyz;charset=utf8
[ sql ] [ SQL ] SHOW COLUMNS FROM `wolive_service` [ RunTime:0.001060s ]
[ sql ] [ SQL ] UPDATE `wolive_service`  SET `state`='offline'  WHERE  `service_id` = 26 [ RunTime:0.000299s ]
---------------------------------------------------------------
[ 2024-08-24T23:23:52+08:00 ] 39.105.137.202 POST cs.wmtao.xyz/admin/event
[运行时间：0.084579s] [吞吐率：11.82req/s] [内存消耗：4,505.34kb] [文件加载：72]
[ info ] [ CACHE ] INIT File
[ info ] [ BEHAVIOR ] Run Closure @app_init [ RunTime:0.001301s ]
[ info ] [ LANG ] /www/wwwroot/cs.wmtao.xyz/thinkphp/lang/zh-cn.php
[ info ] [ ROUTE ] array (
  'type' => 'module',
  'module' => 
  array (
    0 => 'admin',
    1 => 'event',
    2 => NULL,
  ),
)
[ info ] [ HEADER ] array (
  'content-length' => '136',
  'content-type' => 'application/json',
  'x-pusher-signature' => '1c1341fe89dcc828cebd1d0181987766a9e0f13e5fd0eb18755b25708149e770',
  'x-pusher-key' => 'xd5bgugi03uzg9wl',
  'connection' => 'close',
  'host' => 'cs.wmtao.xyz',
)
[ info ] [ PARAM ] array (
  'time_ms' => '1724513032.2324',
  'events' => 
  array (
    0 => 
    array (
      'channel' => 'cu3131383031382f31',
      'name' => 'channel_added',
    ),
    1 => 
    array (
      'channel' => 'se1',
      'name' => 'channel_added',
    ),
  ),
)
[ info ] [ SESSION ] INIT array (
  'id' => '',
  'var_session_id' => '',
  'prefix' => '',
  'type' => '',
  'auto_start' => true,
)
[ info ] [ LANG ] /www/wwwroot/cs.wmtao.xyz/public/../application/lang/cn.php
[ info ] [ BEHAVIOR ] Run Closure @action_begin [ RunTime:0.000158s ]
[ info ] [ RUN ] app\admin\controller\Event->index[ /www/wwwroot/cs.wmtao.xyz/application/admin/controller/Event.php ]
[ info ] [ DB ] INIT mysql
[ info ] [ LOG ] INIT File
[ sql ] [ DB ] CONNECT:[ UseTime:0.001274s ] mysql:host=127.0.0.1;dbname=cs_wmtao_xyz;charset=utf8
[ sql ] [ SQL ] SHOW COLUMNS FROM `wolive_queue` [ RunTime:0.001272s ]
[ sql ] [ SQL ] SELECT * FROM `wolive_queue` WHERE  `visiter_id` = '118018'  AND `business_id` = 1 LIMIT 1 [ RunTime:0.000474s ]
[ sql ] [ SQL ] SHOW COLUMNS FROM `wolive_visiter` [ RunTime:0.001132s ]
[ sql ] [ SQL ] UPDATE `wolive_visiter`  SET `state`='online'  WHERE  `channel` = '3131383031382f31' [ RunTime:0.000601s ]
---------------------------------------------------------------
[ 2024-08-24T23:24:59+08:00 ] 39.105.137.202 POST cs.wmtao.xyz/admin/event
[运行时间：0.075044s] [吞吐率：13.33req/s] [内存消耗：4,499.68kb] [文件加载：72]
[ info ] [ CACHE ] INIT File
[ info ] [ BEHAVIOR ] Run Closure @app_init [ RunTime:0.001230s ]
[ info ] [ LANG ] /www/wwwroot/cs.wmtao.xyz/thinkphp/lang/zh-cn.php
[ info ] [ ROUTE ] array (
  'type' => 'module',
  'module' => 
  array (
    0 => 'admin',
    1 => 'event',
    2 => NULL,
  ),
)
[ info ] [ HEADER ] array (
  'content-length' => '230',
  'content-type' => 'application/json',
  'x-pusher-signature' => '7f5e3cedca89913fa463958480f70bcdd84e1ed4b541ac9ba4522522fa7dc0b2',
  'x-pusher-key' => 'xd5bgugi03uzg9wl',
  'connection' => 'close',
  'host' => 'cs.wmtao.xyz',
)
[ info ] [ PARAM ] array (
  'time_ms' => '1724513083.2538',
  'events' => 
  array (
    0 => 
    array (
      'channel' => 'ud10',
      'name' => 'channel_removed',
    ),
    1 => 
    array (
      'channel' => 'all1',
      'name' => 'channel_removed',
    ),
    2 => 
    array (
      'channel' => 'kefu10',
      'name' => 'channel_removed',
    ),
    3 => 
    array (
      'channel' => 'read_client_msg10',
      'name' => 'channel_removed',
    ),
  ),
)
[ info ] [ SESSION ] INIT array (
  'id' => '',
  'var_session_id' => '',
  'prefix' => '',
  'type' => '',
  'auto_start' => true,
)
[ info ] [ LANG ] /www/wwwroot/cs.wmtao.xyz/public/../application/lang/cn.php
[ info ] [ BEHAVIOR ] Run Closure @action_begin [ RunTime:0.000144s ]
[ info ] [ RUN ] app\admin\controller\Event->index[ /www/wwwroot/cs.wmtao.xyz/application/admin/controller/Event.php ]
[ info ] [ DB ] INIT mysql
[ info ] [ LOG ] INIT File
[ sql ] [ DB ] CONNECT:[ UseTime:0.000619s ] mysql:host=127.0.0.1;dbname=cs_wmtao_xyz;charset=utf8
[ sql ] [ SQL ] SHOW COLUMNS FROM `wolive_service` [ RunTime:0.001016s ]
[ sql ] [ SQL ] UPDATE `wolive_service`  SET `state`='offline'  WHERE  `service_id` = 10 [ RunTime:0.000319s ]
---------------------------------------------------------------
[ 2024-08-24T23:25:52+08:00 ] 39.105.137.202 POST cs.wmtao.xyz/admin/event
[运行时间：0.260956s] [吞吐率：3.83req/s] [内存消耗：4,506.90kb] [文件加载：72]
[ info ] [ CACHE ] INIT File
[ info ] [ BEHAVIOR ] Run Closure @app_init [ RunTime:0.001290s ]
[ info ] [ LANG ] /www/wwwroot/cs.wmtao.xyz/thinkphp/lang/zh-cn.php
[ info ] [ ROUTE ] array (
  'type' => 'module',
  'module' => 
  array (
    0 => 'admin',
    1 => 'event',
    2 => NULL,
  ),
)
[ info ] [ HEADER ] array (
  'content-length' => '141',
  'content-type' => 'application/json',
  'x-pusher-signature' => '8b5c6507e17ac4537e7f8b9608b5b1d51a3fc3f3926936bc4df84d180eee9cc4',
  'x-pusher-key' => 'xd5bgugi03uzg9wl',
  'connection' => 'close',
  'host' => 'cs.wmtao.xyz',
)
[ info ] [ PARAM ] array (
  'time_ms' => '1724513152.2874',
  'events' => 
  array (
    0 => 
    array (
      'channel' => 'cu3131383031382f31',
      'name' => 'channel_removed',
    ),
    1 => 
    array (
      'channel' => 'se1',
      'name' => 'channel_removed',
    ),
  ),
)
[ info ] [ SESSION ] INIT array (
  'id' => '',
  'var_session_id' => '',
  'prefix' => '',
  'type' => '',
  'auto_start' => true,
)
[ info ] [ LANG ] /www/wwwroot/cs.wmtao.xyz/public/../application/lang/cn.php
[ info ] [ BEHAVIOR ] Run Closure @action_begin [ RunTime:0.000129s ]
[ info ] [ RUN ] app\admin\controller\Event->index[ /www/wwwroot/cs.wmtao.xyz/application/admin/controller/Event.php ]
[ info ] [ DB ] INIT mysql
[ info ] [ LOG ] INIT File
[ sql ] [ DB ] CONNECT:[ UseTime:0.000711s ] mysql:host=127.0.0.1;dbname=cs_wmtao_xyz;charset=utf8
[ sql ] [ SQL ] SHOW COLUMNS FROM `wolive_queue` [ RunTime:0.001000s ]
[ sql ] [ SQL ] SELECT * FROM `wolive_queue` WHERE  `visiter_id` = '118018'  AND `business_id` = 1 LIMIT 1 [ RunTime:0.000338s ]
[ sql ] [ SQL ] UPDATE `wolive_queue`  SET `remind_tpl`=0,`remind_comment`=0  WHERE  `visiter_id` = '118018'  AND `business_id` = 1 [ RunTime:0.000253s ]
[ sql ] [ SQL ] SHOW COLUMNS FROM `wolive_visiter` [ RunTime:0.001183s ]
[ sql ] [ SQL ] UPDATE `wolive_visiter`  SET `state`='offline'  WHERE  `channel` = '3131383031382f31' [ RunTime:0.000493s ]
---------------------------------------------------------------
[ 2024-08-24T23:25:58+08:00 ] 39.105.137.202 POST cs.wmtao.xyz/admin/event
[运行时间：0.052392s] [吞吐率：19.09req/s] [内存消耗：4,506.90kb] [文件加载：72]
[ info ] [ CACHE ] INIT File
[ info ] [ BEHAVIOR ] Run Closure @app_init [ RunTime:0.001234s ]
[ info ] [ LANG ] /www/wwwroot/cs.wmtao.xyz/thinkphp/lang/zh-cn.php
[ info ] [ ROUTE ] array (
  'type' => 'module',
  'module' => 
  array (
    0 => 'admin',
    1 => 'event',
    2 => NULL,
  ),
)
[ info ] [ HEADER ] array (
  'content-length' => '141',
  'content-type' => 'application/json',
  'x-pusher-signature' => '295afdb247b270baa5b04f07c1bd2cb9910738cd26f8e0c4bc3fa4637b1da348',
  'x-pusher-key' => 'xd5bgugi03uzg9wl',
  'connection' => 'close',
  'host' => 'cs.wmtao.xyz',
)
[ info ] [ PARAM ] array (
  'time_ms' => '1724513158.2914',
  'events' => 
  array (
    0 => 
    array (
      'channel' => 'cu3131373534352f31',
      'name' => 'channel_removed',
    ),
    1 => 
    array (
      'channel' => 'se31',
      'name' => 'channel_removed',
    ),
  ),
)
[ info ] [ SESSION ] INIT array (
  'id' => '',
  'var_session_id' => '',
  'prefix' => '',
  'type' => '',
  'auto_start' => true,
)
[ info ] [ LANG ] /www/wwwroot/cs.wmtao.xyz/public/../application/lang/cn.php
[ info ] [ BEHAVIOR ] Run Closure @action_begin [ RunTime:0.000162s ]
[ info ] [ RUN ] app\admin\controller\Event->index[ /www/wwwroot/cs.wmtao.xyz/application/admin/controller/Event.php ]
[ info ] [ DB ] INIT mysql
[ info ] [ LOG ] INIT File
[ sql ] [ DB ] CONNECT:[ UseTime:0.000682s ] mysql:host=127.0.0.1;dbname=cs_wmtao_xyz;charset=utf8
[ sql ] [ SQL ] SHOW COLUMNS FROM `wolive_queue` [ RunTime:0.001175s ]
[ sql ] [ SQL ] SELECT * FROM `wolive_queue` WHERE  `visiter_id` = '117545'  AND `business_id` = 1 LIMIT 1 [ RunTime:0.000321s ]
[ sql ] [ SQL ] UPDATE `wolive_queue`  SET `remind_tpl`=0,`remind_comment`=0  WHERE  `visiter_id` = '117545'  AND `business_id` = 1 [ RunTime:0.000238s ]
[ sql ] [ SQL ] SHOW COLUMNS FROM `wolive_visiter` [ RunTime:0.001132s ]
[ sql ] [ SQL ] UPDATE `wolive_visiter`  SET `state`='offline'  WHERE  `channel` = '3131373534352f31' [ RunTime:0.000460s ]
---------------------------------------------------------------
[ 2024-08-24T23:27:55+08:00 ] 39.105.137.202 POST cs.wmtao.xyz/admin/event
[运行时间：0.044194s] [吞吐率：22.63req/s] [内存消耗：4,509.13kb] [文件加载：72]
[ info ] [ CACHE ] INIT File
[ info ] [ BEHAVIOR ] Run Closure @app_init [ RunTime:0.001324s ]
[ info ] [ LANG ] /www/wwwroot/cs.wmtao.xyz/thinkphp/lang/zh-cn.php
[ info ] [ ROUTE ] array (
  'type' => 'module',
  'module' => 
  array (
    0 => 'admin',
    1 => 'event',
    2 => NULL,
  ),
)
[ info ] [ HEADER ] array (
  'content-length' => '193',
  'content-type' => 'application/json',
  'x-pusher-signature' => '878e4032012d8ce37893cacbe51f21690b94d68285eb47e041cda44ee205e148',
  'x-pusher-key' => 'xd5bgugi03uzg9wl',
  'connection' => 'close',
  'host' => 'cs.wmtao.xyz',
)
[ info ] [ PARAM ] array (
  'time_ms' => '1724513275.3613',
  'events' => 
  array (
    0 => 
    array (
      'channel' => 'cu3131373836342f31',
      'name' => 'channel_added',
    ),
    1 => 
    array (
      'channel' => 'se1',
      'name' => 'channel_added',
    ),
    2 => 
    array (
      'channel' => 'cu3131363731352f31',
      'name' => 'channel_added',
    ),
  ),
)
[ info ] [ SESSION ] INIT array (
  'id' => '',
  'var_session_id' => '',
  'prefix' => '',
  'type' => '',
  'auto_start' => true,
)
[ info ] [ LANG ] /www/wwwroot/cs.wmtao.xyz/public/../application/lang/cn.php
[ info ] [ BEHAVIOR ] Run Closure @action_begin [ RunTime:0.000138s ]
[ info ] [ RUN ] app\admin\controller\Event->index[ /www/wwwroot/cs.wmtao.xyz/application/admin/controller/Event.php ]
[ info ] [ DB ] INIT mysql
[ info ] [ LOG ] INIT File
[ sql ] [ DB ] CONNECT:[ UseTime:0.000701s ] mysql:host=127.0.0.1;dbname=cs_wmtao_xyz;charset=utf8
[ sql ] [ SQL ] SHOW COLUMNS FROM `wolive_queue` [ RunTime:0.001195s ]
[ sql ] [ SQL ] SELECT * FROM `wolive_queue` WHERE  `visiter_id` = '117864'  AND `business_id` = 1 LIMIT 1 [ RunTime:0.000437s ]
[ sql ] [ SQL ] SHOW COLUMNS FROM `wolive_visiter` [ RunTime:0.001046s ]
[ sql ] [ SQL ] UPDATE `wolive_visiter`  SET `state`='online'  WHERE  `channel` = '3131373836342f31' [ RunTime:0.000516s ]
[ sql ] [ SQL ] SELECT * FROM `wolive_queue` WHERE  `visiter_id` = '116715'  AND `business_id` = 1 LIMIT 1 [ RunTime:0.000258s ]
[ sql ] [ SQL ] UPDATE `wolive_visiter`  SET `state`='online'  WHERE  `channel` = '3131363731352f31' [ RunTime:0.000455s ]
---------------------------------------------------------------
[ 2024-08-24T23:28:01+08:00 ] 39.105.137.202 POST cs.wmtao.xyz/admin/event
[运行时间：0.039869s] [吞吐率：25.08req/s] [内存消耗：4,505.90kb] [文件加载：72]
[ info ] [ CACHE ] INIT File
[ info ] [ BEHAVIOR ] Run Closure @app_init [ RunTime:0.001234s ]
[ info ] [ LANG ] /www/wwwroot/cs.wmtao.xyz/thinkphp/lang/zh-cn.php
[ info ] [ ROUTE ] array (
  'type' => 'module',
  'module' => 
  array (
    0 => 'admin',
    1 => 'event',
    2 => NULL,
  ),
)
[ info ] [ HEADER ] array (
  'content-length' => '98',
  'content-type' => 'application/json',
  'x-pusher-signature' => 'dfda7467219ef358f8ec7c53310abd2aea2cd3b5a570226a17170ac5705b4d28',
  'x-pusher-key' => 'xd5bgugi03uzg9wl',
  'connection' => 'close',
  'host' => 'cs.wmtao.xyz',
)
[ info ] [ PARAM ] array (
  'time_ms' => '1724513281.3643',
  'events' => 
  array (
    0 => 
    array (
      'channel' => 'cu3131363731352f31',
      'name' => 'channel_removed',
    ),
  ),
)
[ info ] [ SESSION ] INIT array (
  'id' => '',
  'var_session_id' => '',
  'prefix' => '',
  'type' => '',
  'auto_start' => true,
)
[ info ] [ LANG ] /www/wwwroot/cs.wmtao.xyz/public/../application/lang/cn.php
[ info ] [ BEHAVIOR ] Run Closure @action_begin [ RunTime:0.000145s ]
[ info ] [ RUN ] app\admin\controller\Event->index[ /www/wwwroot/cs.wmtao.xyz/application/admin/controller/Event.php ]
[ info ] [ DB ] INIT mysql
[ info ] [ LOG ] INIT File
[ sql ] [ DB ] CONNECT:[ UseTime:0.000562s ] mysql:host=127.0.0.1;dbname=cs_wmtao_xyz;charset=utf8
[ sql ] [ SQL ] SHOW COLUMNS FROM `wolive_queue` [ RunTime:0.000992s ]
[ sql ] [ SQL ] SELECT * FROM `wolive_queue` WHERE  `visiter_id` = '116715'  AND `business_id` = 1 LIMIT 1 [ RunTime:0.000356s ]
[ sql ] [ SQL ] UPDATE `wolive_queue`  SET `remind_tpl`=0,`remind_comment`=0  WHERE  `visiter_id` = '116715'  AND `business_id` = 1 [ RunTime:0.000291s ]
[ sql ] [ SQL ] SHOW COLUMNS FROM `wolive_visiter` [ RunTime:0.000943s ]
[ sql ] [ SQL ] UPDATE `wolive_visiter`  SET `state`='offline'  WHERE  `channel` = '3131363731352f31' [ RunTime:0.000422s ]
---------------------------------------------------------------
[ 2024-08-24T23:30:04+08:00 ] 39.105.137.202 POST cs.wmtao.xyz/admin/event
[运行时间：0.046518s] [吞吐率：21.50req/s] [内存消耗：4,510.10kb] [文件加载：72]
[ info ] [ CACHE ] INIT File
[ info ] [ BEHAVIOR ] Run Closure @app_init [ RunTime:0.001306s ]
[ info ] [ LANG ] /www/wwwroot/cs.wmtao.xyz/thinkphp/lang/zh-cn.php
[ info ] [ ROUTE ] array (
  'type' => 'module',
  'module' => 
  array (
    0 => 'admin',
    1 => 'event',
    2 => NULL,
  ),
)
[ info ] [ HEADER ] array (
  'content-length' => '235',
  'content-type' => 'application/json',
  'x-pusher-signature' => '45fd589b17500c49ce00b39096e6046fd590c0472d306b2269935d69d983d0a4',
  'x-pusher-key' => 'xd5bgugi03uzg9wl',
  'connection' => 'close',
  'host' => 'cs.wmtao.xyz',
)
[ info ] [ PARAM ] array (
  'time_ms' => '1724513404.4056',
  'events' => 
  array (
    0 => 
    array (
      'channel' => 'cu3131373836342f31',
      'name' => 'channel_added',
    ),
    1 => 
    array (
      'channel' => 'se1',
      'name' => 'channel_added',
    ),
    2 => 
    array (
      'channel' => 'cu3131363637322f31',
      'name' => 'channel_added',
    ),
    3 => 
    array (
      'channel' => 'se10',
      'name' => 'channel_added',
    ),
  ),
)
[ info ] [ SESSION ] INIT array (
  'id' => '',
  'var_session_id' => '',
  'prefix' => '',
  'type' => '',
  'auto_start' => true,
)
[ info ] [ LANG ] /www/wwwroot/cs.wmtao.xyz/public/../application/lang/cn.php
[ info ] [ BEHAVIOR ] Run Closure @action_begin [ RunTime:0.000151s ]
[ info ] [ RUN ] app\admin\controller\Event->index[ /www/wwwroot/cs.wmtao.xyz/application/admin/controller/Event.php ]
[ info ] [ DB ] INIT mysql
[ info ] [ LOG ] INIT File
[ sql ] [ DB ] CONNECT:[ UseTime:0.001068s ] mysql:host=127.0.0.1;dbname=cs_wmtao_xyz;charset=utf8
[ sql ] [ SQL ] SHOW COLUMNS FROM `wolive_queue` [ RunTime:0.001294s ]
[ sql ] [ SQL ] SELECT * FROM `wolive_queue` WHERE  `visiter_id` = '117864'  AND `business_id` = 1 LIMIT 1 [ RunTime:0.000496s ]
[ sql ] [ SQL ] SHOW COLUMNS FROM `wolive_visiter` [ RunTime:0.000994s ]
[ sql ] [ SQL ] UPDATE `wolive_visiter`  SET `state`='online'  WHERE  `channel` = '3131373836342f31' [ RunTime:0.000554s ]
[ sql ] [ SQL ] SELECT * FROM `wolive_queue` WHERE  `visiter_id` = '116672'  AND `business_id` = 1 LIMIT 1 [ RunTime:0.000273s ]
[ sql ] [ SQL ] UPDATE `wolive_visiter`  SET `state`='online'  WHERE  `channel` = '3131363637322f31' [ RunTime:0.000435s ]
---------------------------------------------------------------
[ 2024-08-24T23:30:08+08:00 ] 39.105.137.202 POST cs.wmtao.xyz/admin/event
[运行时间：1.131207s] [吞吐率：0.88req/s] [内存消耗：4,505.34kb] [文件加载：72]
[ info ] [ CACHE ] INIT File
[ info ] [ BEHAVIOR ] Run Closure @app_init [ RunTime:0.001292s ]
[ info ] [ LANG ] /www/wwwroot/cs.wmtao.xyz/thinkphp/lang/zh-cn.php
[ info ] [ ROUTE ] array (
  'type' => 'module',
  'module' => 
  array (
    0 => 'admin',
    1 => 'event',
    2 => NULL,
  ),
)
[ info ] [ HEADER ] array (
  'content-length' => '137',
  'content-type' => 'application/json',
  'x-pusher-signature' => 'd230ba0ebd9a4a0bdfc5f7b760b95eaaaac964aecade901e050e51a03938f805',
  'x-pusher-key' => 'xd5bgugi03uzg9wl',
  'connection' => 'close',
  'host' => 'cs.wmtao.xyz',
)
[ info ] [ PARAM ] array (
  'time_ms' => '1724513407.4069',
  'events' => 
  array (
    0 => 
    array (
      'channel' => 'cu3131373533362f31',
      'name' => 'channel_added',
    ),
    1 => 
    array (
      'channel' => 'se30',
      'name' => 'channel_added',
    ),
  ),
)
[ info ] [ SESSION ] INIT array (
  'id' => '',
  'var_session_id' => '',
  'prefix' => '',
  'type' => '',
  'auto_start' => true,
)
[ info ] [ LANG ] /www/wwwroot/cs.wmtao.xyz/public/../application/lang/cn.php
[ info ] [ BEHAVIOR ] Run Closure @action_begin [ RunTime:0.000157s ]
[ info ] [ RUN ] app\admin\controller\Event->index[ /www/wwwroot/cs.wmtao.xyz/application/admin/controller/Event.php ]
[ info ] [ DB ] INIT mysql
[ info ] [ LOG ] INIT File
[ sql ] [ DB ] CONNECT:[ UseTime:0.000566s ] mysql:host=127.0.0.1;dbname=cs_wmtao_xyz;charset=utf8
[ sql ] [ SQL ] SHOW COLUMNS FROM `wolive_queue` [ RunTime:0.001007s ]
[ sql ] [ SQL ] SELECT * FROM `wolive_queue` WHERE  `visiter_id` = '117536'  AND `business_id` = 1 LIMIT 1 [ RunTime:0.000385s ]
[ sql ] [ SQL ] SHOW COLUMNS FROM `wolive_visiter` [ RunTime:0.001351s ]
[ sql ] [ SQL ] UPDATE `wolive_visiter`  SET `state`='online'  WHERE  `channel` = '3131373533362f31' [ RunTime:0.000613s ]
---------------------------------------------------------------
[ 2024-08-24T23:34:13+08:00 ] 39.105.137.202 POST cs.wmtao.xyz/admin/event
[运行时间：0.118800s] [吞吐率：8.42req/s] [内存消耗：4,506.90kb] [文件加载：72]
[ info ] [ CACHE ] INIT File
[ info ] [ BEHAVIOR ] Run Closure @app_init [ RunTime:0.001324s ]
[ info ] [ LANG ] /www/wwwroot/cs.wmtao.xyz/thinkphp/lang/zh-cn.php
[ info ] [ ROUTE ] array (
  'type' => 'module',
  'module' => 
  array (
    0 => 'admin',
    1 => 'event',
    2 => NULL,
  ),
)
[ info ] [ HEADER ] array (
  'content-length' => '141',
  'content-type' => 'application/json',
  'x-pusher-signature' => '8f47bb7c4ea55f17e051bdd8e010ed4058ca2d9df63da53c0e12165df32119f3',
  'x-pusher-key' => 'xd5bgugi03uzg9wl',
  'connection' => 'close',
  'host' => 'cs.wmtao.xyz',
)
[ info ] [ PARAM ] array (
  'time_ms' => '1724513653.5473',
  'events' => 
  array (
    0 => 
    array (
      'channel' => 'cu3131373836342f31',
      'name' => 'channel_removed',
    ),
    1 => 
    array (
      'channel' => 'se1',
      'name' => 'channel_removed',
    ),
  ),
)
[ info ] [ SESSION ] INIT array (
  'id' => '',
  'var_session_id' => '',
  'prefix' => '',
  'type' => '',
  'auto_start' => true,
)
[ info ] [ LANG ] /www/wwwroot/cs.wmtao.xyz/public/../application/lang/cn.php
[ info ] [ BEHAVIOR ] Run Closure @action_begin [ RunTime:0.000131s ]
[ info ] [ RUN ] app\admin\controller\Event->index[ /www/wwwroot/cs.wmtao.xyz/application/admin/controller/Event.php ]
[ info ] [ DB ] INIT mysql
[ info ] [ LOG ] INIT File
[ sql ] [ DB ] CONNECT:[ UseTime:0.000992s ] mysql:host=127.0.0.1;dbname=cs_wmtao_xyz;charset=utf8
[ sql ] [ SQL ] SHOW COLUMNS FROM `wolive_queue` [ RunTime:0.001293s ]
[ sql ] [ SQL ] SELECT * FROM `wolive_queue` WHERE  `visiter_id` = '117864'  AND `business_id` = 1 LIMIT 1 [ RunTime:0.000526s ]
[ sql ] [ SQL ] UPDATE `wolive_queue`  SET `remind_tpl`=0,`remind_comment`=0  WHERE  `visiter_id` = '117864'  AND `business_id` = 1 [ RunTime:0.000299s ]
[ sql ] [ SQL ] SHOW COLUMNS FROM `wolive_visiter` [ RunTime:0.001121s ]
[ sql ] [ SQL ] UPDATE `wolive_visiter`  SET `state`='offline'  WHERE  `channel` = '3131373836342f31' [ RunTime:0.000496s ]
---------------------------------------------------------------
[ 2024-08-24T23:36:34+08:00 ] 39.105.137.202 POST cs.wmtao.xyz/admin/event
[运行时间：0.080156s] [吞吐率：12.48req/s] [内存消耗：4,496.96kb] [文件加载：72]
[ info ] [ CACHE ] INIT File
[ info ] [ BEHAVIOR ] Run Closure @app_init [ RunTime:0.001307s ]
[ info ] [ LANG ] /www/wwwroot/cs.wmtao.xyz/thinkphp/lang/zh-cn.php
[ info ] [ ROUTE ] array (
  'type' => 'module',
  'module' => 
  array (
    0 => 'admin',
    1 => 'event',
    2 => NULL,
  ),
)
[ info ] [ HEADER ] array (
  'content-length' => '83',
  'content-type' => 'application/json',
  'x-pusher-signature' => 'd1d6567f20c26553a63dc043d1bf4c87bf16c59b4698bbfe7bf6da19fa1989b5',
  'x-pusher-key' => 'xd5bgugi03uzg9wl',
  'connection' => 'close',
  'host' => 'cs.wmtao.xyz',
)
[ info ] [ PARAM ] array (
  'time_ms' => '1724513794.6298',
  'events' => 
  array (
    0 => 
    array (
      'channel' => 'kefu24',
      'name' => 'channel_added',
    ),
  ),
)
[ info ] [ SESSION ] INIT array (
  'id' => '',
  'var_session_id' => '',
  'prefix' => '',
  'type' => '',
  'auto_start' => true,
)
[ info ] [ LANG ] /www/wwwroot/cs.wmtao.xyz/public/../application/lang/cn.php
[ info ] [ BEHAVIOR ] Run Closure @action_begin [ RunTime:0.000160s ]
[ info ] [ RUN ] app\admin\controller\Event->index[ /www/wwwroot/cs.wmtao.xyz/application/admin/controller/Event.php ]
[ info ] [ DB ] INIT mysql
[ info ] [ LOG ] INIT File
[ sql ] [ DB ] CONNECT:[ UseTime:0.000786s ] mysql:host=127.0.0.1;dbname=cs_wmtao_xyz;charset=utf8
[ sql ] [ SQL ] SHOW COLUMNS FROM `wolive_service` [ RunTime:0.001090s ]
[ sql ] [ SQL ] UPDATE `wolive_service`  SET `state`='online'  WHERE  `service_id` = 24 [ RunTime:0.000339s ]
---------------------------------------------------------------
[ 2024-08-24T23:36:49+08:00 ] 39.105.137.202 POST cs.wmtao.xyz/admin/event
[运行时间：0.025775s] [吞吐率：38.80req/s] [内存消耗：3,343.68kb] [文件加载：64]
[ info ] [ CACHE ] INIT File
[ info ] [ BEHAVIOR ] Run Closure @app_init [ RunTime:0.001314s ]
[ info ] [ LANG ] /www/wwwroot/cs.wmtao.xyz/thinkphp/lang/zh-cn.php
[ info ] [ ROUTE ] array (
  'type' => 'module',
  'module' => 
  array (
    0 => 'admin',
    1 => 'event',
    2 => NULL,
  ),
)
[ info ] [ HEADER ] array (
  'content-length' => '124',
  'content-type' => 'application/json',
  'x-pusher-signature' => '6ab930b278c8accb5c3f15c77bd10a35c699edb2c23da5febcafca4f91febe32',
  'x-pusher-key' => 'xd5bgugi03uzg9wl',
  'connection' => 'close',
  'host' => 'cs.wmtao.xyz',
)
[ info ] [ PARAM ] array (
  'time_ms' => '1724513809.6376',
  'events' => 
  array (
    0 => 
    array (
      'channel' => 'ud24',
      'name' => 'channel_added',
    ),
    1 => 
    array (
      'channel' => 'all1',
      'name' => 'channel_added',
    ),
  ),
)
[ info ] [ SESSION ] INIT array (
  'id' => '',
  'var_session_id' => '',
  'prefix' => '',
  'type' => '',
  'auto_start' => true,
)
[ info ] [ LANG ] /www/wwwroot/cs.wmtao.xyz/public/../application/lang/cn.php
[ info ] [ BEHAVIOR ] Run Closure @action_begin [ RunTime:0.000131s ]
[ info ] [ RUN ] app\admin\controller\Event->index[ /www/wwwroot/cs.wmtao.xyz/application/admin/controller/Event.php ]
[ info ] [ LOG ] INIT File
---------------------------------------------------------------
[ 2024-08-24T23:37:49+08:00 ] 39.105.137.202 POST cs.wmtao.xyz/admin/event
[运行时间：0.082848s] [吞吐率：12.07req/s] [内存消耗：4,498.70kb] [文件加载：72]
[ info ] [ CACHE ] INIT File
[ info ] [ BEHAVIOR ] Run Closure @app_init [ RunTime:0.001396s ]
[ info ] [ LANG ] /www/wwwroot/cs.wmtao.xyz/thinkphp/lang/zh-cn.php
[ info ] [ ROUTE ] array (
  'type' => 'module',
  'module' => 
  array (
    0 => 'admin',
    1 => 'event',
    2 => NULL,
  ),
)
[ info ] [ HEADER ] array (
  'content-length' => '174',
  'content-type' => 'application/json',
  'x-pusher-signature' => '8c3181ea52dc3fb43036e491de08def73ae6469f27a5d766a0ff99cff23112bf',
  'x-pusher-key' => 'xd5bgugi03uzg9wl',
  'connection' => 'close',
  'host' => 'cs.wmtao.xyz',
)
[ info ] [ PARAM ] array (
  'time_ms' => '1724513869.665',
  'events' => 
  array (
    0 => 
    array (
      'channel' => 'kefu24',
      'name' => 'channel_removed',
    ),
    1 => 
    array (
      'channel' => 'ud24',
      'name' => 'channel_removed',
    ),
    2 => 
    array (
      'channel' => 'all1',
      'name' => 'channel_removed',
    ),
  ),
)
[ info ] [ SESSION ] INIT array (
  'id' => '',
  'var_session_id' => '',
  'prefix' => '',
  'type' => '',
  'auto_start' => true,
)
[ info ] [ LANG ] /www/wwwroot/cs.wmtao.xyz/public/../application/lang/cn.php
[ info ] [ BEHAVIOR ] Run Closure @action_begin [ RunTime:0.000157s ]
[ info ] [ RUN ] app\admin\controller\Event->index[ /www/wwwroot/cs.wmtao.xyz/application/admin/controller/Event.php ]
[ info ] [ DB ] INIT mysql
[ info ] [ LOG ] INIT File
[ sql ] [ DB ] CONNECT:[ UseTime:0.001177s ] mysql:host=127.0.0.1;dbname=cs_wmtao_xyz;charset=utf8
[ sql ] [ SQL ] SHOW COLUMNS FROM `wolive_service` [ RunTime:0.001287s ]
[ sql ] [ SQL ] UPDATE `wolive_service`  SET `state`='offline'  WHERE  `service_id` = 24 [ RunTime:0.000481s ]
---------------------------------------------------------------
[ 2024-08-24T23:40:04+08:00 ] 39.105.137.202 POST cs.wmtao.xyz/admin/event
[运行时间：0.080175s] [吞吐率：12.47req/s] [内存消耗：4,510.10kb] [文件加载：72]
[ info ] [ CACHE ] INIT File
[ info ] [ BEHAVIOR ] Run Closure @app_init [ RunTime:0.001522s ]
[ info ] [ LANG ] /www/wwwroot/cs.wmtao.xyz/thinkphp/lang/zh-cn.php
[ info ] [ ROUTE ] array (
  'type' => 'module',
  'module' => 
  array (
    0 => 'admin',
    1 => 'event',
    2 => NULL,
  ),
)
[ info ] [ HEADER ] array (
  'content-length' => '236',
  'content-type' => 'application/json',
  'x-pusher-signature' => '5ac2d270cb28350f7af7ec60bfef5a54c496fa1b06300b2ab9706f38c74adc6e',
  'x-pusher-key' => 'xd5bgugi03uzg9wl',
  'connection' => 'close',
  'host' => 'cs.wmtao.xyz',
)
[ info ] [ PARAM ] array (
  'time_ms' => '1724514004.6681',
  'events' => 
  array (
    0 => 
    array (
      'channel' => 'cu3131363637322f31',
      'name' => 'channel_added',
    ),
    1 => 
    array (
      'channel' => 'se10',
      'name' => 'channel_added',
    ),
    2 => 
    array (
      'channel' => 'cu3131373533362f31',
      'name' => 'channel_added',
    ),
    3 => 
    array (
      'channel' => 'se30',
      'name' => 'channel_added',
    ),
  ),
)
[ info ] [ SESSION ] INIT array (
  'id' => '',
  'var_session_id' => '',
  'prefix' => '',
  'type' => '',
  'auto_start' => true,
)
[ info ] [ LANG ] /www/wwwroot/cs.wmtao.xyz/public/../application/lang/cn.php
[ info ] [ BEHAVIOR ] Run Closure @action_begin [ RunTime:0.000139s ]
[ info ] [ RUN ] app\admin\controller\Event->index[ /www/wwwroot/cs.wmtao.xyz/application/admin/controller/Event.php ]
[ info ] [ DB ] INIT mysql
[ info ] [ LOG ] INIT File
[ sql ] [ DB ] CONNECT:[ UseTime:0.000560s ] mysql:host=127.0.0.1;dbname=cs_wmtao_xyz;charset=utf8
[ sql ] [ SQL ] SHOW COLUMNS FROM `wolive_queue` [ RunTime:0.001012s ]
[ sql ] [ SQL ] SELECT * FROM `wolive_queue` WHERE  `visiter_id` = '116672'  AND `business_id` = 1 LIMIT 1 [ RunTime:0.000378s ]
[ sql ] [ SQL ] SHOW COLUMNS FROM `wolive_visiter` [ RunTime:0.001187s ]
[ sql ] [ SQL ] UPDATE `wolive_visiter`  SET `state`='online'  WHERE  `channel` = '3131363637322f31' [ RunTime:0.000499s ]
[ sql ] [ SQL ] SELECT * FROM `wolive_queue` WHERE  `visiter_id` = '117536'  AND `business_id` = 1 LIMIT 1 [ RunTime:0.000304s ]
[ sql ] [ SQL ] UPDATE `wolive_visiter`  SET `state`='online'  WHERE  `channel` = '3131373533362f31' [ RunTime:0.000425s ]
---------------------------------------------------------------
[ 2024-08-24T23:50:04+08:00 ] 39.105.137.202 POST cs.wmtao.xyz/admin/event
[运行时间：0.093000s] [吞吐率：10.75req/s] [内存消耗：4,510.10kb] [文件加载：72]
[ info ] [ CACHE ] INIT File
[ info ] [ BEHAVIOR ] Run Closure @app_init [ RunTime:0.001327s ]
[ info ] [ LANG ] /www/wwwroot/cs.wmtao.xyz/thinkphp/lang/zh-cn.php
[ info ] [ ROUTE ] array (
  'type' => 'module',
  'module' => 
  array (
    0 => 'admin',
    1 => 'event',
    2 => NULL,
  ),
)
[ info ] [ HEADER ] array (
  'content-length' => '236',
  'content-type' => 'application/json',
  'x-pusher-signature' => '470e3f7f37a3bb6315653743e150a248872a969be6a1ac9d15b34c515f40095a',
  'x-pusher-key' => 'xd5bgugi03uzg9wl',
  'connection' => 'close',
  'host' => 'cs.wmtao.xyz',
)
[ info ] [ PARAM ] array (
  'time_ms' => '1724514604.5194',
  'events' => 
  array (
    0 => 
    array (
      'channel' => 'cu3131363637322f31',
      'name' => 'channel_added',
    ),
    1 => 
    array (
      'channel' => 'se10',
      'name' => 'channel_added',
    ),
    2 => 
    array (
      'channel' => 'cu3131373533362f31',
      'name' => 'channel_added',
    ),
    3 => 
    array (
      'channel' => 'se30',
      'name' => 'channel_added',
    ),
  ),
)
[ info ] [ SESSION ] INIT array (
  'id' => '',
  'var_session_id' => '',
  'prefix' => '',
  'type' => '',
  'auto_start' => true,
)
[ info ] [ LANG ] /www/wwwroot/cs.wmtao.xyz/public/../application/lang/cn.php
[ info ] [ BEHAVIOR ] Run Closure @action_begin [ RunTime:0.000142s ]
[ info ] [ RUN ] app\admin\controller\Event->index[ /www/wwwroot/cs.wmtao.xyz/application/admin/controller/Event.php ]
[ info ] [ DB ] INIT mysql
[ info ] [ LOG ] INIT File
[ sql ] [ DB ] CONNECT:[ UseTime:0.001017s ] mysql:host=127.0.0.1;dbname=cs_wmtao_xyz;charset=utf8
[ sql ] [ SQL ] SHOW COLUMNS FROM `wolive_queue` [ RunTime:0.001104s ]
[ sql ] [ SQL ] SELECT * FROM `wolive_queue` WHERE  `visiter_id` = '116672'  AND `business_id` = 1 LIMIT 1 [ RunTime:0.000430s ]
[ sql ] [ SQL ] SHOW COLUMNS FROM `wolive_visiter` [ RunTime:0.001197s ]
[ sql ] [ SQL ] UPDATE `wolive_visiter`  SET `state`='online'  WHERE  `channel` = '3131363637322f31' [ RunTime:0.000552s ]
[ sql ] [ SQL ] SELECT * FROM `wolive_queue` WHERE  `visiter_id` = '117536'  AND `business_id` = 1 LIMIT 1 [ RunTime:0.000269s ]
[ sql ] [ SQL ] UPDATE `wolive_visiter`  SET `state`='online'  WHERE  `channel` = '3131373533362f31' [ RunTime:0.000411s ]
---------------------------------------------------------------
[ 2024-08-24T23:53:01+08:00 ] 39.105.137.202 POST cs.wmtao.xyz/admin/event
[运行时间：0.029717s] [吞吐率：33.65req/s] [内存消耗：3,343.68kb] [文件加载：64]
[ info ] [ CACHE ] INIT File
[ info ] [ BEHAVIOR ] Run Closure @app_init [ RunTime:0.001364s ]
[ info ] [ LANG ] /www/wwwroot/cs.wmtao.xyz/thinkphp/lang/zh-cn.php
[ info ] [ ROUTE ] array (
  'type' => 'module',
  'module' => 
  array (
    0 => 'admin',
    1 => 'event',
    2 => NULL,
  ),
)
[ info ] [ HEADER ] array (
  'content-length' => '124',
  'content-type' => 'application/json',
  'x-pusher-signature' => '10108ac731b1b67acb638fb7175c3f1d4f81a0a09924ce2c94eb86426ae999ac',
  'x-pusher-key' => 'xd5bgugi03uzg9wl',
  'connection' => 'close',
  'host' => 'cs.wmtao.xyz',
)
[ info ] [ PARAM ] array (
  'time_ms' => '1724514781.6193',
  'events' => 
  array (
    0 => 
    array (
      'channel' => 'ud24',
      'name' => 'channel_added',
    ),
    1 => 
    array (
      'channel' => 'all1',
      'name' => 'channel_added',
    ),
  ),
)
[ info ] [ SESSION ] INIT array (
  'id' => '',
  'var_session_id' => '',
  'prefix' => '',
  'type' => '',
  'auto_start' => true,
)
[ info ] [ LANG ] /www/wwwroot/cs.wmtao.xyz/public/../application/lang/cn.php
[ info ] [ BEHAVIOR ] Run Closure @action_begin [ RunTime:0.000152s ]
[ info ] [ RUN ] app\admin\controller\Event->index[ /www/wwwroot/cs.wmtao.xyz/application/admin/controller/Event.php ]
[ info ] [ LOG ] INIT File
---------------------------------------------------------------
[ 2024-08-24T23:53:04+08:00 ] 39.105.137.202 POST cs.wmtao.xyz/admin/event
[运行时间：0.076267s] [吞吐率：13.11req/s] [内存消耗：4,496.96kb] [文件加载：72]
[ info ] [ CACHE ] INIT File
[ info ] [ BEHAVIOR ] Run Closure @app_init [ RunTime:0.001193s ]
[ info ] [ LANG ] /www/wwwroot/cs.wmtao.xyz/thinkphp/lang/zh-cn.php
[ info ] [ ROUTE ] array (
  'type' => 'module',
  'module' => 
  array (
    0 => 'admin',
    1 => 'event',
    2 => NULL,
  ),
)
[ info ] [ HEADER ] array (
  'content-length' => '83',
  'content-type' => 'application/json',
  'x-pusher-signature' => '3fee53854071c7eb19972a4492fc7f693aac8b0aef0a28eba4dbeb83a93e022e',
  'x-pusher-key' => 'xd5bgugi03uzg9wl',
  'connection' => 'close',
  'host' => 'cs.wmtao.xyz',
)
[ info ] [ PARAM ] array (
  'time_ms' => '1724514766.6133',
  'events' => 
  array (
    0 => 
    array (
      'channel' => 'kefu24',
      'name' => 'channel_added',
    ),
  ),
)
[ info ] [ SESSION ] INIT array (
  'id' => '',
  'var_session_id' => '',
  'prefix' => '',
  'type' => '',
  'auto_start' => true,
)
[ info ] [ LANG ] /www/wwwroot/cs.wmtao.xyz/public/../application/lang/cn.php
[ info ] [ BEHAVIOR ] Run Closure @action_begin [ RunTime:0.000130s ]
[ info ] [ RUN ] app\admin\controller\Event->index[ /www/wwwroot/cs.wmtao.xyz/application/admin/controller/Event.php ]
[ info ] [ DB ] INIT mysql
[ info ] [ LOG ] INIT File
[ sql ] [ DB ] CONNECT:[ UseTime:0.001271s ] mysql:host=127.0.0.1;dbname=cs_wmtao_xyz;charset=utf8
[ sql ] [ SQL ] SHOW COLUMNS FROM `wolive_service` [ RunTime:0.001320s ]
[ sql ] [ SQL ] UPDATE `wolive_service`  SET `state`='online'  WHERE  `service_id` = 24 [ RunTime:0.000450s ]
---------------------------------------------------------------
[ 2024-08-24T23:54:01+08:00 ] 39.105.137.202 POST cs.wmtao.xyz/admin/event
[运行时间：0.129377s] [吞吐率：7.73req/s] [内存消耗：4,498.70kb] [文件加载：72]
[ info ] [ CACHE ] INIT File
[ info ] [ BEHAVIOR ] Run Closure @app_init [ RunTime:0.001404s ]
[ info ] [ LANG ] /www/wwwroot/cs.wmtao.xyz/thinkphp/lang/zh-cn.php
[ info ] [ ROUTE ] array (
  'type' => 'module',
  'module' => 
  array (
    0 => 'admin',
    1 => 'event',
    2 => NULL,
  ),
)
[ info ] [ HEADER ] array (
  'content-length' => '174',
  'content-type' => 'application/json',
  'x-pusher-signature' => 'b3adbba0a94bf6d2ee8b0d2c87618c1769b652d3d673eeb86f0d8ed40cf362e4',
  'x-pusher-key' => 'xd5bgugi03uzg9wl',
  'connection' => 'close',
  'host' => 'cs.wmtao.xyz',
)
[ info ] [ PARAM ] array (
  'time_ms' => '1724514841.6494',
  'events' => 
  array (
    0 => 
    array (
      'channel' => 'kefu24',
      'name' => 'channel_removed',
    ),
    1 => 
    array (
      'channel' => 'ud24',
      'name' => 'channel_removed',
    ),
    2 => 
    array (
      'channel' => 'all1',
      'name' => 'channel_removed',
    ),
  ),
)
[ info ] [ SESSION ] INIT array (
  'id' => '',
  'var_session_id' => '',
  'prefix' => '',
  'type' => '',
  'auto_start' => true,
)
[ info ] [ LANG ] /www/wwwroot/cs.wmtao.xyz/public/../application/lang/cn.php
[ info ] [ BEHAVIOR ] Run Closure @action_begin [ RunTime:0.000175s ]
[ info ] [ RUN ] app\admin\controller\Event->index[ /www/wwwroot/cs.wmtao.xyz/application/admin/controller/Event.php ]
[ info ] [ DB ] INIT mysql
[ info ] [ LOG ] INIT File
[ sql ] [ DB ] CONNECT:[ UseTime:0.000743s ] mysql:host=127.0.0.1;dbname=cs_wmtao_xyz;charset=utf8
[ sql ] [ SQL ] SHOW COLUMNS FROM `wolive_service` [ RunTime:0.001075s ]
[ sql ] [ SQL ] UPDATE `wolive_service`  SET `state`='offline'  WHERE  `service_id` = 24 [ RunTime:0.000571s ]
