---------------------------------------------------------------
[ 2024-11-26T23:33:26+08:00 ] 39.105.137.202 POST cs.wmtao.xyz/admin/event
[运行时间：0.211613s] [吞吐率：4.73req/s] [内存消耗：4,506.89kb] [文件加载：72]
[ info ] [ CACHE ] INIT File
[ info ] [ BEHAVIOR ] Run Closure @app_init [ RunTime:0.001147s ]
[ info ] [ LANG ] /www/wwwroot/cs.wmtao.xyz/thinkphp/lang/zh-cn.php
[ info ] [ ROUTE ] array (
  'type' => 'module',
  'module' => 
  array (
    0 => 'admin',
    1 => 'event',
    2 => NULL,
  ),
)
[ info ] [ HEADER ] array (
  'content-length' => '141',
  'content-type' => 'application/json',
  'x-pusher-signature' => '1b6401b52213f1da489329a287807170dfbb67d7c3c0311817058d5aae6c4a8d',
  'x-pusher-key' => 'xd5bgugi03uzg9wl',
  'connection' => 'close',
  'host' => 'cs.wmtao.xyz',
)
[ info ] [ PARAM ] array (
  'time_ms' => '1732635205.8254',
  'events' => 
  array (
    0 => 
    array (
      'channel' => 'cu3934303539352f31',
      'name' => 'channel_removed',
    ),
    1 => 
    array (
      'channel' => 'se1',
      'name' => 'channel_removed',
    ),
  ),
)
[ info ] [ SESSION ] INIT array (
  'id' => '',
  'var_session_id' => '',
  'prefix' => '',
  'type' => '',
  'auto_start' => true,
)
[ info ] [ LANG ] /www/wwwroot/cs.wmtao.xyz/public/../application/lang/cn.php
[ info ] [ BEHAVIOR ] Run Closure @action_begin [ RunTime:0.000117s ]
[ info ] [ RUN ] app\admin\controller\Event->index[ /www/wwwroot/cs.wmtao.xyz/application/admin/controller/Event.php ]
[ info ] [ DB ] INIT mysql
[ info ] [ LOG ] INIT File
[ sql ] [ DB ] CONNECT:[ UseTime:0.000635s ] mysql:host=127.0.0.1;dbname=cs_wmtao_xyz;charset=utf8
[ sql ] [ SQL ] SHOW COLUMNS FROM `wolive_queue` [ RunTime:0.000998s ]
[ sql ] [ SQL ] SELECT * FROM `wolive_queue` WHERE  `visiter_id` = '940595'  AND `business_id` = 1 LIMIT 1 [ RunTime:0.000336s ]
[ sql ] [ SQL ] UPDATE `wolive_queue`  SET `remind_tpl`=0,`remind_comment`=0  WHERE  `visiter_id` = '940595'  AND `business_id` = 1 [ RunTime:0.000248s ]
[ sql ] [ SQL ] SHOW COLUMNS FROM `wolive_visiter` [ RunTime:0.001257s ]
[ sql ] [ SQL ] UPDATE `wolive_visiter`  SET `state`='offline'  WHERE  `channel` = '3934303539352f31' [ RunTime:0.000571s ]
---------------------------------------------------------------
[ 2024-11-26T23:34:43+08:00 ] 39.105.137.202 POST cs.wmtao.xyz/admin/event
[运行时间：0.034956s] [吞吐率：28.61req/s] [内存消耗：4,498.70kb] [文件加载：72]
[ info ] [ CACHE ] INIT File
[ info ] [ BEHAVIOR ] Run Closure @app_init [ RunTime:0.001122s ]
[ info ] [ LANG ] /www/wwwroot/cs.wmtao.xyz/thinkphp/lang/zh-cn.php
[ info ] [ ROUTE ] array (
  'type' => 'module',
  'module' => 
  array (
    0 => 'admin',
    1 => 'event',
    2 => NULL,
  ),
)
[ info ] [ HEADER ] array (
  'content-length' => '168',
  'content-type' => 'application/json',
  'x-pusher-signature' => '6e2cb4abed0cb4f62675c1c2bbcb7dea3f91786e3662a1eaa682b0f04f572f05',
  'x-pusher-key' => 'xd5bgugi03uzg9wl',
  'connection' => 'close',
  'host' => 'cs.wmtao.xyz',
)
[ info ] [ PARAM ] array (
  'time_ms' => '1732635283.8777',
  'events' => 
  array (
    0 => 
    array (
      'channel' => 'ud30',
      'name' => 'channel_added',
    ),
    1 => 
    array (
      'channel' => 'all1',
      'name' => 'channel_added',
    ),
    2 => 
    array (
      'channel' => 'kefu30',
      'name' => 'channel_added',
    ),
  ),
)
[ info ] [ SESSION ] INIT array (
  'id' => '',
  'var_session_id' => '',
  'prefix' => '',
  'type' => '',
  'auto_start' => true,
)
[ info ] [ LANG ] /www/wwwroot/cs.wmtao.xyz/public/../application/lang/cn.php
[ info ] [ BEHAVIOR ] Run Closure @action_begin [ RunTime:0.000111s ]
[ info ] [ RUN ] app\admin\controller\Event->index[ /www/wwwroot/cs.wmtao.xyz/application/admin/controller/Event.php ]
[ info ] [ DB ] INIT mysql
[ info ] [ LOG ] INIT File
[ sql ] [ DB ] CONNECT:[ UseTime:0.000597s ] mysql:host=127.0.0.1;dbname=cs_wmtao_xyz;charset=utf8
[ sql ] [ SQL ] SHOW COLUMNS FROM `wolive_service` [ RunTime:0.001105s ]
[ sql ] [ SQL ] UPDATE `wolive_service`  SET `state`='online'  WHERE  `service_id` = 30 [ RunTime:0.000330s ]
---------------------------------------------------------------
[ 2024-11-26T23:34:51+08:00 ] 39.105.137.202 POST cs.wmtao.xyz/admin/event
[运行时间：0.022966s] [吞吐率：43.54req/s] [内存消耗：3,343.68kb] [文件加载：64]
[ info ] [ CACHE ] INIT File
[ info ] [ BEHAVIOR ] Run Closure @app_init [ RunTime:0.001108s ]
[ info ] [ LANG ] /www/wwwroot/cs.wmtao.xyz/thinkphp/lang/zh-cn.php
[ info ] [ ROUTE ] array (
  'type' => 'module',
  'module' => 
  array (
    0 => 'admin',
    1 => 'event',
    2 => NULL,
  ),
)
[ info ] [ HEADER ] array (
  'content-length' => '128',
  'content-type' => 'application/json',
  'x-pusher-signature' => 'fcad8b1e2c6a4335bb108e18b68e92aeb4d604a9fd4e163819910dca3909f9be',
  'x-pusher-key' => 'xd5bgugi03uzg9wl',
  'connection' => 'close',
  'host' => 'cs.wmtao.xyz',
)
[ info ] [ PARAM ] array (
  'time_ms' => '1732635289.8808',
  'events' => 
  array (
    0 => 
    array (
      'channel' => 'ud30',
      'name' => 'channel_removed',
    ),
    1 => 
    array (
      'channel' => 'all1',
      'name' => 'channel_removed',
    ),
  ),
)
[ info ] [ SESSION ] INIT array (
  'id' => '',
  'var_session_id' => '',
  'prefix' => '',
  'type' => '',
  'auto_start' => true,
)
[ info ] [ LANG ] /www/wwwroot/cs.wmtao.xyz/public/../application/lang/cn.php
[ info ] [ BEHAVIOR ] Run Closure @action_begin [ RunTime:0.000122s ]
[ info ] [ RUN ] app\admin\controller\Event->index[ /www/wwwroot/cs.wmtao.xyz/application/admin/controller/Event.php ]
[ info ] [ LOG ] INIT File
---------------------------------------------------------------
[ 2024-11-26T23:34:52+08:00 ] 39.105.137.202 POST cs.wmtao.xyz/admin/event
[运行时间：0.022108s] [吞吐率：45.23req/s] [内存消耗：3,343.68kb] [文件加载：64]
[ info ] [ CACHE ] INIT File
[ info ] [ BEHAVIOR ] Run Closure @app_init [ RunTime:0.001098s ]
[ info ] [ LANG ] /www/wwwroot/cs.wmtao.xyz/thinkphp/lang/zh-cn.php
[ info ] [ ROUTE ] array (
  'type' => 'module',
  'module' => 
  array (
    0 => 'admin',
    1 => 'event',
    2 => NULL,
  ),
)
[ info ] [ HEADER ] array (
  'content-length' => '123',
  'content-type' => 'application/json',
  'x-pusher-signature' => '1a6f971a611df9dbf583967639dc04be95bb7d576fb6a8e689427f7aed8fbd91',
  'x-pusher-key' => 'xd5bgugi03uzg9wl',
  'connection' => 'close',
  'host' => 'cs.wmtao.xyz',
)
[ info ] [ PARAM ] array (
  'time_ms' => '1732635292.8827',
  'events' => 
  array (
    0 => 
    array (
      'channel' => 'ud30',
      'name' => 'channel_added',
    ),
    1 => 
    array (
      'channel' => 'all1',
      'name' => 'channel_added',
    ),
  ),
)
[ info ] [ SESSION ] INIT array (
  'id' => '',
  'var_session_id' => '',
  'prefix' => '',
  'type' => '',
  'auto_start' => true,
)
[ info ] [ LANG ] /www/wwwroot/cs.wmtao.xyz/public/../application/lang/cn.php
[ info ] [ BEHAVIOR ] Run Closure @action_begin [ RunTime:0.000770s ]
[ info ] [ RUN ] app\admin\controller\Event->index[ /www/wwwroot/cs.wmtao.xyz/application/admin/controller/Event.php ]
[ info ] [ LOG ] INIT File
---------------------------------------------------------------
[ 2024-11-26T23:34:56+08:00 ] 39.105.137.202 POST cs.wmtao.xyz/admin/event
[运行时间：0.022045s] [吞吐率：45.36req/s] [内存消耗：3,343.68kb] [文件加载：64]
[ info ] [ CACHE ] INIT File
[ info ] [ BEHAVIOR ] Run Closure @app_init [ RunTime:0.001208s ]
[ info ] [ LANG ] /www/wwwroot/cs.wmtao.xyz/thinkphp/lang/zh-cn.php
[ info ] [ ROUTE ] array (
  'type' => 'module',
  'module' => 
  array (
    0 => 'admin',
    1 => 'event',
    2 => NULL,
  ),
)
[ info ] [ HEADER ] array (
  'content-length' => '128',
  'content-type' => 'application/json',
  'x-pusher-signature' => 'bbff3ccfd479762edf3283ce288771c894fbbfc68a8c25ab989a82344028b66a',
  'x-pusher-key' => 'xd5bgugi03uzg9wl',
  'connection' => 'close',
  'host' => 'cs.wmtao.xyz',
)
[ info ] [ PARAM ] array (
  'time_ms' => '1732635295.8836',
  'events' => 
  array (
    0 => 
    array (
      'channel' => 'ud30',
      'name' => 'channel_removed',
    ),
    1 => 
    array (
      'channel' => 'all1',
      'name' => 'channel_removed',
    ),
  ),
)
[ info ] [ SESSION ] INIT array (
  'id' => '',
  'var_session_id' => '',
  'prefix' => '',
  'type' => '',
  'auto_start' => true,
)
[ info ] [ LANG ] /www/wwwroot/cs.wmtao.xyz/public/../application/lang/cn.php
[ info ] [ BEHAVIOR ] Run Closure @action_begin [ RunTime:0.000116s ]
[ info ] [ RUN ] app\admin\controller\Event->index[ /www/wwwroot/cs.wmtao.xyz/application/admin/controller/Event.php ]
[ info ] [ LOG ] INIT File
---------------------------------------------------------------
[ 2024-11-26T23:35:07+08:00 ] 39.105.137.202 POST cs.wmtao.xyz/admin/event
[运行时间：0.023920s] [吞吐率：41.81req/s] [内存消耗：3,343.68kb] [文件加载：64]
[ info ] [ CACHE ] INIT File
[ info ] [ BEHAVIOR ] Run Closure @app_init [ RunTime:0.001438s ]
[ info ] [ LANG ] /www/wwwroot/cs.wmtao.xyz/thinkphp/lang/zh-cn.php
[ info ] [ ROUTE ] array (
  'type' => 'module',
  'module' => 
  array (
    0 => 'admin',
    1 => 'event',
    2 => NULL,
  ),
)
[ info ] [ HEADER ] array (
  'content-length' => '124',
  'content-type' => 'application/json',
  'x-pusher-signature' => '7a3f789823f3b6fbe8395dbd4c545246a399e6e6b1d0631132d96f06909ecdfd',
  'x-pusher-key' => 'xd5bgugi03uzg9wl',
  'connection' => 'close',
  'host' => 'cs.wmtao.xyz',
)
[ info ] [ PARAM ] array (
  'time_ms' => '1732635307.8876',
  'events' => 
  array (
    0 => 
    array (
      'channel' => 'ud30',
      'name' => 'channel_added',
    ),
    1 => 
    array (
      'channel' => 'all1',
      'name' => 'channel_added',
    ),
  ),
)
[ info ] [ SESSION ] INIT array (
  'id' => '',
  'var_session_id' => '',
  'prefix' => '',
  'type' => '',
  'auto_start' => true,
)
[ info ] [ LANG ] /www/wwwroot/cs.wmtao.xyz/public/../application/lang/cn.php
[ info ] [ BEHAVIOR ] Run Closure @action_begin [ RunTime:0.000167s ]
[ info ] [ RUN ] app\admin\controller\Event->index[ /www/wwwroot/cs.wmtao.xyz/application/admin/controller/Event.php ]
[ info ] [ LOG ] INIT File
---------------------------------------------------------------
[ 2024-11-26T23:35:13+08:00 ] 39.105.137.202 POST cs.wmtao.xyz/admin/event
[运行时间：0.033832s] [吞吐率：29.56req/s] [内存消耗：4,498.70kb] [文件加载：72]
[ info ] [ CACHE ] INIT File
[ info ] [ BEHAVIOR ] Run Closure @app_init [ RunTime:0.001113s ]
[ info ] [ LANG ] /www/wwwroot/cs.wmtao.xyz/thinkphp/lang/zh-cn.php
[ info ] [ ROUTE ] array (
  'type' => 'module',
  'module' => 
  array (
    0 => 'admin',
    1 => 'event',
    2 => NULL,
  ),
)
[ info ] [ HEADER ] array (
  'content-length' => '174',
  'content-type' => 'application/json',
  'x-pusher-signature' => '57e827f569c2c6da9b29cf2e93f000475c5678266b659123ffc27504a5f4f904',
  'x-pusher-key' => 'xd5bgugi03uzg9wl',
  'connection' => 'close',
  'host' => 'cs.wmtao.xyz',
)
[ info ] [ PARAM ] array (
  'time_ms' => '1732635313.8893',
  'events' => 
  array (
    0 => 
    array (
      'channel' => 'ud30',
      'name' => 'channel_removed',
    ),
    1 => 
    array (
      'channel' => 'all1',
      'name' => 'channel_removed',
    ),
    2 => 
    array (
      'channel' => 'kefu30',
      'name' => 'channel_removed',
    ),
  ),
)
[ info ] [ SESSION ] INIT array (
  'id' => '',
  'var_session_id' => '',
  'prefix' => '',
  'type' => '',
  'auto_start' => true,
)
[ info ] [ LANG ] /www/wwwroot/cs.wmtao.xyz/public/../application/lang/cn.php
[ info ] [ BEHAVIOR ] Run Closure @action_begin [ RunTime:0.000111s ]
[ info ] [ RUN ] app\admin\controller\Event->index[ /www/wwwroot/cs.wmtao.xyz/application/admin/controller/Event.php ]
[ info ] [ DB ] INIT mysql
[ info ] [ LOG ] INIT File
[ sql ] [ DB ] CONNECT:[ UseTime:0.000515s ] mysql:host=127.0.0.1;dbname=cs_wmtao_xyz;charset=utf8
[ sql ] [ SQL ] SHOW COLUMNS FROM `wolive_service` [ RunTime:0.001027s ]
[ sql ] [ SQL ] UPDATE `wolive_service`  SET `state`='offline'  WHERE  `service_id` = 30 [ RunTime:0.000319s ]
---------------------------------------------------------------
[ 2024-11-26T23:35:16+08:00 ] 39.105.137.202 POST cs.wmtao.xyz/admin/event
[运行时间：0.035437s] [吞吐率：28.22req/s] [内存消耗：4,496.96kb] [文件加载：72]
[ info ] [ CACHE ] INIT File
[ info ] [ BEHAVIOR ] Run Closure @app_init [ RunTime:0.001108s ]
[ info ] [ LANG ] /www/wwwroot/cs.wmtao.xyz/thinkphp/lang/zh-cn.php
[ info ] [ ROUTE ] array (
  'type' => 'module',
  'module' => 
  array (
    0 => 'admin',
    1 => 'event',
    2 => NULL,
  ),
)
[ info ] [ HEADER ] array (
  'content-length' => '84',
  'content-type' => 'application/json',
  'x-pusher-signature' => '8a25b07860ae1947672ccf9b0d995349b3440c27ba1f08db11b69eca9d84b384',
  'x-pusher-key' => 'xd5bgugi03uzg9wl',
  'connection' => 'close',
  'host' => 'cs.wmtao.xyz',
)
[ info ] [ PARAM ] array (
  'time_ms' => '1732635316.8902',
  'events' => 
  array (
    0 => 
    array (
      'channel' => 'kefu30',
      'name' => 'channel_added',
    ),
  ),
)
[ info ] [ SESSION ] INIT array (
  'id' => '',
  'var_session_id' => '',
  'prefix' => '',
  'type' => '',
  'auto_start' => true,
)
[ info ] [ LANG ] /www/wwwroot/cs.wmtao.xyz/public/../application/lang/cn.php
[ info ] [ BEHAVIOR ] Run Closure @action_begin [ RunTime:0.001081s ]
[ info ] [ RUN ] app\admin\controller\Event->index[ /www/wwwroot/cs.wmtao.xyz/application/admin/controller/Event.php ]
[ info ] [ DB ] INIT mysql
[ info ] [ LOG ] INIT File
[ sql ] [ DB ] CONNECT:[ UseTime:0.000566s ] mysql:host=127.0.0.1;dbname=cs_wmtao_xyz;charset=utf8
[ sql ] [ SQL ] SHOW COLUMNS FROM `wolive_service` [ RunTime:0.001076s ]
[ sql ] [ SQL ] UPDATE `wolive_service`  SET `state`='online'  WHERE  `service_id` = 30 [ RunTime:0.000301s ]
---------------------------------------------------------------
[ 2024-11-26T23:37:47+08:00 ] 39.105.137.202 POST cs.wmtao.xyz/admin/event
[运行时间：0.035632s] [吞吐率：28.06req/s] [内存消耗：4,498.70kb] [文件加载：72]
[ info ] [ CACHE ] INIT File
[ info ] [ BEHAVIOR ] Run Closure @app_init [ RunTime:0.001159s ]
[ info ] [ LANG ] /www/wwwroot/cs.wmtao.xyz/thinkphp/lang/zh-cn.php
[ info ] [ ROUTE ] array (
  'type' => 'module',
  'module' => 
  array (
    0 => 'admin',
    1 => 'event',
    2 => NULL,
  ),
)
[ info ] [ HEADER ] array (
  'content-length' => '168',
  'content-type' => 'application/json',
  'x-pusher-signature' => 'f1c8fecf6b6fb2455342376bd569782277d44d9e6f2839cf871c5036e1c324d8',
  'x-pusher-key' => 'xd5bgugi03uzg9wl',
  'connection' => 'close',
  'host' => 'cs.wmtao.xyz',
)
[ info ] [ PARAM ] array (
  'time_ms' => '1732635466.9834',
  'events' => 
  array (
    0 => 
    array (
      'channel' => 'ud24',
      'name' => 'channel_added',
    ),
    1 => 
    array (
      'channel' => 'all1',
      'name' => 'channel_added',
    ),
    2 => 
    array (
      'channel' => 'kefu24',
      'name' => 'channel_added',
    ),
  ),
)
[ info ] [ SESSION ] INIT array (
  'id' => '',
  'var_session_id' => '',
  'prefix' => '',
  'type' => '',
  'auto_start' => true,
)
[ info ] [ LANG ] /www/wwwroot/cs.wmtao.xyz/public/../application/lang/cn.php
[ info ] [ BEHAVIOR ] Run Closure @action_begin [ RunTime:0.000136s ]
[ info ] [ RUN ] app\admin\controller\Event->index[ /www/wwwroot/cs.wmtao.xyz/application/admin/controller/Event.php ]
[ info ] [ DB ] INIT mysql
[ info ] [ LOG ] INIT File
[ sql ] [ DB ] CONNECT:[ UseTime:0.000989s ] mysql:host=127.0.0.1;dbname=cs_wmtao_xyz;charset=utf8
[ sql ] [ SQL ] SHOW COLUMNS FROM `wolive_service` [ RunTime:0.001307s ]
[ sql ] [ SQL ] UPDATE `wolive_service`  SET `state`='online'  WHERE  `service_id` = 24 [ RunTime:0.000434s ]
---------------------------------------------------------------
[ 2024-11-26T23:39:14+08:00 ] 39.105.137.202 POST cs.wmtao.xyz/admin/event
[运行时间：0.315714s] [吞吐率：3.17req/s] [内存消耗：4,498.70kb] [文件加载：72]
[ info ] [ CACHE ] INIT File
[ info ] [ BEHAVIOR ] Run Closure @app_init [ RunTime:0.001106s ]
[ info ] [ LANG ] /www/wwwroot/cs.wmtao.xyz/thinkphp/lang/zh-cn.php
[ info ] [ ROUTE ] array (
  'type' => 'module',
  'module' => 
  array (
    0 => 'admin',
    1 => 'event',
    2 => NULL,
  ),
)
[ info ] [ HEADER ] array (
  'content-length' => '174',
  'content-type' => 'application/json',
  'x-pusher-signature' => 'c56aa06984dd772a0afe9e83531b12ed84a62cd9c9213f2a8bb1214dbd306252',
  'x-pusher-key' => 'xd5bgugi03uzg9wl',
  'connection' => 'close',
  'host' => 'cs.wmtao.xyz',
)
[ info ] [ PARAM ] array (
  'time_ms' => '1732635554.0352',
  'events' => 
  array (
    0 => 
    array (
      'channel' => 'ud24',
      'name' => 'channel_removed',
    ),
    1 => 
    array (
      'channel' => 'all1',
      'name' => 'channel_removed',
    ),
    2 => 
    array (
      'channel' => 'kefu24',
      'name' => 'channel_removed',
    ),
  ),
)
[ info ] [ SESSION ] INIT array (
  'id' => '',
  'var_session_id' => '',
  'prefix' => '',
  'type' => '',
  'auto_start' => true,
)
[ info ] [ LANG ] /www/wwwroot/cs.wmtao.xyz/public/../application/lang/cn.php
[ info ] [ BEHAVIOR ] Run Closure @action_begin [ RunTime:0.000114s ]
[ info ] [ RUN ] app\admin\controller\Event->index[ /www/wwwroot/cs.wmtao.xyz/application/admin/controller/Event.php ]
[ info ] [ DB ] INIT mysql
[ info ] [ LOG ] INIT File
[ sql ] [ DB ] CONNECT:[ UseTime:0.000605s ] mysql:host=127.0.0.1;dbname=cs_wmtao_xyz;charset=utf8
[ sql ] [ SQL ] SHOW COLUMNS FROM `wolive_service` [ RunTime:0.001121s ]
[ sql ] [ SQL ] UPDATE `wolive_service`  SET `state`='offline'  WHERE  `service_id` = 24 [ RunTime:0.000290s ]
---------------------------------------------------------------
[ 2024-11-26T23:40:04+08:00 ] 39.105.137.202 POST cs.wmtao.xyz/admin/event
[运行时间：0.093667s] [吞吐率：10.68req/s] [内存消耗：4,511.32kb] [文件加载：72]
[ info ] [ CACHE ] INIT File
[ info ] [ BEHAVIOR ] Run Closure @app_init [ RunTime:0.001143s ]
[ info ] [ LANG ] /www/wwwroot/cs.wmtao.xyz/thinkphp/lang/zh-cn.php
[ info ] [ ROUTE ] array (
  'type' => 'module',
  'module' => 
  array (
    0 => 'admin',
    1 => 'event',
    2 => NULL,
  ),
)
[ info ] [ HEADER ] array (
  'content-length' => '182',
  'content-type' => 'application/json',
  'x-pusher-signature' => '846827c7e0fc2e3d836581eeeb2f37e09e424f62a0e704602ae91047a6f2ff53',
  'x-pusher-key' => 'xd5bgugi03uzg9wl',
  'connection' => 'close',
  'host' => 'cs.wmtao.xyz',
)
[ info ] [ PARAM ] array (
  'time_ms' => '1732635604.7096',
  'events' => 
  array (
    0 => 
    array (
      'channel' => 'kefu30',
      'name' => 'channel_added',
    ),
    1 => 
    array (
      'channel' => 'cu3131363637322f31',
      'name' => 'channel_added',
    ),
    2 => 
    array (
      'channel' => 'se10',
      'name' => 'channel_added',
    ),
  ),
)
[ info ] [ SESSION ] INIT array (
  'id' => '',
  'var_session_id' => '',
  'prefix' => '',
  'type' => '',
  'auto_start' => true,
)
[ info ] [ LANG ] /www/wwwroot/cs.wmtao.xyz/public/../application/lang/cn.php
[ info ] [ BEHAVIOR ] Run Closure @action_begin [ RunTime:0.000111s ]
[ info ] [ RUN ] app\admin\controller\Event->index[ /www/wwwroot/cs.wmtao.xyz/application/admin/controller/Event.php ]
[ info ] [ DB ] INIT mysql
[ info ] [ LOG ] INIT File
[ sql ] [ DB ] CONNECT:[ UseTime:0.000970s ] mysql:host=127.0.0.1;dbname=cs_wmtao_xyz;charset=utf8
[ sql ] [ SQL ] SHOW COLUMNS FROM `wolive_service` [ RunTime:0.002116s ]
[ sql ] [ SQL ] UPDATE `wolive_service`  SET `state`='online'  WHERE  `service_id` = 30 [ RunTime:0.000441s ]
[ sql ] [ SQL ] SHOW COLUMNS FROM `wolive_queue` [ RunTime:0.002358s ]
[ sql ] [ SQL ] SELECT * FROM `wolive_queue` WHERE  `visiter_id` = '116672'  AND `business_id` = 1 LIMIT 1 [ RunTime:0.000364s ]
[ sql ] [ SQL ] SHOW COLUMNS FROM `wolive_visiter` [ RunTime:0.002042s ]
[ sql ] [ SQL ] UPDATE `wolive_visiter`  SET `state`='online'  WHERE  `channel` = '3131363637322f31' [ RunTime:0.000510s ]
---------------------------------------------------------------
[ 2024-11-26T23:41:10+08:00 ] 39.105.137.202 POST cs.wmtao.xyz/admin/event
[运行时间：0.089974s] [吞吐率：11.11req/s] [内存消耗：4,505.34kb] [文件加载：72]
[ info ] [ CACHE ] INIT File
[ info ] [ BEHAVIOR ] Run Closure @app_init [ RunTime:0.001095s ]
[ info ] [ LANG ] /www/wwwroot/cs.wmtao.xyz/thinkphp/lang/zh-cn.php
[ info ] [ ROUTE ] array (
  'type' => 'module',
  'module' => 
  array (
    0 => 'admin',
    1 => 'event',
    2 => NULL,
  ),
)
[ info ] [ HEADER ] array (
  'content-length' => '138',
  'content-type' => 'application/json',
  'x-pusher-signature' => 'cacb7f7583c007aa166d5fe6070fbf51615fd1fd7264ef8c11a1366e64797bdf',
  'x-pusher-key' => 'xd5bgugi03uzg9wl',
  'connection' => 'close',
  'host' => 'cs.wmtao.xyz',
)
[ info ] [ PARAM ] array (
  'time_ms' => '1732635670.7495',
  'events' => 
  array (
    0 => 
    array (
      'channel' => 'cu3934313036382f31',
      'name' => 'channel_added',
    ),
    1 => 
    array (
      'channel' => 'se34',
      'name' => 'channel_added',
    ),
  ),
)
[ info ] [ SESSION ] INIT array (
  'id' => '',
  'var_session_id' => '',
  'prefix' => '',
  'type' => '',
  'auto_start' => true,
)
[ info ] [ LANG ] /www/wwwroot/cs.wmtao.xyz/public/../application/lang/cn.php
[ info ] [ BEHAVIOR ] Run Closure @action_begin [ RunTime:0.000118s ]
[ info ] [ RUN ] app\admin\controller\Event->index[ /www/wwwroot/cs.wmtao.xyz/application/admin/controller/Event.php ]
[ info ] [ DB ] INIT mysql
[ info ] [ LOG ] INIT File
[ sql ] [ DB ] CONNECT:[ UseTime:0.000597s ] mysql:host=127.0.0.1;dbname=cs_wmtao_xyz;charset=utf8
[ sql ] [ SQL ] SHOW COLUMNS FROM `wolive_queue` [ RunTime:0.001950s ]
[ sql ] [ SQL ] SELECT * FROM `wolive_queue` WHERE  `visiter_id` = '941068'  AND `business_id` = 1 LIMIT 1 [ RunTime:0.000331s ]
[ sql ] [ SQL ] SHOW COLUMNS FROM `wolive_visiter` [ RunTime:0.002399s ]
[ sql ] [ SQL ] UPDATE `wolive_visiter`  SET `state`='online'  WHERE  `channel` = '3934313036382f31' [ RunTime:0.000535s ]
---------------------------------------------------------------
[ 2024-11-26T23:42:32+08:00 ] 39.105.137.202 POST cs.wmtao.xyz/admin/event
[运行时间：0.327138s] [吞吐率：3.06req/s] [内存消耗：4,506.90kb] [文件加载：72]
[ info ] [ CACHE ] INIT File
[ info ] [ BEHAVIOR ] Run Closure @app_init [ RunTime:0.001109s ]
[ info ] [ LANG ] /www/wwwroot/cs.wmtao.xyz/thinkphp/lang/zh-cn.php
[ info ] [ ROUTE ] array (
  'type' => 'module',
  'module' => 
  array (
    0 => 'admin',
    1 => 'event',
    2 => NULL,
  ),
)
[ info ] [ HEADER ] array (
  'content-length' => '142',
  'content-type' => 'application/json',
  'x-pusher-signature' => '0507f158ba53fe59d338c542cc8356af7136ce462c3da4d355dbf273912941e3',
  'x-pusher-key' => 'xd5bgugi03uzg9wl',
  'connection' => 'close',
  'host' => 'cs.wmtao.xyz',
)
[ info ] [ PARAM ] array (
  'time_ms' => '1732635751.7871',
  'events' => 
  array (
    0 => 
    array (
      'channel' => 'cu3934313036382f31',
      'name' => 'channel_removed',
    ),
    1 => 
    array (
      'channel' => 'se34',
      'name' => 'channel_removed',
    ),
  ),
)
[ info ] [ SESSION ] INIT array (
  'id' => '',
  'var_session_id' => '',
  'prefix' => '',
  'type' => '',
  'auto_start' => true,
)
[ info ] [ LANG ] /www/wwwroot/cs.wmtao.xyz/public/../application/lang/cn.php
[ info ] [ BEHAVIOR ] Run Closure @action_begin [ RunTime:0.000121s ]
[ info ] [ RUN ] app\admin\controller\Event->index[ /www/wwwroot/cs.wmtao.xyz/application/admin/controller/Event.php ]
[ info ] [ DB ] INIT mysql
[ info ] [ LOG ] INIT File
[ sql ] [ DB ] CONNECT:[ UseTime:0.000601s ] mysql:host=127.0.0.1;dbname=cs_wmtao_xyz;charset=utf8
[ sql ] [ SQL ] SHOW COLUMNS FROM `wolive_queue` [ RunTime:0.001017s ]
[ sql ] [ SQL ] SELECT * FROM `wolive_queue` WHERE  `visiter_id` = '941068'  AND `business_id` = 1 LIMIT 1 [ RunTime:0.000326s ]
[ sql ] [ SQL ] UPDATE `wolive_queue`  SET `remind_tpl`=0,`remind_comment`=0  WHERE  `visiter_id` = '941068'  AND `business_id` = 1 [ RunTime:0.000258s ]
[ sql ] [ SQL ] SHOW COLUMNS FROM `wolive_visiter` [ RunTime:0.001499s ]
[ sql ] [ SQL ] UPDATE `wolive_visiter`  SET `state`='offline'  WHERE  `channel` = '3934313036382f31' [ RunTime:0.000522s ]
---------------------------------------------------------------
[ 2024-11-26T23:42:47+08:00 ] 39.105.137.202 POST cs.wmtao.xyz/admin/event
[运行时间：0.089258s] [吞吐率：11.20req/s] [内存消耗：4,505.34kb] [文件加载：72]
[ info ] [ CACHE ] INIT File
[ info ] [ BEHAVIOR ] Run Closure @app_init [ RunTime:0.001102s ]
[ info ] [ LANG ] /www/wwwroot/cs.wmtao.xyz/thinkphp/lang/zh-cn.php
[ info ] [ ROUTE ] array (
  'type' => 'module',
  'module' => 
  array (
    0 => 'admin',
    1 => 'event',
    2 => NULL,
  ),
)
[ info ] [ HEADER ] array (
  'content-length' => '137',
  'content-type' => 'application/json',
  'x-pusher-signature' => '3667872b65cf41d96ba7d8ab0508d509f17a39795460ad1fc1b9fd649d1f8861',
  'x-pusher-key' => 'xd5bgugi03uzg9wl',
  'connection' => 'close',
  'host' => 'cs.wmtao.xyz',
)
[ info ] [ PARAM ] array (
  'time_ms' => '1732635766.7922',
  'events' => 
  array (
    0 => 
    array (
      'channel' => 'cu3131353234342f31',
      'name' => 'channel_added',
    ),
    1 => 
    array (
      'channel' => 'se21',
      'name' => 'channel_added',
    ),
  ),
)
[ info ] [ SESSION ] INIT array (
  'id' => '',
  'var_session_id' => '',
  'prefix' => '',
  'type' => '',
  'auto_start' => true,
)
[ info ] [ LANG ] /www/wwwroot/cs.wmtao.xyz/public/../application/lang/cn.php
[ info ] [ BEHAVIOR ] Run Closure @action_begin [ RunTime:0.000112s ]
[ info ] [ RUN ] app\admin\controller\Event->index[ /www/wwwroot/cs.wmtao.xyz/application/admin/controller/Event.php ]
[ info ] [ DB ] INIT mysql
[ info ] [ LOG ] INIT File
[ sql ] [ DB ] CONNECT:[ UseTime:0.000601s ] mysql:host=127.0.0.1;dbname=cs_wmtao_xyz;charset=utf8
[ sql ] [ SQL ] SHOW COLUMNS FROM `wolive_queue` [ RunTime:0.001005s ]
[ sql ] [ SQL ] SELECT * FROM `wolive_queue` WHERE  `visiter_id` = '115244'  AND `business_id` = 1 LIMIT 1 [ RunTime:0.000348s ]
[ sql ] [ SQL ] SHOW COLUMNS FROM `wolive_visiter` [ RunTime:0.001186s ]
[ sql ] [ SQL ] UPDATE `wolive_visiter`  SET `state`='online'  WHERE  `channel` = '3131353234342f31' [ RunTime:0.000517s ]
---------------------------------------------------------------
[ 2024-11-26T23:42:56+08:00 ] 39.105.137.202 POST cs.wmtao.xyz/admin/event
[运行时间：0.236583s] [吞吐率：4.23req/s] [内存消耗：4,505.34kb] [文件加载：72]
[ info ] [ CACHE ] INIT File
[ info ] [ BEHAVIOR ] Run Closure @app_init [ RunTime:0.001160s ]
[ info ] [ LANG ] /www/wwwroot/cs.wmtao.xyz/thinkphp/lang/zh-cn.php
[ info ] [ ROUTE ] array (
  'type' => 'module',
  'module' => 
  array (
    0 => 'admin',
    1 => 'event',
    2 => NULL,
  ),
)
[ info ] [ HEADER ] array (
  'content-length' => '137',
  'content-type' => 'application/json',
  'x-pusher-signature' => '61b8a0e776de77fbe215d38989ceb37e9cce17ee28d39148f2799c37a953eeab',
  'x-pusher-key' => 'xd5bgugi03uzg9wl',
  'connection' => 'close',
  'host' => 'cs.wmtao.xyz',
)
[ info ] [ PARAM ] array (
  'time_ms' => '1732635775.7956',
  'events' => 
  array (
    0 => 
    array (
      'channel' => 'cu3934303539352f31',
      'name' => 'channel_added',
    ),
    1 => 
    array (
      'channel' => 'se1',
      'name' => 'channel_added',
    ),
  ),
)
[ info ] [ SESSION ] INIT array (
  'id' => '',
  'var_session_id' => '',
  'prefix' => '',
  'type' => '',
  'auto_start' => true,
)
[ info ] [ LANG ] /www/wwwroot/cs.wmtao.xyz/public/../application/lang/cn.php
[ info ] [ BEHAVIOR ] Run Closure @action_begin [ RunTime:0.000878s ]
[ info ] [ RUN ] app\admin\controller\Event->index[ /www/wwwroot/cs.wmtao.xyz/application/admin/controller/Event.php ]
[ info ] [ DB ] INIT mysql
[ info ] [ LOG ] INIT File
[ sql ] [ DB ] CONNECT:[ UseTime:0.000616s ] mysql:host=127.0.0.1;dbname=cs_wmtao_xyz;charset=utf8
[ sql ] [ SQL ] SHOW COLUMNS FROM `wolive_queue` [ RunTime:0.001037s ]
[ sql ] [ SQL ] SELECT * FROM `wolive_queue` WHERE  `visiter_id` = '940595'  AND `business_id` = 1 LIMIT 1 [ RunTime:0.000448s ]
[ sql ] [ SQL ] SHOW COLUMNS FROM `wolive_visiter` [ RunTime:0.001299s ]
[ sql ] [ SQL ] UPDATE `wolive_visiter`  SET `state`='online'  WHERE  `channel` = '3934303539352f31' [ RunTime:0.000565s ]
---------------------------------------------------------------
[ 2024-11-26T23:43:01+08:00 ] 39.105.137.202 POST cs.wmtao.xyz/admin/event
[运行时间：0.096646s] [吞吐率：10.35req/s] [内存消耗：4,506.90kb] [文件加载：72]
[ info ] [ CACHE ] INIT File
[ info ] [ BEHAVIOR ] Run Closure @app_init [ RunTime:0.001118s ]
[ info ] [ LANG ] /www/wwwroot/cs.wmtao.xyz/thinkphp/lang/zh-cn.php
[ info ] [ ROUTE ] array (
  'type' => 'module',
  'module' => 
  array (
    0 => 'admin',
    1 => 'event',
    2 => NULL,
  ),
)
[ info ] [ HEADER ] array (
  'content-length' => '141',
  'content-type' => 'application/json',
  'x-pusher-signature' => '04ba47ecddfa059f3b5e5976215d968ffd31ca872e47e59c5c3401733b84e1f3',
  'x-pusher-key' => 'xd5bgugi03uzg9wl',
  'connection' => 'close',
  'host' => 'cs.wmtao.xyz',
)
[ info ] [ PARAM ] array (
  'time_ms' => '1732635781.7988',
  'events' => 
  array (
    0 => 
    array (
      'channel' => 'cu3934303539352f31',
      'name' => 'channel_removed',
    ),
    1 => 
    array (
      'channel' => 'se1',
      'name' => 'channel_removed',
    ),
  ),
)
[ info ] [ SESSION ] INIT array (
  'id' => '',
  'var_session_id' => '',
  'prefix' => '',
  'type' => '',
  'auto_start' => true,
)
[ info ] [ LANG ] /www/wwwroot/cs.wmtao.xyz/public/../application/lang/cn.php
[ info ] [ BEHAVIOR ] Run Closure @action_begin [ RunTime:0.000140s ]
[ info ] [ RUN ] app\admin\controller\Event->index[ /www/wwwroot/cs.wmtao.xyz/application/admin/controller/Event.php ]
[ info ] [ DB ] INIT mysql
[ info ] [ LOG ] INIT File
[ sql ] [ DB ] CONNECT:[ UseTime:0.000906s ] mysql:host=127.0.0.1;dbname=cs_wmtao_xyz;charset=utf8
[ sql ] [ SQL ] SHOW COLUMNS FROM `wolive_queue` [ RunTime:0.001237s ]
[ sql ] [ SQL ] SELECT * FROM `wolive_queue` WHERE  `visiter_id` = '940595'  AND `business_id` = 1 LIMIT 1 [ RunTime:0.000460s ]
[ sql ] [ SQL ] UPDATE `wolive_queue`  SET `remind_tpl`=0,`remind_comment`=0  WHERE  `visiter_id` = '940595'  AND `business_id` = 1 [ RunTime:0.000302s ]
[ sql ] [ SQL ] SHOW COLUMNS FROM `wolive_visiter` [ RunTime:0.001236s ]
[ sql ] [ SQL ] UPDATE `wolive_visiter`  SET `state`='offline'  WHERE  `channel` = '3934303539352f31' [ RunTime:0.000584s ]
---------------------------------------------------------------
[ 2024-11-26T23:43:47+08:00 ] 39.105.137.202 POST cs.wmtao.xyz/admin/event
[运行时间：0.094864s] [吞吐率：10.54req/s] [内存消耗：4,506.90kb] [文件加载：72]
[ info ] [ CACHE ] INIT File
[ info ] [ BEHAVIOR ] Run Closure @app_init [ RunTime:0.001122s ]
[ info ] [ LANG ] /www/wwwroot/cs.wmtao.xyz/thinkphp/lang/zh-cn.php
[ info ] [ ROUTE ] array (
  'type' => 'module',
  'module' => 
  array (
    0 => 'admin',
    1 => 'event',
    2 => NULL,
  ),
)
[ info ] [ HEADER ] array (
  'content-length' => '142',
  'content-type' => 'application/json',
  'x-pusher-signature' => '7e77001000c1ad5d24e8a8e3dff83da61e22bc88493506481324b503782b81f3',
  'x-pusher-key' => 'xd5bgugi03uzg9wl',
  'connection' => 'close',
  'host' => 'cs.wmtao.xyz',
)
[ info ] [ PARAM ] array (
  'time_ms' => '1732635826.8268',
  'events' => 
  array (
    0 => 
    array (
      'channel' => 'cu3131353234342f31',
      'name' => 'channel_removed',
    ),
    1 => 
    array (
      'channel' => 'se21',
      'name' => 'channel_removed',
    ),
  ),
)
[ info ] [ SESSION ] INIT array (
  'id' => '',
  'var_session_id' => '',
  'prefix' => '',
  'type' => '',
  'auto_start' => true,
)
[ info ] [ LANG ] /www/wwwroot/cs.wmtao.xyz/public/../application/lang/cn.php
[ info ] [ BEHAVIOR ] Run Closure @action_begin [ RunTime:0.000115s ]
[ info ] [ RUN ] app\admin\controller\Event->index[ /www/wwwroot/cs.wmtao.xyz/application/admin/controller/Event.php ]
[ info ] [ DB ] INIT mysql
[ info ] [ LOG ] INIT File
[ sql ] [ DB ] CONNECT:[ UseTime:0.000617s ] mysql:host=127.0.0.1;dbname=cs_wmtao_xyz;charset=utf8
[ sql ] [ SQL ] SHOW COLUMNS FROM `wolive_queue` [ RunTime:0.001000s ]
[ sql ] [ SQL ] SELECT * FROM `wolive_queue` WHERE  `visiter_id` = '115244'  AND `business_id` = 1 LIMIT 1 [ RunTime:0.000352s ]
[ sql ] [ SQL ] UPDATE `wolive_queue`  SET `remind_tpl`=0,`remind_comment`=0  WHERE  `visiter_id` = '115244'  AND `business_id` = 1 [ RunTime:0.000262s ]
[ sql ] [ SQL ] SHOW COLUMNS FROM `wolive_visiter` [ RunTime:0.001228s ]
[ sql ] [ SQL ] UPDATE `wolive_visiter`  SET `state`='offline'  WHERE  `channel` = '3131353234342f31' [ RunTime:0.000520s ]
---------------------------------------------------------------
[ 2024-11-26T23:44:13+08:00 ] 39.105.137.202 POST cs.wmtao.xyz/admin/event
[运行时间：0.033440s] [吞吐率：29.90req/s] [内存消耗：4,496.96kb] [文件加载：72]
[ info ] [ CACHE ] INIT File
[ info ] [ BEHAVIOR ] Run Closure @app_init [ RunTime:0.001126s ]
[ info ] [ LANG ] /www/wwwroot/cs.wmtao.xyz/thinkphp/lang/zh-cn.php
[ info ] [ ROUTE ] array (
  'type' => 'module',
  'module' => 
  array (
    0 => 'admin',
    1 => 'event',
    2 => NULL,
  ),
)
[ info ] [ HEADER ] array (
  'content-length' => '86',
  'content-type' => 'application/json',
  'x-pusher-signature' => '85502f866ed5e728ae84f4b322c97d3bfde4025c25e3fbf9718992c47fc3660a',
  'x-pusher-key' => 'xd5bgugi03uzg9wl',
  'connection' => 'close',
  'host' => 'cs.wmtao.xyz',
)
[ info ] [ PARAM ] array (
  'time_ms' => '1732635853.8407',
  'events' => 
  array (
    0 => 
    array (
      'channel' => 'kefu30',
      'name' => 'channel_removed',
    ),
  ),
)
[ info ] [ SESSION ] INIT array (
  'id' => '',
  'var_session_id' => '',
  'prefix' => '',
  'type' => '',
  'auto_start' => true,
)
[ info ] [ LANG ] /www/wwwroot/cs.wmtao.xyz/public/../application/lang/cn.php
[ info ] [ BEHAVIOR ] Run Closure @action_begin [ RunTime:0.000112s ]
[ info ] [ RUN ] app\admin\controller\Event->index[ /www/wwwroot/cs.wmtao.xyz/application/admin/controller/Event.php ]
[ info ] [ DB ] INIT mysql
[ info ] [ LOG ] INIT File
[ sql ] [ DB ] CONNECT:[ UseTime:0.000605s ] mysql:host=127.0.0.1;dbname=cs_wmtao_xyz;charset=utf8
[ sql ] [ SQL ] SHOW COLUMNS FROM `wolive_service` [ RunTime:0.001008s ]
[ sql ] [ SQL ] UPDATE `wolive_service`  SET `state`='offline'  WHERE  `service_id` = 30 [ RunTime:0.000303s ]
---------------------------------------------------------------
[ 2024-11-26T23:44:35+08:00 ] 39.105.137.202 POST cs.wmtao.xyz/admin/event
[运行时间：0.089000s] [吞吐率：11.24req/s] [内存消耗：4,505.34kb] [文件加载：72]
[ info ] [ CACHE ] INIT File
[ info ] [ BEHAVIOR ] Run Closure @app_init [ RunTime:0.001127s ]
[ info ] [ LANG ] /www/wwwroot/cs.wmtao.xyz/thinkphp/lang/zh-cn.php
[ info ] [ ROUTE ] array (
  'type' => 'module',
  'module' => 
  array (
    0 => 'admin',
    1 => 'event',
    2 => NULL,
  ),
)
[ info ] [ HEADER ] array (
  'content-length' => '136',
  'content-type' => 'application/json',
  'x-pusher-signature' => 'e75c827238b00b36f0f82398cfb7729817e61d1c36e2a6f99d4a1c8065d06849',
  'x-pusher-key' => 'xd5bgugi03uzg9wl',
  'connection' => 'close',
  'host' => 'cs.wmtao.xyz',
)
[ info ] [ PARAM ] array (
  'time_ms' => '1732635874.8514',
  'events' => 
  array (
    0 => 
    array (
      'channel' => 'cu3934303539352f31',
      'name' => 'channel_added',
    ),
    1 => 
    array (
      'channel' => 'se1',
      'name' => 'channel_added',
    ),
  ),
)
[ info ] [ SESSION ] INIT array (
  'id' => '',
  'var_session_id' => '',
  'prefix' => '',
  'type' => '',
  'auto_start' => true,
)
[ info ] [ LANG ] /www/wwwroot/cs.wmtao.xyz/public/../application/lang/cn.php
[ info ] [ BEHAVIOR ] Run Closure @action_begin [ RunTime:0.000119s ]
[ info ] [ RUN ] app\admin\controller\Event->index[ /www/wwwroot/cs.wmtao.xyz/application/admin/controller/Event.php ]
[ info ] [ DB ] INIT mysql
[ info ] [ LOG ] INIT File
[ sql ] [ DB ] CONNECT:[ UseTime:0.000632s ] mysql:host=127.0.0.1;dbname=cs_wmtao_xyz;charset=utf8
[ sql ] [ SQL ] SHOW COLUMNS FROM `wolive_queue` [ RunTime:0.000998s ]
[ sql ] [ SQL ] SELECT * FROM `wolive_queue` WHERE  `visiter_id` = '940595'  AND `business_id` = 1 LIMIT 1 [ RunTime:0.000332s ]
[ sql ] [ SQL ] SHOW COLUMNS FROM `wolive_visiter` [ RunTime:0.001164s ]
[ sql ] [ SQL ] UPDATE `wolive_visiter`  SET `state`='online'  WHERE  `channel` = '3934303539352f31' [ RunTime:0.000488s ]
---------------------------------------------------------------
[ 2024-11-26T23:45:38+08:00 ] 39.105.137.202 POST cs.wmtao.xyz/admin/event
[运行时间：0.039090s] [吞吐率：25.58req/s] [内存消耗：4,505.34kb] [文件加载：72]
[ info ] [ CACHE ] INIT File
[ info ] [ BEHAVIOR ] Run Closure @app_init [ RunTime:0.001191s ]
[ info ] [ LANG ] /www/wwwroot/cs.wmtao.xyz/thinkphp/lang/zh-cn.php
[ info ] [ ROUTE ] array (
  'type' => 'module',
  'module' => 
  array (
    0 => 'admin',
    1 => 'event',
    2 => NULL,
  ),
)
[ info ] [ HEADER ] array (
  'content-length' => '138',
  'content-type' => 'application/json',
  'x-pusher-signature' => 'da1045aa0ecab1f896f884f7f7b0f0f53b03b32b56fed687ba9402290fe1a85f',
  'x-pusher-key' => 'xd5bgugi03uzg9wl',
  'connection' => 'close',
  'host' => 'cs.wmtao.xyz',
)
[ info ] [ PARAM ] array (
  'time_ms' => '1732635937.8934',
  'events' => 
  array (
    0 => 
    array (
      'channel' => 'cu3131353736362f31',
      'name' => 'channel_added',
    ),
    1 => 
    array (
      'channel' => 'se24',
      'name' => 'channel_added',
    ),
  ),
)
[ info ] [ SESSION ] INIT array (
  'id' => '',
  'var_session_id' => '',
  'prefix' => '',
  'type' => '',
  'auto_start' => true,
)
[ info ] [ LANG ] /www/wwwroot/cs.wmtao.xyz/public/../application/lang/cn.php
[ info ] [ BEHAVIOR ] Run Closure @action_begin [ RunTime:0.000123s ]
[ info ] [ RUN ] app\admin\controller\Event->index[ /www/wwwroot/cs.wmtao.xyz/application/admin/controller/Event.php ]
[ info ] [ DB ] INIT mysql
[ info ] [ LOG ] INIT File
[ sql ] [ DB ] CONNECT:[ UseTime:0.000606s ] mysql:host=127.0.0.1;dbname=cs_wmtao_xyz;charset=utf8
[ sql ] [ SQL ] SHOW COLUMNS FROM `wolive_queue` [ RunTime:0.001066s ]
[ sql ] [ SQL ] SELECT * FROM `wolive_queue` WHERE  `visiter_id` = '115766'  AND `business_id` = 1 LIMIT 1 [ RunTime:0.000378s ]
[ sql ] [ SQL ] SHOW COLUMNS FROM `wolive_visiter` [ RunTime:0.000971s ]
[ sql ] [ SQL ] UPDATE `wolive_visiter`  SET `state`='online'  WHERE  `channel` = '3131353736362f31' [ RunTime:0.000481s ]
---------------------------------------------------------------
[ 2024-11-26T23:46:41+08:00 ] 39.105.137.202 POST cs.wmtao.xyz/admin/event
[运行时间：0.237577s] [吞吐率：4.21req/s] [内存消耗：4,506.90kb] [文件加载：72]
[ info ] [ CACHE ] INIT File
[ info ] [ BEHAVIOR ] Run Closure @app_init [ RunTime:0.001103s ]
[ info ] [ LANG ] /www/wwwroot/cs.wmtao.xyz/thinkphp/lang/zh-cn.php
[ info ] [ ROUTE ] array (
  'type' => 'module',
  'module' => 
  array (
    0 => 'admin',
    1 => 'event',
    2 => NULL,
  ),
)
[ info ] [ HEADER ] array (
  'content-length' => '142',
  'content-type' => 'application/json',
  'x-pusher-signature' => '90108920b434accab1668455996d093ea3f8ca8e936a5c424833be144c18e2af',
  'x-pusher-key' => 'xd5bgugi03uzg9wl',
  'connection' => 'close',
  'host' => 'cs.wmtao.xyz',
)
[ info ] [ PARAM ] array (
  'time_ms' => '1732636000.9335',
  'events' => 
  array (
    0 => 
    array (
      'channel' => 'cu3131353736362f31',
      'name' => 'channel_removed',
    ),
    1 => 
    array (
      'channel' => 'se24',
      'name' => 'channel_removed',
    ),
  ),
)
[ info ] [ SESSION ] INIT array (
  'id' => '',
  'var_session_id' => '',
  'prefix' => '',
  'type' => '',
  'auto_start' => true,
)
[ info ] [ LANG ] /www/wwwroot/cs.wmtao.xyz/public/../application/lang/cn.php
[ info ] [ BEHAVIOR ] Run Closure @action_begin [ RunTime:0.000115s ]
[ info ] [ RUN ] app\admin\controller\Event->index[ /www/wwwroot/cs.wmtao.xyz/application/admin/controller/Event.php ]
[ info ] [ DB ] INIT mysql
[ info ] [ LOG ] INIT File
[ sql ] [ DB ] CONNECT:[ UseTime:0.000536s ] mysql:host=127.0.0.1;dbname=cs_wmtao_xyz;charset=utf8
[ sql ] [ SQL ] SHOW COLUMNS FROM `wolive_queue` [ RunTime:0.001008s ]
[ sql ] [ SQL ] SELECT * FROM `wolive_queue` WHERE  `visiter_id` = '115766'  AND `business_id` = 1 LIMIT 1 [ RunTime:0.000324s ]
[ sql ] [ SQL ] UPDATE `wolive_queue`  SET `remind_tpl`=0,`remind_comment`=0  WHERE  `visiter_id` = '115766'  AND `business_id` = 1 [ RunTime:0.000271s ]
[ sql ] [ SQL ] SHOW COLUMNS FROM `wolive_visiter` [ RunTime:0.001198s ]
[ sql ] [ SQL ] UPDATE `wolive_visiter`  SET `state`='offline'  WHERE  `channel` = '3131353736362f31' [ RunTime:0.000495s ]
---------------------------------------------------------------
[ 2024-11-26T23:47:47+08:00 ] 39.105.137.202 POST cs.wmtao.xyz/admin/event
[运行时间：0.241435s] [吞吐率：4.14req/s] [内存消耗：4,506.90kb] [文件加载：72]
[ info ] [ CACHE ] INIT File
[ info ] [ BEHAVIOR ] Run Closure @app_init [ RunTime:0.001153s ]
[ info ] [ LANG ] /www/wwwroot/cs.wmtao.xyz/thinkphp/lang/zh-cn.php
[ info ] [ ROUTE ] array (
  'type' => 'module',
  'module' => 
  array (
    0 => 'admin',
    1 => 'event',
    2 => NULL,
  ),
)
[ info ] [ HEADER ] array (
  'content-length' => '141',
  'content-type' => 'application/json',
  'x-pusher-signature' => '369f3d616a0f1bf99375260b87d8774a278a04376b4e2706cf3e265322f503e3',
  'x-pusher-key' => 'xd5bgugi03uzg9wl',
  'connection' => 'close',
  'host' => 'cs.wmtao.xyz',
)
[ info ] [ PARAM ] array (
  'time_ms' => '1732636066.9751',
  'events' => 
  array (
    0 => 
    array (
      'channel' => 'cu3934303539352f31',
      'name' => 'channel_removed',
    ),
    1 => 
    array (
      'channel' => 'se1',
      'name' => 'channel_removed',
    ),
  ),
)
[ info ] [ SESSION ] INIT array (
  'id' => '',
  'var_session_id' => '',
  'prefix' => '',
  'type' => '',
  'auto_start' => true,
)
[ info ] [ LANG ] /www/wwwroot/cs.wmtao.xyz/public/../application/lang/cn.php
[ info ] [ BEHAVIOR ] Run Closure @action_begin [ RunTime:0.000116s ]
[ info ] [ RUN ] app\admin\controller\Event->index[ /www/wwwroot/cs.wmtao.xyz/application/admin/controller/Event.php ]
[ info ] [ DB ] INIT mysql
[ info ] [ LOG ] INIT File
[ sql ] [ DB ] CONNECT:[ UseTime:0.000941s ] mysql:host=127.0.0.1;dbname=cs_wmtao_xyz;charset=utf8
[ sql ] [ SQL ] SHOW COLUMNS FROM `wolive_queue` [ RunTime:0.002166s ]
[ sql ] [ SQL ] SELECT * FROM `wolive_queue` WHERE  `visiter_id` = '940595'  AND `business_id` = 1 LIMIT 1 [ RunTime:0.000461s ]
[ sql ] [ SQL ] UPDATE `wolive_queue`  SET `remind_tpl`=0,`remind_comment`=0  WHERE  `visiter_id` = '940595'  AND `business_id` = 1 [ RunTime:0.000310s ]
[ sql ] [ SQL ] SHOW COLUMNS FROM `wolive_visiter` [ RunTime:0.002358s ]
[ sql ] [ SQL ] UPDATE `wolive_visiter`  SET `state`='offline'  WHERE  `channel` = '3934303539352f31' [ RunTime:0.000504s ]
---------------------------------------------------------------
[ 2024-11-26T23:50:05+08:00 ] 39.105.137.202 POST cs.wmtao.xyz/admin/event
[运行时间：0.088119s] [吞吐率：11.35req/s] [内存消耗：4,505.34kb] [文件加载：72]
[ info ] [ CACHE ] INIT File
[ info ] [ BEHAVIOR ] Run Closure @app_init [ RunTime:0.001148s ]
[ info ] [ LANG ] /www/wwwroot/cs.wmtao.xyz/thinkphp/lang/zh-cn.php
[ info ] [ ROUTE ] array (
  'type' => 'module',
  'module' => 
  array (
    0 => 'admin',
    1 => 'event',
    2 => NULL,
  ),
)
[ info ] [ HEADER ] array (
  'content-length' => '138',
  'content-type' => 'application/json',
  'x-pusher-signature' => 'e61077bf12dff0aac01e2bc997eaef390ad8c1702f8a7face902c23e3e4ddc1b',
  'x-pusher-key' => 'xd5bgugi03uzg9wl',
  'connection' => 'close',
  'host' => 'cs.wmtao.xyz',
)
[ info ] [ PARAM ] array (
  'time_ms' => '1732636204.9916',
  'events' => 
  array (
    0 => 
    array (
      'channel' => 'cu3131363637322f31',
      'name' => 'channel_added',
    ),
    1 => 
    array (
      'channel' => 'se10',
      'name' => 'channel_added',
    ),
  ),
)
[ info ] [ SESSION ] INIT array (
  'id' => '',
  'var_session_id' => '',
  'prefix' => '',
  'type' => '',
  'auto_start' => true,
)
[ info ] [ LANG ] /www/wwwroot/cs.wmtao.xyz/public/../application/lang/cn.php
[ info ] [ BEHAVIOR ] Run Closure @action_begin [ RunTime:0.000112s ]
[ info ] [ RUN ] app\admin\controller\Event->index[ /www/wwwroot/cs.wmtao.xyz/application/admin/controller/Event.php ]
[ info ] [ DB ] INIT mysql
[ info ] [ LOG ] INIT File
[ sql ] [ DB ] CONNECT:[ UseTime:0.001041s ] mysql:host=127.0.0.1;dbname=cs_wmtao_xyz;charset=utf8
[ sql ] [ SQL ] SHOW COLUMNS FROM `wolive_queue` [ RunTime:0.001292s ]
[ sql ] [ SQL ] SELECT * FROM `wolive_queue` WHERE  `visiter_id` = '116672'  AND `business_id` = 1 LIMIT 1 [ RunTime:0.000533s ]
[ sql ] [ SQL ] SHOW COLUMNS FROM `wolive_visiter` [ RunTime:0.001311s ]
[ sql ] [ SQL ] UPDATE `wolive_visiter`  SET `state`='online'  WHERE  `channel` = '3131363637322f31' [ RunTime:0.000580s ]
---------------------------------------------------------------
[ 2024-11-26T23:54:00+08:00 ] 39.105.137.202 POST cs.wmtao.xyz/admin/event
[运行时间：0.232013s] [吞吐率：4.31req/s] [内存消耗：4,498.70kb] [文件加载：72]
[ info ] [ CACHE ] INIT File
[ info ] [ BEHAVIOR ] Run Closure @app_init [ RunTime:0.001146s ]
[ info ] [ LANG ] /www/wwwroot/cs.wmtao.xyz/thinkphp/lang/zh-cn.php
[ info ] [ ROUTE ] array (
  'type' => 'module',
  'module' => 
  array (
    0 => 'admin',
    1 => 'event',
    2 => NULL,
  ),
)
[ info ] [ HEADER ] array (
  'content-length' => '168',
  'content-type' => 'application/json',
  'x-pusher-signature' => 'd1df6735f5ef76c2f1b4235a8242029bc53c4d3562794ae1be980a357d9674c5',
  'x-pusher-key' => 'xd5bgugi03uzg9wl',
  'connection' => 'close',
  'host' => 'cs.wmtao.xyz',
)
[ info ] [ PARAM ] array (
  'time_ms' => '1732636439.1408',
  'events' => 
  array (
    0 => 
    array (
      'channel' => 'ud24',
      'name' => 'channel_added',
    ),
    1 => 
    array (
      'channel' => 'all1',
      'name' => 'channel_added',
    ),
    2 => 
    array (
      'channel' => 'kefu24',
      'name' => 'channel_added',
    ),
  ),
)
[ info ] [ SESSION ] INIT array (
  'id' => '',
  'var_session_id' => '',
  'prefix' => '',
  'type' => '',
  'auto_start' => true,
)
[ info ] [ LANG ] /www/wwwroot/cs.wmtao.xyz/public/../application/lang/cn.php
[ info ] [ BEHAVIOR ] Run Closure @action_begin [ RunTime:0.000112s ]
[ info ] [ RUN ] app\admin\controller\Event->index[ /www/wwwroot/cs.wmtao.xyz/application/admin/controller/Event.php ]
[ info ] [ DB ] INIT mysql
[ info ] [ LOG ] INIT File
[ sql ] [ DB ] CONNECT:[ UseTime:0.000968s ] mysql:host=127.0.0.1;dbname=cs_wmtao_xyz;charset=utf8
[ sql ] [ SQL ] SHOW COLUMNS FROM `wolive_service` [ RunTime:0.001233s ]
[ sql ] [ SQL ] UPDATE `wolive_service`  SET `state`='online'  WHERE  `service_id` = 24 [ RunTime:0.000436s ]
---------------------------------------------------------------
[ 2024-11-26T23:55:26+08:00 ] 39.105.137.202 POST cs.wmtao.xyz/admin/event
[运行时间：0.091731s] [吞吐率：10.90req/s] [内存消耗：4,498.70kb] [文件加载：72]
[ info ] [ CACHE ] INIT File
[ info ] [ BEHAVIOR ] Run Closure @app_init [ RunTime:0.001161s ]
[ info ] [ LANG ] /www/wwwroot/cs.wmtao.xyz/thinkphp/lang/zh-cn.php
[ info ] [ ROUTE ] array (
  'type' => 'module',
  'module' => 
  array (
    0 => 'admin',
    1 => 'event',
    2 => NULL,
  ),
)
[ info ] [ HEADER ] array (
  'content-length' => '174',
  'content-type' => 'application/json',
  'x-pusher-signature' => '68fe8a51ebcacae7928339795326b3cda46e88e14c359c5b63bbff3a584f8d8f',
  'x-pusher-key' => 'xd5bgugi03uzg9wl',
  'connection' => 'close',
  'host' => 'cs.wmtao.xyz',
)
[ info ] [ PARAM ] array (
  'time_ms' => '1732636526.1973',
  'events' => 
  array (
    0 => 
    array (
      'channel' => 'ud24',
      'name' => 'channel_removed',
    ),
    1 => 
    array (
      'channel' => 'all1',
      'name' => 'channel_removed',
    ),
    2 => 
    array (
      'channel' => 'kefu24',
      'name' => 'channel_removed',
    ),
  ),
)
[ info ] [ SESSION ] INIT array (
  'id' => '',
  'var_session_id' => '',
  'prefix' => '',
  'type' => '',
  'auto_start' => true,
)
[ info ] [ LANG ] /www/wwwroot/cs.wmtao.xyz/public/../application/lang/cn.php
[ info ] [ BEHAVIOR ] Run Closure @action_begin [ RunTime:0.000112s ]
[ info ] [ RUN ] app\admin\controller\Event->index[ /www/wwwroot/cs.wmtao.xyz/application/admin/controller/Event.php ]
[ info ] [ DB ] INIT mysql
[ info ] [ LOG ] INIT File
[ sql ] [ DB ] CONNECT:[ UseTime:0.000873s ] mysql:host=127.0.0.1;dbname=cs_wmtao_xyz;charset=utf8
[ sql ] [ SQL ] SHOW COLUMNS FROM `wolive_service` [ RunTime:0.001170s ]
[ sql ] [ SQL ] UPDATE `wolive_service`  SET `state`='offline'  WHERE  `service_id` = 24 [ RunTime:0.000412s ]
---------------------------------------------------------------
[ 2024-11-26T23:57:29+08:00 ] 39.105.137.202 POST cs.wmtao.xyz/admin/event
[运行时间：0.081550s] [吞吐率：12.26req/s] [内存消耗：4,496.96kb] [文件加载：72]
[ info ] [ CACHE ] INIT File
[ info ] [ BEHAVIOR ] Run Closure @app_init [ RunTime:0.001093s ]
[ info ] [ LANG ] /www/wwwroot/cs.wmtao.xyz/thinkphp/lang/zh-cn.php
[ info ] [ ROUTE ] array (
  'type' => 'module',
  'module' => 
  array (
    0 => 'admin',
    1 => 'event',
    2 => NULL,
  ),
)
[ info ] [ HEADER ] array (
  'content-length' => '84',
  'content-type' => 'application/json',
  'x-pusher-signature' => 'ae97a046f40718e5e5373ad64bb62c47025f412c49f432493a68fd7af22ae6d8',
  'x-pusher-key' => 'xd5bgugi03uzg9wl',
  'connection' => 'close',
  'host' => 'cs.wmtao.xyz',
)
[ info ] [ PARAM ] array (
  'time_ms' => '1732636649.2813',
  'events' => 
  array (
    0 => 
    array (
      'channel' => 'kefu30',
      'name' => 'channel_added',
    ),
  ),
)
[ info ] [ SESSION ] INIT array (
  'id' => '',
  'var_session_id' => '',
  'prefix' => '',
  'type' => '',
  'auto_start' => true,
)
[ info ] [ LANG ] /www/wwwroot/cs.wmtao.xyz/public/../application/lang/cn.php
[ info ] [ BEHAVIOR ] Run Closure @action_begin [ RunTime:0.000120s ]
[ info ] [ RUN ] app\admin\controller\Event->index[ /www/wwwroot/cs.wmtao.xyz/application/admin/controller/Event.php ]
[ info ] [ DB ] INIT mysql
[ info ] [ LOG ] INIT File
[ sql ] [ DB ] CONNECT:[ UseTime:0.000663s ] mysql:host=127.0.0.1;dbname=cs_wmtao_xyz;charset=utf8
[ sql ] [ SQL ] SHOW COLUMNS FROM `wolive_service` [ RunTime:0.001027s ]
[ sql ] [ SQL ] UPDATE `wolive_service`  SET `state`='online'  WHERE  `service_id` = 30 [ RunTime:0.000307s ]
---------------------------------------------------------------
[ 2024-11-26T23:58:20+08:00 ] 39.105.137.202 POST cs.wmtao.xyz/admin/event
[运行时间：0.247236s] [吞吐率：4.04req/s] [内存消耗：4,505.34kb] [文件加载：72]
[ info ] [ CACHE ] INIT File
[ info ] [ BEHAVIOR ] Run Closure @app_init [ RunTime:0.001151s ]
[ info ] [ LANG ] /www/wwwroot/cs.wmtao.xyz/thinkphp/lang/zh-cn.php
[ info ] [ ROUTE ] array (
  'type' => 'module',
  'module' => 
  array (
    0 => 'admin',
    1 => 'event',
    2 => NULL,
  ),
)
[ info ] [ HEADER ] array (
  'content-length' => '138',
  'content-type' => 'application/json',
  'x-pusher-signature' => 'fe380eab392938038c54ac8a473d3b833f3b28cfc4dbdb62833c7154bc02777c',
  'x-pusher-key' => 'xd5bgugi03uzg9wl',
  'connection' => 'close',
  'host' => 'cs.wmtao.xyz',
)
[ info ] [ PARAM ] array (
  'time_ms' => '1732636700.3173',
  'events' => 
  array (
    0 => 
    array (
      'channel' => 'cu3934313235342f31',
      'name' => 'channel_added',
    ),
    1 => 
    array (
      'channel' => 'se31',
      'name' => 'channel_added',
    ),
  ),
)
[ info ] [ SESSION ] INIT array (
  'id' => '',
  'var_session_id' => '',
  'prefix' => '',
  'type' => '',
  'auto_start' => true,
)
[ info ] [ LANG ] /www/wwwroot/cs.wmtao.xyz/public/../application/lang/cn.php
[ info ] [ BEHAVIOR ] Run Closure @action_begin [ RunTime:0.000112s ]
[ info ] [ RUN ] app\admin\controller\Event->index[ /www/wwwroot/cs.wmtao.xyz/application/admin/controller/Event.php ]
[ info ] [ DB ] INIT mysql
[ info ] [ LOG ] INIT File
[ sql ] [ DB ] CONNECT:[ UseTime:0.000665s ] mysql:host=127.0.0.1;dbname=cs_wmtao_xyz;charset=utf8
[ sql ] [ SQL ] SHOW COLUMNS FROM `wolive_queue` [ RunTime:0.001018s ]
[ sql ] [ SQL ] SELECT * FROM `wolive_queue` WHERE  `visiter_id` = '941254'  AND `business_id` = 1 LIMIT 1 [ RunTime:0.000371s ]
[ sql ] [ SQL ] SHOW COLUMNS FROM `wolive_visiter` [ RunTime:0.001276s ]
[ sql ] [ SQL ] UPDATE `wolive_visiter`  SET `state`='online'  WHERE  `channel` = '3934313235342f31' [ RunTime:0.000542s ]
---------------------------------------------------------------
[ 2024-11-26T23:58:23+08:00 ] 39.105.137.202 POST cs.wmtao.xyz/admin/event
[运行时间：0.242379s] [吞吐率：4.13req/s] [内存消耗：4,506.90kb] [文件加载：72]
[ info ] [ CACHE ] INIT File
[ info ] [ BEHAVIOR ] Run Closure @app_init [ RunTime:0.001100s ]
[ info ] [ LANG ] /www/wwwroot/cs.wmtao.xyz/thinkphp/lang/zh-cn.php
[ info ] [ ROUTE ] array (
  'type' => 'module',
  'module' => 
  array (
    0 => 'admin',
    1 => 'event',
    2 => NULL,
  ),
)
[ info ] [ HEADER ] array (
  'content-length' => '142',
  'content-type' => 'application/json',
  'x-pusher-signature' => 'a28de1237e885249505459a027469e6b1691ff74fdebf00f84e48f93a48904cf',
  'x-pusher-key' => 'xd5bgugi03uzg9wl',
  'connection' => 'close',
  'host' => 'cs.wmtao.xyz',
)
[ info ] [ PARAM ] array (
  'time_ms' => '1732636703.3187',
  'events' => 
  array (
    0 => 
    array (
      'channel' => 'cu3934313235342f31',
      'name' => 'channel_removed',
    ),
    1 => 
    array (
      'channel' => 'se31',
      'name' => 'channel_removed',
    ),
  ),
)
[ info ] [ SESSION ] INIT array (
  'id' => '',
  'var_session_id' => '',
  'prefix' => '',
  'type' => '',
  'auto_start' => true,
)
[ info ] [ LANG ] /www/wwwroot/cs.wmtao.xyz/public/../application/lang/cn.php
[ info ] [ BEHAVIOR ] Run Closure @action_begin [ RunTime:0.000129s ]
[ info ] [ RUN ] app\admin\controller\Event->index[ /www/wwwroot/cs.wmtao.xyz/application/admin/controller/Event.php ]
[ info ] [ DB ] INIT mysql
[ info ] [ LOG ] INIT File
[ sql ] [ DB ] CONNECT:[ UseTime:0.000915s ] mysql:host=127.0.0.1;dbname=cs_wmtao_xyz;charset=utf8
[ sql ] [ SQL ] SHOW COLUMNS FROM `wolive_queue` [ RunTime:0.001188s ]
[ sql ] [ SQL ] SELECT * FROM `wolive_queue` WHERE  `visiter_id` = '941254'  AND `business_id` = 1 LIMIT 1 [ RunTime:0.000447s ]
[ sql ] [ SQL ] UPDATE `wolive_queue`  SET `remind_tpl`=0,`remind_comment`=0  WHERE  `visiter_id` = '941254'  AND `business_id` = 1 [ RunTime:0.000283s ]
[ sql ] [ SQL ] SHOW COLUMNS FROM `wolive_visiter` [ RunTime:0.001310s ]
[ sql ] [ SQL ] UPDATE `wolive_visiter`  SET `state`='offline'  WHERE  `channel` = '3934313235342f31' [ RunTime:0.000477s ]
