---------------------------------------------------------------
[ 2024-11-27T23:46:08+08:00 ] 39.105.137.202 POST cs.wmtao.xyz/admin/event
[运行时间：0.334489s] [吞吐率：2.99req/s] [内存消耗：4,504.33kb] [文件加载：72]
[ info ] [ CACHE ] INIT File
[ info ] [ BEHAVIOR ] Run Closure @app_init [ RunTime:0.001837s ]
[ info ] [ LANG ] /www/wwwroot/cs.wmtao.xyz/thinkphp/lang/zh-cn.php
[ info ] [ ROUTE ] array (
  'type' => 'module',
  'module' => 
  array (
    0 => 'admin',
    1 => 'event',
    2 => NULL,
  ),
)
[ info ] [ HEADER ] array (
  'content-length' => '96',
  'content-type' => 'application/json',
  'x-pusher-signature' => '295254122cbc195bfbe9f55d166f6589df5c00165f541a6d3ecc4fe87f5b1020',
  'x-pusher-key' => 'xd5bgugi03uzg9wl',
  'connection' => 'close',
  'host' => 'cs.wmtao.xyz',
)
[ info ] [ PARAM ] array (
  'time_ms' => '1732722368.2321',
  'events' => 
  array (
    0 => 
    array (
      'channel' => 'cu3934303738332f31',
      'name' => 'channel_added',
    ),
  ),
)
[ info ] [ SESSION ] INIT array (
  'id' => '',
  'var_session_id' => '',
  'prefix' => '',
  'type' => '',
  'auto_start' => true,
)
[ info ] [ LANG ] /www/wwwroot/cs.wmtao.xyz/public/../application/lang/cn.php
[ info ] [ BEHAVIOR ] Run Closure @action_begin [ RunTime:0.000168s ]
[ info ] [ RUN ] app\admin\controller\Event->index[ /www/wwwroot/cs.wmtao.xyz/application/admin/controller/Event.php ]
[ info ] [ DB ] INIT mysql
[ info ] [ LOG ] INIT File
[ sql ] [ DB ] CONNECT:[ UseTime:0.001226s ] mysql:host=127.0.0.1;dbname=cs_wmtao_xyz;charset=utf8
[ sql ] [ SQL ] SHOW COLUMNS FROM `wolive_queue` [ RunTime:0.001716s ]
[ sql ] [ SQL ] SELECT * FROM `wolive_queue` WHERE  `visiter_id` = '940783'  AND `business_id` = 1 LIMIT 1 [ RunTime:0.000651s ]
[ sql ] [ SQL ] SHOW COLUMNS FROM `wolive_visiter` [ RunTime:0.001260s ]
[ sql ] [ SQL ] UPDATE `wolive_visiter`  SET `state`='online'  WHERE  `channel` = '3934303738332f31' [ RunTime:0.000560s ]
---------------------------------------------------------------
[ 2024-11-27T23:46:23+08:00 ] 39.105.137.202 POST cs.wmtao.xyz/admin/event
[运行时间：0.038350s] [吞吐率：26.08req/s] [内存消耗：4,505.90kb] [文件加载：72]
[ info ] [ CACHE ] INIT File
[ info ] [ BEHAVIOR ] Run Closure @app_init [ RunTime:0.001109s ]
[ info ] [ LANG ] /www/wwwroot/cs.wmtao.xyz/thinkphp/lang/zh-cn.php
[ info ] [ ROUTE ] array (
  'type' => 'module',
  'module' => 
  array (
    0 => 'admin',
    1 => 'event',
    2 => NULL,
  ),
)
[ info ] [ HEADER ] array (
  'content-length' => '98',
  'content-type' => 'application/json',
  'x-pusher-signature' => '84ef6e6e2c7643538134c1607f291b5a62bc248d035ae498cde1abf66ee15aa1',
  'x-pusher-key' => 'xd5bgugi03uzg9wl',
  'connection' => 'close',
  'host' => 'cs.wmtao.xyz',
)
[ info ] [ PARAM ] array (
  'time_ms' => '1732722383.2384',
  'events' => 
  array (
    0 => 
    array (
      'channel' => 'cu3934303738332f31',
      'name' => 'channel_removed',
    ),
  ),
)
[ info ] [ SESSION ] INIT array (
  'id' => '',
  'var_session_id' => '',
  'prefix' => '',
  'type' => '',
  'auto_start' => true,
)
[ info ] [ LANG ] /www/wwwroot/cs.wmtao.xyz/public/../application/lang/cn.php
[ info ] [ BEHAVIOR ] Run Closure @action_begin [ RunTime:0.000124s ]
[ info ] [ RUN ] app\admin\controller\Event->index[ /www/wwwroot/cs.wmtao.xyz/application/admin/controller/Event.php ]
[ info ] [ DB ] INIT mysql
[ info ] [ LOG ] INIT File
[ sql ] [ DB ] CONNECT:[ UseTime:0.000548s ] mysql:host=127.0.0.1;dbname=cs_wmtao_xyz;charset=utf8
[ sql ] [ SQL ] SHOW COLUMNS FROM `wolive_queue` [ RunTime:0.001009s ]
[ sql ] [ SQL ] SELECT * FROM `wolive_queue` WHERE  `visiter_id` = '940783'  AND `business_id` = 1 LIMIT 1 [ RunTime:0.000391s ]
[ sql ] [ SQL ] UPDATE `wolive_queue`  SET `remind_tpl`=0,`remind_comment`=0  WHERE  `visiter_id` = '940783'  AND `business_id` = 1 [ RunTime:0.000295s ]
[ sql ] [ SQL ] SHOW COLUMNS FROM `wolive_visiter` [ RunTime:0.001001s ]
[ sql ] [ SQL ] UPDATE `wolive_visiter`  SET `state`='offline'  WHERE  `channel` = '3934303738332f31' [ RunTime:0.000444s ]
---------------------------------------------------------------
[ 2024-11-27T23:46:29+08:00 ] 39.105.137.202 POST cs.wmtao.xyz/admin/event
[运行时间：0.036805s] [吞吐率：27.17req/s] [内存消耗：4,504.34kb] [文件加载：72]
[ info ] [ CACHE ] INIT File
[ info ] [ BEHAVIOR ] Run Closure @app_init [ RunTime:0.001101s ]
[ info ] [ LANG ] /www/wwwroot/cs.wmtao.xyz/thinkphp/lang/zh-cn.php
[ info ] [ ROUTE ] array (
  'type' => 'module',
  'module' => 
  array (
    0 => 'admin',
    1 => 'event',
    2 => NULL,
  ),
)
[ info ] [ HEADER ] array (
  'content-length' => '96',
  'content-type' => 'application/json',
  'x-pusher-signature' => '4b02d31b25ee61c678ca22c56423c68652fbeefb3acba16a6d91c78db552dffd',
  'x-pusher-key' => 'xd5bgugi03uzg9wl',
  'connection' => 'close',
  'host' => 'cs.wmtao.xyz',
)
[ info ] [ PARAM ] array (
  'time_ms' => '1732722389.2415',
  'events' => 
  array (
    0 => 
    array (
      'channel' => 'cu3934303738332f31',
      'name' => 'channel_added',
    ),
  ),
)
[ info ] [ SESSION ] INIT array (
  'id' => '',
  'var_session_id' => '',
  'prefix' => '',
  'type' => '',
  'auto_start' => true,
)
[ info ] [ LANG ] /www/wwwroot/cs.wmtao.xyz/public/../application/lang/cn.php
[ info ] [ BEHAVIOR ] Run Closure @action_begin [ RunTime:0.000120s ]
[ info ] [ RUN ] app\admin\controller\Event->index[ /www/wwwroot/cs.wmtao.xyz/application/admin/controller/Event.php ]
[ info ] [ DB ] INIT mysql
[ info ] [ LOG ] INIT File
[ sql ] [ DB ] CONNECT:[ UseTime:0.000622s ] mysql:host=127.0.0.1;dbname=cs_wmtao_xyz;charset=utf8
[ sql ] [ SQL ] SHOW COLUMNS FROM `wolive_queue` [ RunTime:0.001006s ]
[ sql ] [ SQL ] SELECT * FROM `wolive_queue` WHERE  `visiter_id` = '940783'  AND `business_id` = 1 LIMIT 1 [ RunTime:0.000377s ]
[ sql ] [ SQL ] SHOW COLUMNS FROM `wolive_visiter` [ RunTime:0.001015s ]
[ sql ] [ SQL ] UPDATE `wolive_visiter`  SET `state`='online'  WHERE  `channel` = '3934303738332f31' [ RunTime:0.000454s ]
---------------------------------------------------------------
[ 2024-11-27T23:48:38+08:00 ] 39.105.137.202 POST cs.wmtao.xyz/admin/event
[运行时间：0.082838s] [吞吐率：12.07req/s] [内存消耗：4,505.90kb] [文件加载：72]
[ info ] [ CACHE ] INIT File
[ info ] [ BEHAVIOR ] Run Closure @app_init [ RunTime:0.001132s ]
[ info ] [ LANG ] /www/wwwroot/cs.wmtao.xyz/thinkphp/lang/zh-cn.php
[ info ] [ ROUTE ] array (
  'type' => 'module',
  'module' => 
  array (
    0 => 'admin',
    1 => 'event',
    2 => NULL,
  ),
)
[ info ] [ HEADER ] array (
  'content-length' => '98',
  'content-type' => 'application/json',
  'x-pusher-signature' => 'b6f88fc1e6c9e0ff14e0f9cd74ee1e3e868e6eeb8a93a92af17826273a43ab32',
  'x-pusher-key' => 'xd5bgugi03uzg9wl',
  'connection' => 'close',
  'host' => 'cs.wmtao.xyz',
)
[ info ] [ PARAM ] array (
  'time_ms' => '1732722518.3115',
  'events' => 
  array (
    0 => 
    array (
      'channel' => 'cu3934303738332f31',
      'name' => 'channel_removed',
    ),
  ),
)
[ info ] [ SESSION ] INIT array (
  'id' => '',
  'var_session_id' => '',
  'prefix' => '',
  'type' => '',
  'auto_start' => true,
)
[ info ] [ LANG ] /www/wwwroot/cs.wmtao.xyz/public/../application/lang/cn.php
[ info ] [ BEHAVIOR ] Run Closure @action_begin [ RunTime:0.000122s ]
[ info ] [ RUN ] app\admin\controller\Event->index[ /www/wwwroot/cs.wmtao.xyz/application/admin/controller/Event.php ]
[ info ] [ DB ] INIT mysql
[ info ] [ LOG ] INIT File
[ sql ] [ DB ] CONNECT:[ UseTime:0.001008s ] mysql:host=127.0.0.1;dbname=cs_wmtao_xyz;charset=utf8
[ sql ] [ SQL ] SHOW COLUMNS FROM `wolive_queue` [ RunTime:0.001192s ]
[ sql ] [ SQL ] SELECT * FROM `wolive_queue` WHERE  `visiter_id` = '940783'  AND `business_id` = 1 LIMIT 1 [ RunTime:0.000455s ]
[ sql ] [ SQL ] UPDATE `wolive_queue`  SET `remind_tpl`=0,`remind_comment`=0  WHERE  `visiter_id` = '940783'  AND `business_id` = 1 [ RunTime:0.000281s ]
[ sql ] [ SQL ] SHOW COLUMNS FROM `wolive_visiter` [ RunTime:0.001217s ]
[ sql ] [ SQL ] UPDATE `wolive_visiter`  SET `state`='offline'  WHERE  `channel` = '3934303738332f31' [ RunTime:0.000498s ]
---------------------------------------------------------------
[ 2024-11-27T23:50:05+08:00 ] 39.105.137.202 POST cs.wmtao.xyz/admin/event
[运行时间：0.218537s] [吞吐率：4.58req/s] [内存消耗：4,510.10kb] [文件加载：72]
[ info ] [ CACHE ] INIT File
[ info ] [ BEHAVIOR ] Run Closure @app_init [ RunTime:0.001156s ]
[ info ] [ LANG ] /www/wwwroot/cs.wmtao.xyz/thinkphp/lang/zh-cn.php
[ info ] [ ROUTE ] array (
  'type' => 'module',
  'module' => 
  array (
    0 => 'admin',
    1 => 'event',
    2 => NULL,
  ),
)
[ info ] [ HEADER ] array (
  'content-length' => '235',
  'content-type' => 'application/json',
  'x-pusher-signature' => '849b809209432705fdc177dd1dceebe059e3b6c9c28b36c0ea2d3aef10db4043',
  'x-pusher-key' => 'xd5bgugi03uzg9wl',
  'connection' => 'close',
  'host' => 'cs.wmtao.xyz',
)
[ info ] [ PARAM ] array (
  'time_ms' => '1732722604.9172',
  'events' => 
  array (
    0 => 
    array (
      'channel' => 'cu3934303430312f31',
      'name' => 'channel_added',
    ),
    1 => 
    array (
      'channel' => 'se30',
      'name' => 'channel_added',
    ),
    2 => 
    array (
      'channel' => 'cu3131363637322f31',
      'name' => 'channel_added',
    ),
    3 => 
    array (
      'channel' => 'se10',
      'name' => 'channel_added',
    ),
  ),
)
[ info ] [ SESSION ] INIT array (
  'id' => '',
  'var_session_id' => '',
  'prefix' => '',
  'type' => '',
  'auto_start' => true,
)
[ info ] [ LANG ] /www/wwwroot/cs.wmtao.xyz/public/../application/lang/cn.php
[ info ] [ BEHAVIOR ] Run Closure @action_begin [ RunTime:0.000119s ]
[ info ] [ RUN ] app\admin\controller\Event->index[ /www/wwwroot/cs.wmtao.xyz/application/admin/controller/Event.php ]
[ info ] [ DB ] INIT mysql
[ info ] [ LOG ] INIT File
[ sql ] [ DB ] CONNECT:[ UseTime:0.000556s ] mysql:host=127.0.0.1;dbname=cs_wmtao_xyz;charset=utf8
[ sql ] [ SQL ] SHOW COLUMNS FROM `wolive_queue` [ RunTime:0.000990s ]
[ sql ] [ SQL ] SELECT * FROM `wolive_queue` WHERE  `visiter_id` = '940401'  AND `business_id` = 1 LIMIT 1 [ RunTime:0.000351s ]
[ sql ] [ SQL ] SHOW COLUMNS FROM `wolive_visiter` [ RunTime:0.001232s ]
[ sql ] [ SQL ] UPDATE `wolive_visiter`  SET `state`='online'  WHERE  `channel` = '3934303430312f31' [ RunTime:0.000478s ]
[ sql ] [ SQL ] SELECT * FROM `wolive_queue` WHERE  `visiter_id` = '116672'  AND `business_id` = 1 LIMIT 1 [ RunTime:0.000273s ]
[ sql ] [ SQL ] UPDATE `wolive_visiter`  SET `state`='online'  WHERE  `channel` = '3131363637322f31' [ RunTime:0.000387s ]
---------------------------------------------------------------
[ 2024-11-27T23:51:53+08:00 ] 39.105.137.202 POST cs.wmtao.xyz/admin/event
[运行时间：0.200884s] [吞吐率：4.98req/s] [内存消耗：4,498.66kb] [文件加载：72]
[ info ] [ CACHE ] INIT File
[ info ] [ BEHAVIOR ] Run Closure @app_init [ RunTime:0.001157s ]
[ info ] [ LANG ] /www/wwwroot/cs.wmtao.xyz/thinkphp/lang/zh-cn.php
[ info ] [ ROUTE ] array (
  'type' => 'module',
  'module' => 
  array (
    0 => 'admin',
    1 => 'event',
    2 => NULL,
  ),
)
[ info ] [ HEADER ] array (
  'content-length' => '167',
  'content-type' => 'application/json',
  'x-pusher-signature' => 'b57fcd78a7f64e859b2a2e608253d41a9f8ed30cc51ab5625b61abde4e363608',
  'x-pusher-key' => 'xd5bgugi03uzg9wl',
  'connection' => 'close',
  'host' => 'cs.wmtao.xyz',
)
[ info ] [ PARAM ] array (
  'time_ms' => '1732722712.9861',
  'events' => 
  array (
    0 => 
    array (
      'channel' => 'ud24',
      'name' => 'channel_added',
    ),
    1 => 
    array (
      'channel' => 'all1',
      'name' => 'channel_added',
    ),
    2 => 
    array (
      'channel' => 'kefu24',
      'name' => 'channel_added',
    ),
  ),
)
[ info ] [ SESSION ] INIT array (
  'id' => '',
  'var_session_id' => '',
  'prefix' => '',
  'type' => '',
  'auto_start' => true,
)
[ info ] [ LANG ] /www/wwwroot/cs.wmtao.xyz/public/../application/lang/cn.php
[ info ] [ BEHAVIOR ] Run Closure @action_begin [ RunTime:0.000109s ]
[ info ] [ RUN ] app\admin\controller\Event->index[ /www/wwwroot/cs.wmtao.xyz/application/admin/controller/Event.php ]
[ info ] [ DB ] INIT mysql
[ info ] [ LOG ] INIT File
[ sql ] [ DB ] CONNECT:[ UseTime:0.000950s ] mysql:host=127.0.0.1;dbname=cs_wmtao_xyz;charset=utf8
[ sql ] [ SQL ] SHOW COLUMNS FROM `wolive_service` [ RunTime:0.001199s ]
[ sql ] [ SQL ] UPDATE `wolive_service`  SET `state`='online'  WHERE  `service_id` = 24 [ RunTime:0.000450s ]
---------------------------------------------------------------
[ 2024-11-27T23:53:20+08:00 ] 39.105.137.202 POST cs.wmtao.xyz/admin/event
[运行时间：0.245449s] [吞吐率：4.07req/s] [内存消耗：4,498.70kb] [文件加载：72]
[ info ] [ CACHE ] INIT File
[ info ] [ BEHAVIOR ] Run Closure @app_init [ RunTime:0.001244s ]
[ info ] [ LANG ] /www/wwwroot/cs.wmtao.xyz/thinkphp/lang/zh-cn.php
[ info ] [ ROUTE ] array (
  'type' => 'module',
  'module' => 
  array (
    0 => 'admin',
    1 => 'event',
    2 => NULL,
  ),
)
[ info ] [ HEADER ] array (
  'content-length' => '174',
  'content-type' => 'application/json',
  'x-pusher-signature' => 'd9f8db1c4956ee63329294648dd3162a4a6e5502925d7823d13b8cc0b08d46e1',
  'x-pusher-key' => 'xd5bgugi03uzg9wl',
  'connection' => 'close',
  'host' => 'cs.wmtao.xyz',
)
[ info ] [ PARAM ] array (
  'time_ms' => '1732722800.0467',
  'events' => 
  array (
    0 => 
    array (
      'channel' => 'ud24',
      'name' => 'channel_removed',
    ),
    1 => 
    array (
      'channel' => 'all1',
      'name' => 'channel_removed',
    ),
    2 => 
    array (
      'channel' => 'kefu24',
      'name' => 'channel_removed',
    ),
  ),
)
[ info ] [ SESSION ] INIT array (
  'id' => '',
  'var_session_id' => '',
  'prefix' => '',
  'type' => '',
  'auto_start' => true,
)
[ info ] [ LANG ] /www/wwwroot/cs.wmtao.xyz/public/../application/lang/cn.php
[ info ] [ BEHAVIOR ] Run Closure @action_begin [ RunTime:0.000129s ]
[ info ] [ RUN ] app\admin\controller\Event->index[ /www/wwwroot/cs.wmtao.xyz/application/admin/controller/Event.php ]
[ info ] [ DB ] INIT mysql
[ info ] [ LOG ] INIT File
[ sql ] [ DB ] CONNECT:[ UseTime:0.000621s ] mysql:host=127.0.0.1;dbname=cs_wmtao_xyz;charset=utf8
[ sql ] [ SQL ] SHOW COLUMNS FROM `wolive_service` [ RunTime:0.001065s ]
[ sql ] [ SQL ] UPDATE `wolive_service`  SET `state`='offline'  WHERE  `service_id` = 24 [ RunTime:0.000395s ]
---------------------------------------------------------------
[ 2024-11-27T23:59:05+08:00 ] 39.105.137.202 POST cs.wmtao.xyz/admin/event
[运行时间：0.183675s] [吞吐率：5.44req/s] [内存消耗：4,505.34kb] [文件加载：72]
[ info ] [ CACHE ] INIT File
[ info ] [ BEHAVIOR ] Run Closure @app_init [ RunTime:0.001124s ]
[ info ] [ LANG ] /www/wwwroot/cs.wmtao.xyz/thinkphp/lang/zh-cn.php
[ info ] [ ROUTE ] array (
  'type' => 'module',
  'module' => 
  array (
    0 => 'admin',
    1 => 'event',
    2 => NULL,
  ),
)
[ info ] [ HEADER ] array (
  'content-length' => '138',
  'content-type' => 'application/json',
  'x-pusher-signature' => '13a405eb2d00e25ec3cd337c6eff01b0e17153a6964f6630784a4edd793fd808',
  'x-pusher-key' => 'xd5bgugi03uzg9wl',
  'connection' => 'close',
  'host' => 'cs.wmtao.xyz',
)
[ info ] [ PARAM ] array (
  'time_ms' => '1732723145.262',
  'events' => 
  array (
    0 => 
    array (
      'channel' => 'cu3933383432302f31',
      'name' => 'channel_added',
    ),
    1 => 
    array (
      'channel' => 'se34',
      'name' => 'channel_added',
    ),
  ),
)
[ info ] [ SESSION ] INIT array (
  'id' => '',
  'var_session_id' => '',
  'prefix' => '',
  'type' => '',
  'auto_start' => true,
)
[ info ] [ LANG ] /www/wwwroot/cs.wmtao.xyz/public/../application/lang/cn.php
[ info ] [ BEHAVIOR ] Run Closure @action_begin [ RunTime:0.000110s ]
[ info ] [ RUN ] app\admin\controller\Event->index[ /www/wwwroot/cs.wmtao.xyz/application/admin/controller/Event.php ]
[ info ] [ DB ] INIT mysql
[ info ] [ LOG ] INIT File
[ sql ] [ DB ] CONNECT:[ UseTime:0.000944s ] mysql:host=127.0.0.1;dbname=cs_wmtao_xyz;charset=utf8
[ sql ] [ SQL ] SHOW COLUMNS FROM `wolive_queue` [ RunTime:0.001195s ]
[ sql ] [ SQL ] SELECT * FROM `wolive_queue` WHERE  `visiter_id` = '938420'  AND `business_id` = 1 LIMIT 1 [ RunTime:0.000456s ]
[ sql ] [ SQL ] SHOW COLUMNS FROM `wolive_visiter` [ RunTime:0.001246s ]
[ sql ] [ SQL ] UPDATE `wolive_visiter`  SET `state`='online'  WHERE  `channel` = '3933383432302f31' [ RunTime:0.000563s ]
---------------------------------------------------------------
[ 2024-11-27T23:59:56+08:00 ] 39.105.137.202 POST cs.wmtao.xyz/admin/event
[运行时间：0.241325s] [吞吐率：4.14req/s] [内存消耗：4,504.34kb] [文件加载：72]
[ info ] [ CACHE ] INIT File
[ info ] [ BEHAVIOR ] Run Closure @app_init [ RunTime:0.001107s ]
[ info ] [ LANG ] /www/wwwroot/cs.wmtao.xyz/thinkphp/lang/zh-cn.php
[ info ] [ ROUTE ] array (
  'type' => 'module',
  'module' => 
  array (
    0 => 'admin',
    1 => 'event',
    2 => NULL,
  ),
)
[ info ] [ HEADER ] array (
  'content-length' => '96',
  'content-type' => 'application/json',
  'x-pusher-signature' => 'fd5feb0f5cecc0407a76527c2764f1dc2a598fc932ade4da0c79a1825d2224a6',
  'x-pusher-key' => 'xd5bgugi03uzg9wl',
  'connection' => 'close',
  'host' => 'cs.wmtao.xyz',
)
[ info ] [ PARAM ] array (
  'time_ms' => '1732723196.2873',
  'events' => 
  array (
    0 => 
    array (
      'channel' => 'cu3934323032342f31',
      'name' => 'channel_added',
    ),
  ),
)
[ info ] [ SESSION ] INIT array (
  'id' => '',
  'var_session_id' => '',
  'prefix' => '',
  'type' => '',
  'auto_start' => true,
)
[ info ] [ LANG ] /www/wwwroot/cs.wmtao.xyz/public/../application/lang/cn.php
[ info ] [ BEHAVIOR ] Run Closure @action_begin [ RunTime:0.000121s ]
[ info ] [ RUN ] app\admin\controller\Event->index[ /www/wwwroot/cs.wmtao.xyz/application/admin/controller/Event.php ]
[ info ] [ DB ] INIT mysql
[ info ] [ LOG ] INIT File
[ sql ] [ DB ] CONNECT:[ UseTime:0.000582s ] mysql:host=127.0.0.1;dbname=cs_wmtao_xyz;charset=utf8
[ sql ] [ SQL ] SHOW COLUMNS FROM `wolive_queue` [ RunTime:0.000983s ]
[ sql ] [ SQL ] SELECT * FROM `wolive_queue` WHERE  `visiter_id` = '942024'  AND `business_id` = 1 LIMIT 1 [ RunTime:0.000340s ]
[ sql ] [ SQL ] SHOW COLUMNS FROM `wolive_visiter` [ RunTime:0.001287s ]
[ sql ] [ SQL ] UPDATE `wolive_visiter`  SET `state`='online'  WHERE  `channel` = '3934323032342f31' [ RunTime:0.000488s ]
