---------------------------------------------------------------
[ 2024-01-03T00:13:34+08:00 ] 182.239.93.106 GET 999.zhuanw.cn/index/index/home?visiter_id=&visiter_name=&avatar=&business_id=1&groupid=1&special=34
[运行时间：0.072031s] [吞吐率：13.88req/s] [内存消耗：3,746.54kb] [文件加载：70]
[ info ] [ CACHE ] INIT File
[ info ] [ BEHAVIOR ] Run Closure @app_init [ RunTime:0.003165s ]
[ info ] [ LANG ] /www/wwwroot/kkk.wmkf.xyz/thinkphp/lang/zh-cn.php
[ info ] [ ROUTE ] array (
  'type' => 'module',
  'module' => 
  array (
    0 => 'index',
    1 => 'index',
    2 => 'home',
  ),
)
[ info ] [ HEADER ] array (
  'accept-encoding' => 'gzip, deflate, br',
  'accept-language' => 'zh-CN,zh-Hans;q=0.9',
  'accept' => 'text/html,application/xhtml+xml,application/xml;q=0.9,*/*;q=0.8',
  'user-agent' => 'Mozilla/5.0 (iPhone; CPU iPhone OS 15_1 like Mac OS X) AppleWebKit/605.1.15 (KHTML, like Gecko) Mobile/15E148 MicroMessenger/8.0.42(0x18002a32) NetType/4G Language/zh_CN',
  'host' => '999.zhuanw.cn',
  'content-length' => '',
  'content-type' => '',
)
[ info ] [ PARAM ] array (
  'visiter_id' => '',
  'visiter_name' => '',
  'avatar' => '',
  'business_id' => '1',
  'groupid' => '1',
  'special' => '34',
)
[ info ] [ BEHAVIOR ] Run Closure @action_begin [ RunTime:0.000602s ]
[ info ] [ RUN ] app\index\controller\Index->home[ /www/wwwroot/kkk.wmkf.xyz/application/index/controller/Index.php ]
[ info ] [ DB ] INIT mysql
[ info ] [ SESSION ] INIT array (
  'id' => '',
  'var_session_id' => '',
  'prefix' => '',
  'type' => '',
  'auto_start' => true,
)
[ info ] [ LOG ] INIT File
[ sql ] [ DB ] CONNECT:[ UseTime:0.004816s ] mysql:host=127.0.0.1;dbname=kkk_wmkf_xyz;charset=utf8
[ sql ] [ SQL ] SHOW COLUMNS FROM `wolive_business` [ RunTime:0.010200s ]
[ sql ] [ SQL ] SELECT * FROM `wolive_business` WHERE  `id` = 1 LIMIT 1 [ RunTime:0.002446s ]
---------------------------------------------------------------
[ 2024-01-03T00:13:34+08:00 ] 182.239.93.106 GET 999.zhuanw.cn/index/index?code=5NE1n1wIziO8ELYdy3FkUx6NZw8LpcZ5jKi4MYA3XOG1NLxUpNmNLWcmz12qHQoQlj2s4iXw%2FzjgvtmomDR0VshLNZtBAxBLxRoBsOnYh8%2FS7vKKZuG9lF1RoudmuJT4X%2FFIApEjgjQ
[运行时间：0.034314s] [吞吐率：29.14req/s] [内存消耗：3,015.60kb] [文件加载：65]
[ info ] [ CACHE ] INIT File
[ info ] [ BEHAVIOR ] Run Closure @app_init [ RunTime:0.001703s ]
[ info ] [ LANG ] /www/wwwroot/kkk.wmkf.xyz/thinkphp/lang/zh-cn.php
[ info ] [ ROUTE ] array (
  'type' => 'module',
  'module' => 
  array (
    0 => 'index',
    1 => 'index',
    2 => NULL,
  ),
)
[ info ] [ HEADER ] array (
  'cookie' => 'PHPSESSID=muegrea1snh6ffd6sa4njp3etv',
  'accept-encoding' => 'gzip, deflate, br',
  'accept-language' => 'zh-CN,zh-Hans;q=0.9',
  'user-agent' => 'Mozilla/5.0 (iPhone; CPU iPhone OS 15_1 like Mac OS X) AppleWebKit/605.1.15 (KHTML, like Gecko) Mobile/15E148 MicroMessenger/8.0.42(0x18002a32) NetType/4G Language/zh_CN',
  'accept' => 'text/html,application/xhtml+xml,application/xml;q=0.9,*/*;q=0.8',
  'host' => '999.zhuanw.cn',
  'content-length' => '',
  'content-type' => '',
)
[ info ] [ PARAM ] array (
  'code' => '5NE1n1wIziO8ELYdy3FkUx6NZw8LpcZ5jKi4MYA3XOG1NLxUpNmNLWcmz12qHQoQlj2s4iXw/zjgvtmomDR0VshLNZtBAxBLxRoBsOnYh8/S7vKKZuG9lF1RoudmuJT4X/FIApEjgjQ',
)
[ info ] [ BEHAVIOR ] Run Closure @action_begin [ RunTime:0.000240s ]
[ info ] [ RUN ] app\index\controller\Index->index[ /www/wwwroot/kkk.wmkf.xyz/application/index/controller/Index.php ]
[ info ] [ SESSION ] INIT array (
  'id' => '',
  'var_session_id' => '',
  'prefix' => '',
  'type' => '',
  'auto_start' => true,
)
[ info ] [ LOG ] INIT File
---------------------------------------------------------------
[ 2024-01-03T00:13:35+08:00 ] 182.239.93.106 GET 999.zhuanw.cn/mobile/index/home?theme=129936&visiter_id=&visiter_name=&avatar=&business_id=1&product=&groupid=1&special=34&name=
[运行时间：0.066945s] [吞吐率：14.94req/s] [内存消耗：2,861.62kb] [文件加载：63]
[ info ] [ CACHE ] INIT File
[ info ] [ BEHAVIOR ] Run Closure @app_init [ RunTime:0.002393s ]
[ info ] [ LANG ] /www/wwwroot/kkk.wmkf.xyz/thinkphp/lang/zh-cn.php
[ info ] [ ROUTE ] array (
  'type' => 'module',
  'module' => 
  array (
    0 => 'mobile',
    1 => 'index',
    2 => 'home',
  ),
)
[ info ] [ HEADER ] array (
  'cookie' => 'PHPSESSID=muegrea1snh6ffd6sa4njp3etv',
  'accept-encoding' => 'gzip, deflate, br',
  'accept-language' => 'zh-CN,zh-Hans;q=0.9',
  'user-agent' => 'Mozilla/5.0 (iPhone; CPU iPhone OS 15_1 like Mac OS X) AppleWebKit/605.1.15 (KHTML, like Gecko) Mobile/15E148 MicroMessenger/8.0.42(0x18002a32) NetType/4G Language/zh_CN',
  'accept' => 'text/html,application/xhtml+xml,application/xml;q=0.9,*/*;q=0.8',
  'host' => '999.zhuanw.cn',
  'content-length' => '',
  'content-type' => '',
)
[ info ] [ PARAM ] array (
  'theme' => '129936',
  'visiter_id' => '',
  'visiter_name' => '',
  'avatar' => '',
  'business_id' => '1',
  'product' => '',
  'groupid' => '1',
  'special' => '34',
  'name' => '',
)
[ info ] [ BEHAVIOR ] Run Closure @action_begin [ RunTime:0.000851s ]
[ info ] [ RUN ] app\mobile\controller\Index->home[ /www/wwwroot/kkk.wmkf.xyz/application/mobile/controller/Index.php ]
[ info ] [ LOG ] INIT File
---------------------------------------------------------------
[ 2024-01-03T00:13:35+08:00 ] 182.239.93.106 GET 999.zhuanw.cn/mobile/index?code=5NE1n1wIziO8ELYdy3FkUx6NZw8LpcZ5jKi4MYA3XOG1NLxUpNmNLWcmz12qHQoQlj2s4iXw%2FzjgvtmomDR0VshLNZtBAxBLxRoBsOnYh8%2FS7vKKZuG9lF1RoudmuJT4X%2FFIApEjgjQ
[运行时间：0.093576s] [吞吐率：10.69req/s] [内存消耗：4,528.45kb] [文件加载：76]
[ info ] [ CACHE ] INIT File
[ info ] [ BEHAVIOR ] Run Closure @app_init [ RunTime:0.002472s ]
[ info ] [ LANG ] /www/wwwroot/kkk.wmkf.xyz/thinkphp/lang/zh-cn.php
[ info ] [ ROUTE ] array (
  'type' => 'module',
  'module' => 
  array (
    0 => 'mobile',
    1 => 'index',
    2 => NULL,
  ),
)
[ info ] [ HEADER ] array (
  'cookie' => 'PHPSESSID=muegrea1snh6ffd6sa4njp3etv',
  'accept-encoding' => 'gzip, deflate, br',
  'accept-language' => 'zh-CN,zh-Hans;q=0.9',
  'user-agent' => 'Mozilla/5.0 (iPhone; CPU iPhone OS 15_1 like Mac OS X) AppleWebKit/605.1.15 (KHTML, like Gecko) Mobile/15E148 MicroMessenger/8.0.42(0x18002a32) NetType/4G Language/zh_CN',
  'accept' => 'text/html,application/xhtml+xml,application/xml;q=0.9,*/*;q=0.8',
  'host' => '999.zhuanw.cn',
  'content-length' => '',
  'content-type' => '',
)
[ info ] [ PARAM ] array (
  'code' => '5NE1n1wIziO8ELYdy3FkUx6NZw8LpcZ5jKi4MYA3XOG1NLxUpNmNLWcmz12qHQoQlj2s4iXw/zjgvtmomDR0VshLNZtBAxBLxRoBsOnYh8/S7vKKZuG9lF1RoudmuJT4X/FIApEjgjQ',
)
[ info ] [ BEHAVIOR ] Run Closure @action_begin [ RunTime:0.000339s ]
[ info ] [ RUN ] app\mobile\controller\Index->index[ /www/wwwroot/kkk.wmkf.xyz/application/mobile/controller/Index.php ]
[ info ] [ SESSION ] INIT array (
  'id' => '',
  'var_session_id' => '',
  'prefix' => '',
  'type' => '',
  'auto_start' => true,
)
[ info ] [ DB ] INIT mysql
[ info ] [ LANG ] /www/wwwroot/kkk.wmkf.xyz/public/../application/lang/cn.php
[ info ] [ VIEW ] /www/wwwroot/kkk.wmkf.xyz/public/../application/mobile/view/index/index.html [ array (
  0 => 'basename',
  1 => 'lang',
  2 => 'buttonSwitch',
  3 => 'reststate',
  4 => 'restsetting',
  5 => 'business_name',
  6 => 'baidu_map_key',
  7 => 'alias_visiter_name',
  8 => 'groupid',
  9 => 'app_key',
  10 => 'whost',
  11 => 'value',
  12 => 'wport',
  13 => 'port',
  14 => 'url',
  15 => 'visiter',
  16 => 'business_id',
  17 => 'from_url',
  18 => 'channel',
  19 => 'visiter_id',
  20 => 'avatar',
  21 => 'special',
  22 => 'theme',
  23 => 'business_info',
) ]
[ info ] [ LOG ] INIT File
[ sql ] [ DB ] CONNECT:[ UseTime:0.002449s ] mysql:host=127.0.0.1;dbname=kkk_wmkf_xyz;charset=utf8
[ sql ] [ SQL ] SHOW COLUMNS FROM `wolive_business` [ RunTime:0.005046s ]
[ sql ] [ SQL ] SELECT * FROM `wolive_business` WHERE  `id` = 1 LIMIT 1 [ RunTime:0.001430s ]
[ sql ] [ SQL ] SHOW COLUMNS FROM `wolive_visiter` [ RunTime:0.002356s ]
[ sql ] [ SQL ] SELECT `lang` FROM `wolive_visiter` WHERE  `visiter_id` = '6594362f00cm4n0p145' LIMIT 1 [ RunTime:0.001158s ]
[ sql ] [ SQL ] SHOW COLUMNS FROM `wolive_rest_setting` [ RunTime:0.001989s ]
[ sql ] [ SQL ] SELECT * FROM `wolive_rest_setting` WHERE  `business_id` = 1 LIMIT 1 [ RunTime:0.002040s ]
[ sql ] [ SQL ] SELECT * FROM `wolive_business` WHERE  `id` = 1 LIMIT 1 [ RunTime:0.004130s ]
[ sql ] [ SQL ] SHOW COLUMNS FROM `wolive_button_switch` [ RunTime:0.002580s ]
[ sql ] [ SQL ] SELECT * FROM `wolive_button_switch` WHERE  `business_id` = 1 LIMIT 1 [ RunTime:0.000720s ]
---------------------------------------------------------------
[ 2024-01-03T00:13:35+08:00 ] 182.239.93.106 GET 999.zhuanw.cn/static/cdn/element-ui/2.15.1/theme-chalk/fonts/element-icons.woff
[运行时间：0.031947s] [吞吐率：31.30req/s] [内存消耗：2,573.41kb] [文件加载：58]
[ info ] [ CACHE ] INIT File
[ info ] [ BEHAVIOR ] Run Closure @app_init [ RunTime:0.001692s ]
[ info ] [ LANG ] /www/wwwroot/kkk.wmkf.xyz/thinkphp/lang/zh-cn.php
[ info ] [ ROUTE ] array (
  'type' => 'module',
  'module' => 
  array (
    0 => 'static',
    1 => 'cdn',
    2 => 'element-ui',
  ),
)
[ info ] [ HEADER ] array (
  'cookie' => 'PHPSESSID=muegrea1snh6ffd6sa4njp3etv; visiter_id=6594362f00cm4n0p145',
  'referer' => 'https://999.zhuanw.cn/mobile/index?code=5NE1n1wIziO8ELYdy3FkUx6NZw8LpcZ5jKi4MYA3XOG1NLxUpNmNLWcmz12qHQoQlj2s4iXw%2FzjgvtmomDR0VshLNZtBAxBLxRoBsOnYh8%2FS7vKKZuG9lF1RoudmuJT4X%2FFIApEjgjQ',
  'accept-language' => 'zh-CN,zh-Hans;q=0.9',
  'user-agent' => 'Mozilla/5.0 (iPhone; CPU iPhone OS 15_1 like Mac OS X) AppleWebKit/605.1.15 (KHTML, like Gecko) Mobile/15E148 MicroMessenger/8.0.42(0x18002a32) NetType/4G Language/zh_CN',
  'accept-encoding' => 'gzip, deflate, br',
  'accept' => 'text/css,*/*;q=0.1',
  'host' => '999.zhuanw.cn',
  'content-length' => '',
  'content-type' => '',
)
[ info ] [ PARAM ] array (
  0 => 'theme-chalk',
  'fonts' => 'element-icons.woff',
)
[ info ] [ LOG ] INIT File
---------------------------------------------------------------
[ 2024-01-03T00:13:38+08:00 ] 182.239.93.106 POST 999.zhuanw.cn/admin/event/notice
[运行时间：0.253318s] [吞吐率：3.95req/s] [内存消耗：4,576.20kb] [文件加载：78]
[ info ] [ CACHE ] INIT File
[ info ] [ BEHAVIOR ] Run Closure @app_init [ RunTime:0.001932s ]
[ info ] [ LANG ] /www/wwwroot/kkk.wmkf.xyz/thinkphp/lang/zh-cn.php
[ info ] [ ROUTE ] array (
  'type' => 'module',
  'module' => 
  array (
    0 => 'admin',
    1 => 'event',
    2 => 'notice',
  ),
)
[ info ] [ HEADER ] array (
  'cookie' => 'PHPSESSID=muegrea1snh6ffd6sa4njp3etv; visiter_id=6594362f00cm4n0p145',
  'content-length' => '185',
  'referer' => 'https://999.zhuanw.cn/mobile/index?code=5NE1n1wIziO8ELYdy3FkUx6NZw8LpcZ5jKi4MYA3XOG1NLxUpNmNLWcmz12qHQoQlj2s4iXw%2FzjgvtmomDR0VshLNZtBAxBLxRoBsOnYh8%2FS7vKKZuG9lF1RoudmuJT4X%2FFIApEjgjQ',
  'user-agent' => 'Mozilla/5.0 (iPhone; CPU iPhone OS 15_1 like Mac OS X) AppleWebKit/605.1.15 (KHTML, like Gecko) Mobile/15E148 MicroMessenger/8.0.42(0x18002a32) NetType/4G Language/zh_CN',
  'origin' => 'https://999.zhuanw.cn',
  'accept-encoding' => 'gzip, deflate, br',
  'accept-language' => 'zh-CN,zh-Hans;q=0.9',
  'x-requested-with' => 'XMLHttpRequest',
  'accept' => 'application/json, text/javascript, */*; q=0.01',
  'content-type' => 'application/x-www-form-urlencoded; charset=UTF-8',
  'host' => '999.zhuanw.cn',
)
[ info ] [ PARAM ] array (
  'visiter_id' => '6594362f00cm4n0p145',
  'visiter_name' => '游客6594362f00cm4n0p145',
  'business_id' => '1',
  'from_url' => '',
  'avatar' => '/assets/images/index/avatar-red2s.png',
  'groupid' => '1',
  'special' => '34',
  'name' => '',
)
[ info ] [ DB ] INIT mysql
[ info ] [ SESSION ] INIT array (
  'id' => '',
  'var_session_id' => '',
  'prefix' => '',
  'type' => '',
  'auto_start' => true,
)
[ info ] [ LANG ] /www/wwwroot/kkk.wmkf.xyz/public/../application/lang/cn.php
[ info ] [ BEHAVIOR ] Run Closure @action_begin [ RunTime:0.000297s ]
[ info ] [ RUN ] app\admin\controller\Event->notice[ /www/wwwroot/kkk.wmkf.xyz/application/admin/controller/Event.php ]
[ info ] [ LOG ] INIT File
[ sql ] [ DB ] CONNECT:[ UseTime:0.002044s ] mysql:host=127.0.0.1;dbname=kkk_wmkf_xyz;charset=utf8
[ sql ] [ SQL ] SHOW COLUMNS FROM `wolive_business` [ RunTime:0.003260s ]
[ sql ] [ SQL ] SELECT * FROM `wolive_business` WHERE  `id` = 1 LIMIT 1 [ RunTime:0.000864s ]
[ sql ] [ SQL ] SHOW COLUMNS FROM `wolive_visiter` [ RunTime:0.001633s ]
[ sql ] [ SQL ] SELECT `lang` FROM `wolive_visiter` WHERE  `visiter_id` = '6594362f00cm4n0p145' LIMIT 1 [ RunTime:0.000680s ]
[ sql ] [ SQL ] SELECT * FROM `wolive_business` WHERE  `id` = 1 LIMIT 1 [ RunTime:0.002006s ]
[ sql ] [ SQL ] UPDATE `wolive_visiter`  SET `state`='online',`ip`='182.239.93.106',`location`='香港特别行政区'  WHERE  `channel` = '36353934333632663030636d346e30703134352f31' [ RunTime:0.001547s ]
[ sql ] [ SQL ] SELECT `lang` FROM `wolive_visiter` WHERE  `visiter_id` = '6594362f00cm4n0p145' LIMIT 1 [ RunTime:0.000532s ]
[ sql ] [ SQL ] SELECT * FROM `wolive_visiter` WHERE  `visiter_id` = '6594362f00cm4n0p145'  AND `business_id` = 1 LIMIT 1 [ RunTime:0.000602s ]
[ sql ] [ SQL ] INSERT INTO `wolive_visiter` (`visiter_id` , `visiter_name` , `business_id` , `from_url` , `avatar` , `name` , `location` , `channel` , `ip` , `extends` , `lang` , `state`) VALUES ('6594362f00cm4n0p145' , '游客6594362f00cm4n0p145' , 1 , '' , '/assets/images/index/avatar-red2s.png' , '' , '香港特别行政区' , '36353934333632663030636d346e30703134352f31' , '182.239.93.106' , '{\"browserName\":\"\\u5fae\\u4fe1\\u5185\\u6d4f\\u89c8\\u5668\",\"browserVersion\":\"8.0\",\"os\":\"\\u82f9\\u679c\\u624b\\u673a\\u7cfb\\u7edf\",\"engine\":\"webkit\"}' , 'cn' , 'offline') [ RunTime:0.003548s ]
[ sql ] [ SQL ] SHOW COLUMNS FROM `wolive_service` [ RunTime:0.001850s ]
[ sql ] [ SQL ] SELECT * FROM `wolive_service` WHERE  `service_id` = 34  AND `business_id` = 1 LIMIT 1 [ RunTime:0.000858s ]
[ sql ] [ SQL ] SHOW COLUMNS FROM `wolive_queue` [ RunTime:0.001704s ]
[ sql ] [ SQL ] SELECT * FROM `wolive_queue` WHERE  `visiter_id` = '6594362f00cm4n0p145'  AND `business_id` = 1  AND `state` = 'normal' LIMIT 1 [ RunTime:0.000864s ]
[ sql ] [ SQL ] INSERT INTO `wolive_queue` (`visiter_id` , `service_id` , `business_id` , `groupid`) VALUES ('6594362f00cm4n0p145' , 34 , 1 , 1) [ RunTime:0.003977s ]
[ sql ] [ SQL ] SHOW COLUMNS FROM `wolive_sentence` [ RunTime:0.003056s ]
[ sql ] [ SQL ] SELECT * FROM `wolive_sentence` WHERE  `lang` = 'cn'  AND `service_id` = 34  AND `state` = 'using' [ RunTime:0.001130s ]
[ sql ] [ SQL ] SHOW COLUMNS FROM `wolive_chats` [ RunTime:0.002255s ]
[ sql ] [ SQL ] UPDATE `wolive_chats`  SET `service_id`=34  WHERE  `visiter_id` = '6594362f00cm4n0p145'  AND `service_id` = 0  AND `business_id` = 1 [ RunTime:0.000939s ]
[ sql ] [ SQL ] SHOW COLUMNS FROM `wolive_wechat_platform` [ RunTime:0.002136s ]
[ sql ] [ SQL ] SELECT * FROM `wolive_wechat_platform` WHERE  `business_id` = 1 LIMIT 1 [ RunTime:0.001016s ]
---------------------------------------------------------------
[ 2024-01-03T00:13:39+08:00 ] 182.239.93.106 POST 999.zhuanw.cn/admin/event/getquestion
[运行时间：0.077041s] [吞吐率：12.98req/s] [内存消耗：4,338.05kb] [文件加载：74]
[ info ] [ CACHE ] INIT File
[ info ] [ BEHAVIOR ] Run Closure @app_init [ RunTime:0.001659s ]
[ info ] [ LANG ] /www/wwwroot/kkk.wmkf.xyz/thinkphp/lang/zh-cn.php
[ info ] [ ROUTE ] array (
  'type' => 'module',
  'module' => 
  array (
    0 => 'admin',
    1 => 'event',
    2 => 'getquestion',
  ),
)
[ info ] [ HEADER ] array (
  'cookie' => 'PHPSESSID=muegrea1snh6ffd6sa4njp3etv; visiter_id=6594362f00cm4n0p145',
  'content-length' => '44',
  'referer' => 'https://999.zhuanw.cn/mobile/index?code=5NE1n1wIziO8ELYdy3FkUx6NZw8LpcZ5jKi4MYA3XOG1NLxUpNmNLWcmz12qHQoQlj2s4iXw%2FzjgvtmomDR0VshLNZtBAxBLxRoBsOnYh8%2FS7vKKZuG9lF1RoudmuJT4X%2FFIApEjgjQ',
  'user-agent' => 'Mozilla/5.0 (iPhone; CPU iPhone OS 15_1 like Mac OS X) AppleWebKit/605.1.15 (KHTML, like Gecko) Mobile/15E148 MicroMessenger/8.0.42(0x18002a32) NetType/4G Language/zh_CN',
  'origin' => 'https://999.zhuanw.cn',
  'accept-encoding' => 'gzip, deflate, br',
  'accept-language' => 'zh-CN,zh-Hans;q=0.9',
  'x-requested-with' => 'XMLHttpRequest',
  'accept' => '*/*',
  'content-type' => 'application/x-www-form-urlencoded; charset=UTF-8',
  'host' => '999.zhuanw.cn',
)
[ info ] [ PARAM ] array (
  'business_id' => '1',
  'visiter_id' => '6594362f00cm4n0p145',
)
[ info ] [ DB ] INIT mysql
[ info ] [ LANG ] /www/wwwroot/kkk.wmkf.xyz/public/../application/lang/cn.php
[ info ] [ BEHAVIOR ] Run Closure @action_begin [ RunTime:0.000391s ]
[ info ] [ RUN ] app\admin\controller\Event->getquestion[ /www/wwwroot/kkk.wmkf.xyz/application/admin/controller/Event.php ]
[ info ] [ LOG ] INIT File
[ sql ] [ DB ] CONNECT:[ UseTime:0.001827s ] mysql:host=127.0.0.1;dbname=kkk_wmkf_xyz;charset=utf8
[ sql ] [ SQL ] SHOW COLUMNS FROM `wolive_business` [ RunTime:0.002395s ]
[ sql ] [ SQL ] SELECT * FROM `wolive_business` WHERE  `id` = 1 LIMIT 1 [ RunTime:0.001188s ]
[ sql ] [ SQL ] SHOW COLUMNS FROM `wolive_visiter` [ RunTime:0.002634s ]
[ sql ] [ SQL ] SELECT `lang` FROM `wolive_visiter` WHERE  `visiter_id` = '6594362f00cm4n0p145' LIMIT 1 [ RunTime:0.000923s ]
[ sql ] [ SQL ] SELECT `lang` FROM `wolive_visiter` WHERE  `visiter_id` = '6594362f00cm4n0p145' LIMIT 1 [ RunTime:0.000629s ]
[ sql ] [ SQL ] SHOW COLUMNS FROM `wolive_question` [ RunTime:0.002260s ]
[ sql ] [ SQL ] SELECT * FROM `wolive_question` WHERE  `business_id` = 1  AND `lang` = 'cn'  AND `status` = 1 ORDER BY `sort` DESC [ RunTime:0.000970s ]
[ sql ] [ SQL ] SELECT * FROM `wolive_business` WHERE  `id` = 1 LIMIT 1 [ RunTime:0.003217s ]
[ sql ] [ SQL ] SELECT COUNT(*) AS tp_count FROM `wolive_question` WHERE  `business_id` = 1  AND `lang` = 'cn'  AND `status` = 1  AND `keyword` <> '' LIMIT 1 [ RunTime:0.001392s ]
---------------------------------------------------------------
[ 2024-01-03T00:13:39+08:00 ] 182.239.93.106 POST 999.zhuanw.cn/admin/event/chatdata
[运行时间：0.069178s] [吞吐率：14.46req/s] [内存消耗：4,304.04kb] [文件加载：72]
[ info ] [ CACHE ] INIT File
[ info ] [ BEHAVIOR ] Run Closure @app_init [ RunTime:0.001682s ]
[ info ] [ LANG ] /www/wwwroot/kkk.wmkf.xyz/thinkphp/lang/zh-cn.php
[ info ] [ ROUTE ] array (
  'type' => 'module',
  'module' => 
  array (
    0 => 'admin',
    1 => 'event',
    2 => 'chatdata',
  ),
)
[ info ] [ HEADER ] array (
  'cookie' => 'PHPSESSID=muegrea1snh6ffd6sa4njp3etv; visiter_id=6594362f00cm4n0p145',
  'content-length' => '56',
  'referer' => 'https://999.zhuanw.cn/mobile/index?code=5NE1n1wIziO8ELYdy3FkUx6NZw8LpcZ5jKi4MYA3XOG1NLxUpNmNLWcmz12qHQoQlj2s4iXw%2FzjgvtmomDR0VshLNZtBAxBLxRoBsOnYh8%2FS7vKKZuG9lF1RoudmuJT4X%2FFIApEjgjQ',
  'user-agent' => 'Mozilla/5.0 (iPhone; CPU iPhone OS 15_1 like Mac OS X) AppleWebKit/605.1.15 (KHTML, like Gecko) Mobile/15E148 MicroMessenger/8.0.42(0x18002a32) NetType/4G Language/zh_CN',
  'origin' => 'https://999.zhuanw.cn',
  'accept-encoding' => 'gzip, deflate, br',
  'accept-language' => 'zh-CN,zh-Hans;q=0.9',
  'x-requested-with' => 'XMLHttpRequest',
  'accept' => '*/*',
  'content-type' => 'application/x-www-form-urlencoded; charset=UTF-8',
  'host' => '999.zhuanw.cn',
)
[ info ] [ PARAM ] array (
  'hid' => '',
  'vid' => '6594362f00cm4n0p145',
  'service_id' => '34',
  'business_id' => '1',
)
[ info ] [ SESSION ] INIT array (
  'id' => '',
  'var_session_id' => '',
  'prefix' => '',
  'type' => '',
  'auto_start' => true,
)
[ info ] [ LANG ] /www/wwwroot/kkk.wmkf.xyz/public/../application/lang/cn.php
[ info ] [ BEHAVIOR ] Run Closure @action_begin [ RunTime:0.000318s ]
[ info ] [ RUN ] app\admin\controller\Event->chatdata[ /www/wwwroot/kkk.wmkf.xyz/application/admin/controller/Event.php ]
[ info ] [ DB ] INIT mysql
[ info ] [ LOG ] INIT File
[ sql ] [ DB ] CONNECT:[ UseTime:0.002647s ] mysql:host=127.0.0.1;dbname=kkk_wmkf_xyz;charset=utf8
[ sql ] [ SQL ] SHOW COLUMNS FROM `wolive_chats` [ RunTime:0.002132s ]
[ sql ] [ SQL ] SELECT * FROM `wolive_chats` WHERE  `service_id` = 34  AND `visiter_id` = '6594362f00cm4n0p145'  AND `business_id` = 1 ORDER BY `timestamp` DESC,`cid` ASC LIMIT 10 [ RunTime:0.001123s ]
[ sql ] [ SQL ] SHOW COLUMNS FROM `wolive_visiter` [ RunTime:0.002214s ]
[ sql ] [ SQL ] SELECT * FROM `wolive_visiter` WHERE  `visiter_id` = '6594362f00cm4n0p145' LIMIT 1 [ RunTime:0.000932s ]
[ sql ] [ SQL ] SHOW COLUMNS FROM `wolive_service` [ RunTime:0.002900s ]
[ sql ] [ SQL ] SELECT * FROM `wolive_service` WHERE  `service_id` = 34 LIMIT 1 [ RunTime:0.000754s ]
---------------------------------------------------------------
[ 2024-01-03T00:13:39+08:00 ] 182.239.93.106 POST 999.zhuanw.cn/admin/event/gettishi
[运行时间：0.074067s] [吞吐率：13.50req/s] [内存消耗：4,093.17kb] [文件加载：70]
[ info ] [ CACHE ] INIT File
[ info ] [ BEHAVIOR ] Run Closure @app_init [ RunTime:0.001866s ]
[ info ] [ LANG ] /www/wwwroot/kkk.wmkf.xyz/thinkphp/lang/zh-cn.php
[ info ] [ ROUTE ] array (
  'type' => 'module',
  'module' => 
  array (
    0 => 'admin',
    1 => 'event',
    2 => 'gettishi',
  ),
)
[ info ] [ HEADER ] array (
  'cookie' => 'PHPSESSID=muegrea1snh6ffd6sa4njp3etv; visiter_id=6594362f00cm4n0p145',
  'content-length' => '44',
  'referer' => 'https://999.zhuanw.cn/mobile/index?code=5NE1n1wIziO8ELYdy3FkUx6NZw8LpcZ5jKi4MYA3XOG1NLxUpNmNLWcmz12qHQoQlj2s4iXw%2FzjgvtmomDR0VshLNZtBAxBLxRoBsOnYh8%2FS7vKKZuG9lF1RoudmuJT4X%2FFIApEjgjQ',
  'user-agent' => 'Mozilla/5.0 (iPhone; CPU iPhone OS 15_1 like Mac OS X) AppleWebKit/605.1.15 (KHTML, like Gecko) Mobile/15E148 MicroMessenger/8.0.42(0x18002a32) NetType/4G Language/zh_CN',
  'origin' => 'https://999.zhuanw.cn',
  'accept-encoding' => 'gzip, deflate, br',
  'accept-language' => 'zh-CN,zh-Hans;q=0.9',
  'x-requested-with' => 'XMLHttpRequest',
  'accept' => '*/*',
  'content-type' => 'application/x-www-form-urlencoded; charset=UTF-8',
  'host' => '999.zhuanw.cn',
)
[ info ] [ PARAM ] array (
  'business_id' => '1',
  'visiter_id' => '6594362f00cm4n0p145',
)
[ info ] [ DB ] INIT mysql
[ info ] [ LANG ] /www/wwwroot/kkk.wmkf.xyz/public/../application/lang/cn.php
[ info ] [ BEHAVIOR ] Run Closure @action_begin [ RunTime:0.000759s ]
[ info ] [ RUN ] app\admin\controller\Event->gettishi[ /www/wwwroot/kkk.wmkf.xyz/application/admin/controller/Event.php ]
[ info ] [ LOG ] INIT File
[ sql ] [ DB ] CONNECT:[ UseTime:0.003185s ] mysql:host=127.0.0.1;dbname=kkk_wmkf_xyz;charset=utf8
[ sql ] [ SQL ] SHOW COLUMNS FROM `wolive_business` [ RunTime:0.003869s ]
[ sql ] [ SQL ] SELECT * FROM `wolive_business` WHERE  `id` = 1 LIMIT 1 [ RunTime:0.001237s ]
[ sql ] [ SQL ] SHOW COLUMNS FROM `wolive_visiter` [ RunTime:0.001899s ]
[ sql ] [ SQL ] SELECT `lang` FROM `wolive_visiter` WHERE  `visiter_id` = '6594362f00cm4n0p145' LIMIT 1 [ RunTime:0.000858s ]
[ sql ] [ SQL ] SHOW COLUMNS FROM `wolive_service` [ RunTime:0.001997s ]
[ sql ] [ SQL ] SELECT * FROM `wolive_service` WHERE  `service_id` = 1 LIMIT 1 [ RunTime:0.000564s ]
[ sql ] [ SQL ] SELECT * FROM `wolive_business` WHERE  `id` = 1 LIMIT 1 [ RunTime:0.000543s ]
---------------------------------------------------------------
[ 2024-01-03T00:13:39+08:00 ] 198.44.185.96 POST kkk.wmkf.xyz/admin/event
[运行时间：0.147375s] [吞吐率：6.79req/s] [内存消耗：4,488.36kb] [文件加载：72]
[ info ] [ CACHE ] INIT File
[ info ] [ BEHAVIOR ] Run Closure @app_init [ RunTime:0.003104s ]
[ info ] [ LANG ] /www/wwwroot/kkk.wmkf.xyz/thinkphp/lang/zh-cn.php
[ info ] [ ROUTE ] array (
  'type' => 'module',
  'module' => 
  array (
    0 => 'admin',
    1 => 'event',
    2 => NULL,
  ),
)
[ info ] [ HEADER ] array (
  'content-length' => '164',
  'content-type' => 'application/json',
  'x-pusher-signature' => 'c2fd0bafb30e39a971a6e569076003ed52fa7d8ba7b4301c7e1e983a21a8286c',
  'x-pusher-key' => 'xd5bgugi03uzg9wl',
  'connection' => 'close',
  'host' => 'kkk.wmkf.xyz',
)
[ info ] [ PARAM ] array (
  'time_ms' => '1704212019.3691',
  'events' => 
  array (
    0 => 
    array (
      'channel' => 'cu36353934333632663030636d346e30703134352f31',
      'name' => 'channel_added',
    ),
    1 => 
    array (
      'channel' => 'se34',
      'name' => 'channel_added',
    ),
  ),
)
[ info ] [ SESSION ] INIT array (
  'id' => '',
  'var_session_id' => '',
  'prefix' => '',
  'type' => '',
  'auto_start' => true,
)
[ info ] [ LANG ] /www/wwwroot/kkk.wmkf.xyz/public/../application/lang/cn.php
[ info ] [ BEHAVIOR ] Run Closure @action_begin [ RunTime:0.000303s ]
[ info ] [ RUN ] app\admin\controller\Event->index[ /www/wwwroot/kkk.wmkf.xyz/application/admin/controller/Event.php ]
[ info ] [ DB ] INIT mysql
[ info ] [ LOG ] INIT File
[ sql ] [ DB ] CONNECT:[ UseTime:0.001288s ] mysql:host=127.0.0.1;dbname=kkk_wmkf_xyz;charset=utf8
[ sql ] [ SQL ] SHOW COLUMNS FROM `wolive_queue` [ RunTime:0.001771s ]
[ sql ] [ SQL ] SELECT * FROM `wolive_queue` WHERE  `visiter_id` = '6594362f00cm4n0p145'  AND `business_id` = 1 LIMIT 1 [ RunTime:0.000815s ]
[ sql ] [ SQL ] SHOW COLUMNS FROM `wolive_visiter` [ RunTime:0.002598s ]
[ sql ] [ SQL ] UPDATE `wolive_visiter`  SET `state`='online'  WHERE  `channel` = '36353934333632663030636d346e30703134352f31' [ RunTime:0.003352s ]
---------------------------------------------------------------
[ 2024-01-03T00:14:00+08:00 ] 198.44.185.96 POST kkk.wmkf.xyz/admin/event
[运行时间：0.176793s] [吞吐率：5.66req/s] [内存消耗：4,489.95kb] [文件加载：72]
[ info ] [ CACHE ] INIT File
[ info ] [ BEHAVIOR ] Run Closure @app_init [ RunTime:0.002734s ]
[ info ] [ LANG ] /www/wwwroot/kkk.wmkf.xyz/thinkphp/lang/zh-cn.php
[ info ] [ ROUTE ] array (
  'type' => 'module',
  'module' => 
  array (
    0 => 'admin',
    1 => 'event',
    2 => NULL,
  ),
)
[ info ] [ HEADER ] array (
  'content-length' => '168',
  'content-type' => 'application/json',
  'x-pusher-signature' => '7e60da7353073ee3a068cad41fbc77f1dc67beb3a089a7cc6b01548f8db67778',
  'x-pusher-key' => 'xd5bgugi03uzg9wl',
  'connection' => 'close',
  'host' => 'kkk.wmkf.xyz',
)
[ info ] [ PARAM ] array (
  'time_ms' => '1704212040.3865',
  'events' => 
  array (
    0 => 
    array (
      'channel' => 'cu36353934333632663030636d346e30703134352f31',
      'name' => 'channel_removed',
    ),
    1 => 
    array (
      'channel' => 'se34',
      'name' => 'channel_removed',
    ),
  ),
)
[ info ] [ SESSION ] INIT array (
  'id' => '',
  'var_session_id' => '',
  'prefix' => '',
  'type' => '',
  'auto_start' => true,
)
[ info ] [ LANG ] /www/wwwroot/kkk.wmkf.xyz/public/../application/lang/cn.php
[ info ] [ BEHAVIOR ] Run Closure @action_begin [ RunTime:0.000413s ]
[ info ] [ RUN ] app\admin\controller\Event->index[ /www/wwwroot/kkk.wmkf.xyz/application/admin/controller/Event.php ]
[ info ] [ DB ] INIT mysql
[ info ] [ LOG ] INIT File
[ sql ] [ DB ] CONNECT:[ UseTime:0.003104s ] mysql:host=127.0.0.1;dbname=kkk_wmkf_xyz;charset=utf8
[ sql ] [ SQL ] SHOW COLUMNS FROM `wolive_queue` [ RunTime:0.004912s ]
[ sql ] [ SQL ] SELECT * FROM `wolive_queue` WHERE  `visiter_id` = '6594362f00cm4n0p145'  AND `business_id` = 1 LIMIT 1 [ RunTime:0.001824s ]
[ sql ] [ SQL ] UPDATE `wolive_queue`  SET `remind_tpl`=0,`remind_comment`=0  WHERE  `visiter_id` = '6594362f00cm4n0p145'  AND `business_id` = 1 [ RunTime:0.000875s ]
[ sql ] [ SQL ] SHOW COLUMNS FROM `wolive_visiter` [ RunTime:0.002541s ]
[ sql ] [ SQL ] UPDATE `wolive_visiter`  SET `state`='offline'  WHERE  `channel` = '36353934333632663030636d346e30703134352f31' [ RunTime:0.005898s ]
---------------------------------------------------------------
[ 2024-01-03T00:21:51+08:00 ] 27.44.125.106 GET 999.zhuanw.cn/
[运行时间：0.035901s] [吞吐率：27.85req/s] [内存消耗：2,883.39kb] [文件加载：63]
[ info ] [ CACHE ] INIT File
[ info ] [ BEHAVIOR ] Run Closure @app_init [ RunTime:0.001945s ]
[ info ] [ LANG ] /www/wwwroot/kkk.wmkf.xyz/thinkphp/lang/zh-cn.php
[ info ] [ ROUTE ] array (
  'type' => 'module',
  'module' => 
  array (
    0 => '',
    1 => NULL,
    2 => NULL,
  ),
)
[ info ] [ HEADER ] array (
  'accept-encoding' => 'gzip, deflate',
  'accept' => 'text/html,application/xhtml+xml,application/xml;q=0.9,image/avif,image/webp,image/apng,*/*;q=0.8,application/signed-exchange;v=b3;q=0.7',
  'user-agent' => 'Mozilla/5.0 (Linux; Android 6.0; Nexus 5 Build/MRA58N) AppleWebKit/537.36 (KHTML, like Gecko) Chrome/99.0.4844.51 Mobile Safari/537.36 MicroMessenger/7.0.1',
  'upgrade-insecure-requests' => '1',
  'connection' => 'keep-alive',
  'host' => '999.zhuanw.cn',
  'content-length' => '',
  'content-type' => '',
)
[ info ] [ PARAM ] array (
)
[ info ] [ BEHAVIOR ] Run Closure @action_begin [ RunTime:0.000314s ]
[ info ] [ RUN ] app\index\controller\Index->index[ /www/wwwroot/kkk.wmkf.xyz/application/index/controller/Index.php ]
[ info ] [ LOG ] INIT File
---------------------------------------------------------------
[ 2024-01-03T00:21:51+08:00 ] 27.44.125.106 GET 999.zhuanw.cn/index/index/welcome
[运行时间：0.059100s] [吞吐率：16.92req/s] [内存消耗：3,900.59kb] [文件加载：69]
[ info ] [ CACHE ] INIT File
[ info ] [ BEHAVIOR ] Run Closure @app_init [ RunTime:0.001602s ]
[ info ] [ LANG ] /www/wwwroot/kkk.wmkf.xyz/thinkphp/lang/zh-cn.php
[ info ] [ ROUTE ] array (
  'type' => 'module',
  'module' => 
  array (
    0 => 'index',
    1 => 'index',
    2 => 'welcome',
  ),
)
[ info ] [ HEADER ] array (
  'cookie' => 'PHPSESSID=lk5dlq60admjciebi0nahjsuho',
  'accept-encoding' => 'gzip, deflate',
  'accept' => 'text/html,application/xhtml+xml,application/xml;q=0.9,image/avif,image/webp,image/apng,*/*;q=0.8,application/signed-exchange;v=b3;q=0.7',
  'user-agent' => 'Mozilla/5.0 (Linux; Android 6.0; Nexus 5 Build/MRA58N) AppleWebKit/537.36 (KHTML, like Gecko) Chrome/99.0.4844.51 Mobile Safari/537.36 MicroMessenger/7.0.1',
  'upgrade-insecure-requests' => '1',
  'connection' => 'keep-alive',
  'host' => '999.zhuanw.cn',
  'content-length' => '',
  'content-type' => '',
)
[ info ] [ PARAM ] array (
)
[ info ] [ BEHAVIOR ] Run Closure @action_begin [ RunTime:0.000355s ]
[ info ] [ RUN ] app\index\controller\Index->welcome[ /www/wwwroot/kkk.wmkf.xyz/application/index/controller/Index.php ]
[ info ] [ DB ] INIT mysql
[ info ] [ VIEW ] /www/wwwroot/kkk.wmkf.xyz/public/../application/index/view/index/mobile.html [ array (
  0 => 'basename',
  1 => 'theme',
) ]
[ info ] [ LOG ] INIT File
[ sql ] [ DB ] CONNECT:[ UseTime:0.007035s ] mysql:host=127.0.0.1;dbname=kkk_wmkf_xyz;charset=utf8
[ sql ] [ SQL ] SHOW COLUMNS FROM `wolive_business` [ RunTime:0.008185s ]
[ sql ] [ SQL ] SELECT * FROM `wolive_business` WHERE  `id` = 1 LIMIT 1 [ RunTime:0.001945s ]
---------------------------------------------------------------
[ 2024-01-03T00:21:52+08:00 ] 106.52.146.234 GET 999.zhuanw.cn/layer?theme=129936&visiter_id=&visiter_name=&avatar=&business_id=1&groupid=0&product=%7B%7D&special=1
[运行时间：0.086446s] [吞吐率：11.57req/s] [内存消耗：4,548.02kb] [文件加载：76]
[ info ] [ CACHE ] INIT File
[ info ] [ BEHAVIOR ] Run Closure @app_init [ RunTime:0.002288s ]
[ info ] [ LANG ] /www/wwwroot/kkk.wmkf.xyz/thinkphp/lang/zh-cn.php
[ info ] [ ROUTE ] array (
  'type' => 'module',
  'module' => 
  array (
    0 => 'layer',
    1 => NULL,
    2 => NULL,
  ),
)
[ info ] [ HEADER ] array (
  'accept-encoding' => 'gzip, deflate, br',
  'referer' => 'http://999.zhuanw.cn/',
  'sec-fetch-dest' => 'iframe',
  'sec-fetch-mode' => 'navigate',
  'sec-fetch-site' => 'cross-site',
  'accept' => 'text/html,application/xhtml+xml,application/xml;q=0.9,image/avif,image/webp,image/apng,*/*;q=0.8,application/signed-exchange;v=b3;q=0.7',
  'user-agent' => 'Mozilla/5.0 (Linux; Android 6.0; Nexus 5 Build/MRA58N) AppleWebKit/537.36 (KHTML, like Gecko) Chrome/99.0.4844.51 Mobile Safari/537.36 MicroMessenger/7.0.1',
  'upgrade-insecure-requests' => '1',
  'sec-ch-ua-platform' => '"Android"',
  'sec-ch-ua-mobile' => '?0',
  'sec-ch-ua' => '"Chromium";v="116", "Not)A;Brand";v="24", "HeadlessChrome";v="116"',
  'host' => '999.zhuanw.cn',
  'content-length' => '',
  'content-type' => '',
)
[ info ] [ PARAM ] array (
  'theme' => '129936',
  'visiter_id' => '',
  'visiter_name' => '',
  'avatar' => '',
  'business_id' => '1',
  'groupid' => '0',
  'product' => '{}',
  'special' => '1',
)
[ info ] [ BEHAVIOR ] Run Closure @action_begin [ RunTime:0.000487s ]
[ info ] [ RUN ] app\layer\controller\Index->index[ /www/wwwroot/kkk.wmkf.xyz/application/layer/controller/Index.php ]
[ info ] [ DB ] INIT mysql
[ info ] [ SESSION ] INIT array (
  'id' => '',
  'var_session_id' => '',
  'prefix' => '',
  'type' => '',
  'auto_start' => true,
)
[ info ] [ LANG ] /www/wwwroot/kkk.wmkf.xyz/public/../application/lang/cn.php
[ info ] [ VIEW ] /www/wwwroot/kkk.wmkf.xyz/public/../application/layer/view/index/index.html [ array (
  0 => 'basename',
  1 => 'lang',
  2 => 'reststate',
  3 => 'buttonSwitch',
  4 => 'restsetting',
  5 => 'business_name',
  6 => 'baidu_map_key',
  7 => 'groupid',
  8 => 'app_key',
  9 => 'ismoblie',
  10 => 'whost',
  11 => 'value',
  12 => 'wport',
  13 => 'port',
  14 => 'url',
  15 => 'visiter',
  16 => 'business_id',
  17 => 'from_url',
  18 => 'channel',
  19 => 'visiter_id',
  20 => 'avatar',
  21 => 'special',
  22 => 'theme',
  23 => 'business_info',
) ]
[ info ] [ LOG ] INIT File
[ sql ] [ DB ] CONNECT:[ UseTime:0.001726s ] mysql:host=127.0.0.1;dbname=kkk_wmkf_xyz;charset=utf8
[ sql ] [ SQL ] SHOW COLUMNS FROM `wolive_visiter` [ RunTime:0.002971s ]
[ sql ] [ SQL ] SELECT * FROM `wolive_visiter` WHERE  `ip` = '106.52.146.234' LIMIT 1 [ RunTime:0.002190s ]
[ sql ] [ SQL ] SHOW COLUMNS FROM `wolive_business` [ RunTime:0.002424s ]
[ sql ] [ SQL ] SELECT * FROM `wolive_business` WHERE  `id` = 1 LIMIT 1 [ RunTime:0.000984s ]
[ sql ] [ SQL ] SELECT `lang` FROM `wolive_visiter` WHERE  `visiter_id` = '65943820sm5s1fpzi82' LIMIT 1 [ RunTime:0.000941s ]
[ sql ] [ SQL ] SHOW COLUMNS FROM `wolive_rest_setting` [ RunTime:0.002087s ]
[ sql ] [ SQL ] SELECT * FROM `wolive_rest_setting` WHERE  `business_id` = 1 LIMIT 1 [ RunTime:0.000665s ]
[ sql ] [ SQL ] SELECT * FROM `wolive_business` WHERE  `id` = 1 LIMIT 1 [ RunTime:0.001177s ]
[ sql ] [ SQL ] SHOW COLUMNS FROM `wolive_button_switch` [ RunTime:0.002433s ]
[ sql ] [ SQL ] SELECT * FROM `wolive_button_switch` WHERE  `business_id` = 1 LIMIT 1 [ RunTime:0.000659s ]
---------------------------------------------------------------
[ 2024-01-03T00:21:53+08:00 ] 106.52.146.234 GET 999.zhuanw.cn/static/cdn/element-ui/2.15.1/theme-chalk/fonts/element-icons.woff
[运行时间：0.038356s] [吞吐率：26.07req/s] [内存消耗：2,575.45kb] [文件加载：58]
[ info ] [ CACHE ] INIT File
[ info ] [ BEHAVIOR ] Run Closure @app_init [ RunTime:0.002323s ]
[ info ] [ LANG ] /www/wwwroot/kkk.wmkf.xyz/thinkphp/lang/zh-cn.php
[ info ] [ ROUTE ] array (
  'type' => 'module',
  'module' => 
  array (
    0 => 'static',
    1 => 'cdn',
    2 => 'element-ui',
  ),
)
[ info ] [ HEADER ] array (
  'accept-encoding' => 'gzip, deflate, br',
  'referer' => 'https://999.zhuanw.cn/layer?theme=129936&visiter_id=&visiter_name=&avatar=&business_id=1&groupid=0&product=%7B%7D&special=1',
  'sec-fetch-dest' => 'style',
  'sec-fetch-mode' => 'no-cors',
  'sec-fetch-site' => 'same-origin',
  'accept' => 'text/css,*/*;q=0.1',
  'sec-ch-ua-platform' => '"Android"',
  'user-agent' => 'Mozilla/5.0 (Linux; Android 6.0; Nexus 5 Build/MRA58N) AppleWebKit/537.36 (KHTML, like Gecko) Chrome/99.0.4844.51 Mobile Safari/537.36 MicroMessenger/7.0.1',
  'sec-ch-ua-mobile' => '?0',
  'sec-ch-ua' => '"Chromium";v="116", "Not)A;Brand";v="24", "HeadlessChrome";v="116"',
  'host' => '999.zhuanw.cn',
  'content-length' => '',
  'content-type' => '',
)
[ info ] [ PARAM ] array (
  0 => 'theme-chalk',
  'fonts' => 'element-icons.woff',
)
[ info ] [ LOG ] INIT File
---------------------------------------------------------------
[ 2024-01-03T00:21:53+08:00 ] 14.152.91.194 GET 999.zhuanw.cn/static/font/iconfont.woff2?v=282
[运行时间：0.052808s] [吞吐率：18.94req/s] [内存消耗：2,572.17kb] [文件加载：58]
[ info ] [ CACHE ] INIT File
[ info ] [ BEHAVIOR ] Run Closure @app_init [ RunTime:0.002428s ]
[ info ] [ LANG ] /www/wwwroot/kkk.wmkf.xyz/thinkphp/lang/zh-cn.php
[ info ] [ ROUTE ] array (
  'type' => 'module',
  'module' => 
  array (
    0 => 'static',
    1 => 'font',
    2 => 'iconfont.woff2',
  ),
)
[ info ] [ HEADER ] array (
  'accept-encoding' => 'gzip, deflate, br',
  'referer' => 'http://999.zhuanw.cn/',
  'sec-fetch-dest' => 'font',
  'sec-fetch-mode' => 'cors',
  'sec-fetch-site' => 'cross-site',
  'accept' => '*/*',
  'user-agent' => 'Mozilla/5.0 (Linux; Android 6.0; Nexus 5 Build/MRA58N) AppleWebKit/537.36 (KHTML, like Gecko) Chrome/99.0.4844.51 Mobile Safari/537.36 MicroMessenger/7.0.1',
  'origin' => 'http://999.zhuanw.cn',
  'host' => '999.zhuanw.cn',
  'content-length' => '',
  'content-type' => '',
)
[ info ] [ PARAM ] array (
  'v' => '282',
)
[ info ] [ LOG ] INIT File
---------------------------------------------------------------
[ 2024-01-03T00:21:54+08:00 ] 14.152.91.194 GET 999.zhuanw.cn/static/font/iconfont.woff?v=282
[运行时间：0.033589s] [吞吐率：29.77req/s] [内存消耗：2,572.17kb] [文件加载：58]
[ info ] [ CACHE ] INIT File
[ info ] [ BEHAVIOR ] Run Closure @app_init [ RunTime:0.002423s ]
[ info ] [ LANG ] /www/wwwroot/kkk.wmkf.xyz/thinkphp/lang/zh-cn.php
[ info ] [ ROUTE ] array (
  'type' => 'module',
  'module' => 
  array (
    0 => 'static',
    1 => 'font',
    2 => 'iconfont.woff',
  ),
)
[ info ] [ HEADER ] array (
  'accept-encoding' => 'gzip, deflate, br',
  'referer' => 'http://999.zhuanw.cn/',
  'sec-fetch-dest' => 'font',
  'sec-fetch-mode' => 'cors',
  'sec-fetch-site' => 'cross-site',
  'accept' => '*/*',
  'user-agent' => 'Mozilla/5.0 (Linux; Android 6.0; Nexus 5 Build/MRA58N) AppleWebKit/537.36 (KHTML, like Gecko) Chrome/99.0.4844.51 Mobile Safari/537.36 MicroMessenger/7.0.1',
  'origin' => 'http://999.zhuanw.cn',
  'host' => '999.zhuanw.cn',
  'content-length' => '',
  'content-type' => '',
)
[ info ] [ PARAM ] array (
  'v' => '282',
)
[ info ] [ LOG ] INIT File
---------------------------------------------------------------
[ 2024-01-03T00:21:55+08:00 ] 106.52.146.234 POST 999.zhuanw.cn/admin/event/notice
[运行时间：0.286301s] [吞吐率：3.49req/s] [内存消耗：4,576.80kb] [文件加载：78]
[ info ] [ CACHE ] INIT File
[ info ] [ BEHAVIOR ] Run Closure @app_init [ RunTime:0.001945s ]
[ info ] [ LANG ] /www/wwwroot/kkk.wmkf.xyz/thinkphp/lang/zh-cn.php
[ info ] [ ROUTE ] array (
  'type' => 'module',
  'module' => 
  array (
    0 => 'admin',
    1 => 'event',
    2 => 'notice',
  ),
)
[ info ] [ HEADER ] array (
  'accept-encoding' => 'gzip, deflate, br',
  'referer' => 'https://999.zhuanw.cn/layer?theme=129936&visiter_id=&visiter_name=&avatar=&business_id=1&groupid=0&product=%7B%7D&special=1',
  'sec-fetch-dest' => 'empty',
  'sec-fetch-mode' => 'cors',
  'sec-fetch-site' => 'same-origin',
  'origin' => 'https://999.zhuanw.cn',
  'sec-ch-ua-platform' => '"Android"',
  'user-agent' => 'Mozilla/5.0 (Linux; Android 6.0; Nexus 5 Build/MRA58N) AppleWebKit/537.36 (KHTML, like Gecko) Chrome/99.0.4844.51 Mobile Safari/537.36 MicroMessenger/7.0.1',
  'sec-ch-ua-mobile' => '?0',
  'x-requested-with' => 'XMLHttpRequest',
  'content-type' => 'application/x-www-form-urlencoded; charset=UTF-8',
  'accept' => 'application/json, text/javascript, */*; q=0.01',
  'sec-ch-ua' => '"Chromium";v="116", "Not)A;Brand";v="24", "HeadlessChrome";v="116"',
  'content-length' => '213',
  'host' => '999.zhuanw.cn',
)
[ info ] [ PARAM ] array (
  'visiter_id' => '65943820sm5s1fpzi82',
  'visiter_name' => '游客65943820sm5s1fpzi82',
  'business_id' => '1',
  'from_url' => 'http://999.zhuanw.cn/',
  'avatar' => '/assets/images/index/avatar-red2s.png',
  'groupid' => '0',
  'special' => '1',
  'name' => '',
)
[ info ] [ DB ] INIT mysql
[ info ] [ SESSION ] INIT array (
  'id' => '',
  'var_session_id' => '',
  'prefix' => '',
  'type' => '',
  'auto_start' => true,
)
[ info ] [ LANG ] /www/wwwroot/kkk.wmkf.xyz/public/../application/lang/cn.php
[ info ] [ BEHAVIOR ] Run Closure @action_begin [ RunTime:0.000387s ]
[ info ] [ RUN ] app\admin\controller\Event->notice[ /www/wwwroot/kkk.wmkf.xyz/application/admin/controller/Event.php ]
[ info ] [ LOG ] INIT File
[ sql ] [ DB ] CONNECT:[ UseTime:0.001652s ] mysql:host=127.0.0.1;dbname=kkk_wmkf_xyz;charset=utf8
[ sql ] [ SQL ] SHOW COLUMNS FROM `wolive_business` [ RunTime:0.002796s ]
[ sql ] [ SQL ] SELECT * FROM `wolive_business` WHERE  `id` = 1 LIMIT 1 [ RunTime:0.002317s ]
[ sql ] [ SQL ] SHOW COLUMNS FROM `wolive_visiter` [ RunTime:0.002707s ]
[ sql ] [ SQL ] SELECT `lang` FROM `wolive_visiter` WHERE  `visiter_id` = '65943820sm5s1fpzi82' LIMIT 1 [ RunTime:0.000758s ]
[ sql ] [ SQL ] SELECT * FROM `wolive_business` WHERE  `id` = 1 LIMIT 1 [ RunTime:0.001294s ]
[ sql ] [ SQL ] UPDATE `wolive_visiter`  SET `state`='online',`ip`='106.52.146.234',`location`='北京'  WHERE  `channel` = '3635393433383230736d35733166707a6938322f31' [ RunTime:0.001837s ]
[ sql ] [ SQL ] SELECT `lang` FROM `wolive_visiter` WHERE  `visiter_id` = '65943820sm5s1fpzi82' LIMIT 1 [ RunTime:0.000602s ]
[ sql ] [ SQL ] SELECT * FROM `wolive_visiter` WHERE  `visiter_id` = '65943820sm5s1fpzi82'  AND `business_id` = 1 LIMIT 1 [ RunTime:0.000737s ]
[ sql ] [ SQL ] INSERT INTO `wolive_visiter` (`visiter_id` , `visiter_name` , `business_id` , `from_url` , `avatar` , `name` , `location` , `channel` , `ip` , `extends` , `lang` , `state`) VALUES ('65943820sm5s1fpzi82' , '游客65943820sm5s1fpzi82' , 1 , 'http://999.zhuanw.cn/' , '/assets/images/index/avatar-red2s.png' , '' , '北京' , '3635393433383230736d35733166707a6938322f31' , '106.52.146.234' , '{\"browserName\":\"\\u5fae\\u4fe1\\u5185\\u6d4f\\u89c8\\u5668\",\"browserVersion\":\"7.0\",\"os\":\"\\u5b89\\u5353\\u7cfb\\u7edf\",\"engine\":\"webkit\"}' , 'cn' , 'offline') [ RunTime:0.014146s ]
[ sql ] [ SQL ] SHOW COLUMNS FROM `wolive_service` [ RunTime:0.002044s ]
[ sql ] [ SQL ] SELECT * FROM `wolive_service` WHERE  `service_id` = 1  AND `business_id` = 1 LIMIT 1 [ RunTime:0.000776s ]
[ sql ] [ SQL ] SHOW COLUMNS FROM `wolive_queue` [ RunTime:0.002879s ]
[ sql ] [ SQL ] SELECT * FROM `wolive_queue` WHERE  `visiter_id` = '65943820sm5s1fpzi82'  AND `business_id` = 1  AND `state` = 'normal' LIMIT 1 [ RunTime:0.005558s ]
[ sql ] [ SQL ] INSERT INTO `wolive_queue` (`visiter_id` , `service_id` , `business_id` , `groupid`) VALUES ('65943820sm5s1fpzi82' , 1 , 1 , 0) [ RunTime:0.005908s ]
[ sql ] [ SQL ] SHOW COLUMNS FROM `wolive_sentence` [ RunTime:0.002640s ]
[ sql ] [ SQL ] SELECT * FROM `wolive_sentence` WHERE  `lang` = 'cn'  AND `service_id` = 1  AND `state` = 'using' [ RunTime:0.000832s ]
[ sql ] [ SQL ] SHOW COLUMNS FROM `wolive_chats` [ RunTime:0.001922s ]
[ sql ] [ SQL ] UPDATE `wolive_chats`  SET `service_id`=1  WHERE  `visiter_id` = '65943820sm5s1fpzi82'  AND `service_id` = 0  AND `business_id` = 1 [ RunTime:0.001146s ]
[ sql ] [ SQL ] SHOW COLUMNS FROM `wolive_wechat_platform` [ RunTime:0.002332s ]
[ sql ] [ SQL ] SELECT * FROM `wolive_wechat_platform` WHERE  `business_id` = 1 LIMIT 1 [ RunTime:0.000722s ]
---------------------------------------------------------------
[ 2024-01-03T00:21:55+08:00 ] 106.52.146.234 POST 999.zhuanw.cn/admin/event/getquestion
[运行时间：0.099544s] [吞吐率：10.05req/s] [内存消耗：4,338.68kb] [文件加载：74]
[ info ] [ CACHE ] INIT File
[ info ] [ BEHAVIOR ] Run Closure @app_init [ RunTime:0.002656s ]
[ info ] [ LANG ] /www/wwwroot/kkk.wmkf.xyz/thinkphp/lang/zh-cn.php
[ info ] [ ROUTE ] array (
  'type' => 'module',
  'module' => 
  array (
    0 => 'admin',
    1 => 'event',
    2 => 'getquestion',
  ),
)
[ info ] [ HEADER ] array (
  'accept-encoding' => 'gzip, deflate, br',
  'referer' => 'https://999.zhuanw.cn/layer?theme=129936&visiter_id=&visiter_name=&avatar=&business_id=1&groupid=0&product=%7B%7D&special=1',
  'sec-fetch-dest' => 'empty',
  'sec-fetch-mode' => 'cors',
  'sec-fetch-site' => 'same-origin',
  'origin' => 'https://999.zhuanw.cn',
  'sec-ch-ua-platform' => '"Android"',
  'user-agent' => 'Mozilla/5.0 (Linux; Android 6.0; Nexus 5 Build/MRA58N) AppleWebKit/537.36 (KHTML, like Gecko) Chrome/99.0.4844.51 Mobile Safari/537.36 MicroMessenger/7.0.1',
  'sec-ch-ua-mobile' => '?0',
  'x-requested-with' => 'XMLHttpRequest',
  'content-type' => 'application/x-www-form-urlencoded; charset=UTF-8',
  'accept' => '*/*',
  'sec-ch-ua' => '"Chromium";v="116", "Not)A;Brand";v="24", "HeadlessChrome";v="116"',
  'content-length' => '44',
  'host' => '999.zhuanw.cn',
)
[ info ] [ PARAM ] array (
  'business_id' => '1',
  'visiter_id' => '65943820sm5s1fpzi82',
)
[ info ] [ DB ] INIT mysql
[ info ] [ LANG ] /www/wwwroot/kkk.wmkf.xyz/public/../application/lang/cn.php
[ info ] [ BEHAVIOR ] Run Closure @action_begin [ RunTime:0.000627s ]
[ info ] [ RUN ] app\admin\controller\Event->getquestion[ /www/wwwroot/kkk.wmkf.xyz/application/admin/controller/Event.php ]
[ info ] [ LOG ] INIT File
[ sql ] [ DB ] CONNECT:[ UseTime:0.001566s ] mysql:host=127.0.0.1;dbname=kkk_wmkf_xyz;charset=utf8
[ sql ] [ SQL ] SHOW COLUMNS FROM `wolive_business` [ RunTime:0.003181s ]
[ sql ] [ SQL ] SELECT * FROM `wolive_business` WHERE  `id` = 1 LIMIT 1 [ RunTime:0.000994s ]
[ sql ] [ SQL ] SHOW COLUMNS FROM `wolive_visiter` [ RunTime:0.001896s ]
[ sql ] [ SQL ] SELECT `lang` FROM `wolive_visiter` WHERE  `visiter_id` = '65943820sm5s1fpzi82' LIMIT 1 [ RunTime:0.000689s ]
[ sql ] [ SQL ] SELECT `lang` FROM `wolive_visiter` WHERE  `visiter_id` = '65943820sm5s1fpzi82' LIMIT 1 [ RunTime:0.000714s ]
[ sql ] [ SQL ] SHOW COLUMNS FROM `wolive_question` [ RunTime:0.009991s ]
[ sql ] [ SQL ] SELECT * FROM `wolive_question` WHERE  `business_id` = 1  AND `lang` = 'cn'  AND `status` = 1 ORDER BY `sort` DESC [ RunTime:0.000740s ]
[ sql ] [ SQL ] SELECT * FROM `wolive_business` WHERE  `id` = 1 LIMIT 1 [ RunTime:0.001001s ]
[ sql ] [ SQL ] SELECT COUNT(*) AS tp_count FROM `wolive_question` WHERE  `business_id` = 1  AND `lang` = 'cn'  AND `status` = 1  AND `keyword` <> '' LIMIT 1 [ RunTime:0.000845s ]
---------------------------------------------------------------
[ 2024-01-03T00:21:55+08:00 ] 106.52.146.234 POST 999.zhuanw.cn/admin/event/chatdata
[运行时间：0.106170s] [吞吐率：9.42req/s] [内存消耗：4,304.95kb] [文件加载：72]
[ info ] [ CACHE ] INIT File
[ info ] [ BEHAVIOR ] Run Closure @app_init [ RunTime:0.012736s ]
[ info ] [ LANG ] /www/wwwroot/kkk.wmkf.xyz/thinkphp/lang/zh-cn.php
[ info ] [ ROUTE ] array (
  'type' => 'module',
  'module' => 
  array (
    0 => 'admin',
    1 => 'event',
    2 => 'chatdata',
  ),
)
[ info ] [ HEADER ] array (
  'accept-encoding' => 'gzip, deflate, br',
  'referer' => 'https://999.zhuanw.cn/layer?theme=129936&visiter_id=&visiter_name=&avatar=&business_id=1&groupid=0&product=%7B%7D&special=1',
  'sec-fetch-dest' => 'empty',
  'sec-fetch-mode' => 'cors',
  'sec-fetch-site' => 'same-origin',
  'origin' => 'https://999.zhuanw.cn',
  'sec-ch-ua-platform' => '"Android"',
  'user-agent' => 'Mozilla/5.0 (Linux; Android 6.0; Nexus 5 Build/MRA58N) AppleWebKit/537.36 (KHTML, like Gecko) Chrome/99.0.4844.51 Mobile Safari/537.36 MicroMessenger/7.0.1',
  'sec-ch-ua-mobile' => '?0',
  'x-requested-with' => 'XMLHttpRequest',
  'content-type' => 'application/x-www-form-urlencoded; charset=UTF-8',
  'accept' => '*/*',
  'sec-ch-ua' => '"Chromium";v="116", "Not)A;Brand";v="24", "HeadlessChrome";v="116"',
  'content-length' => '55',
  'host' => '999.zhuanw.cn',
)
[ info ] [ PARAM ] array (
  'hid' => '',
  'vid' => '65943820sm5s1fpzi82',
  'service_id' => '1',
  'business_id' => '1',
)
[ info ] [ SESSION ] INIT array (
  'id' => '',
  'var_session_id' => '',
  'prefix' => '',
  'type' => '',
  'auto_start' => true,
)
[ info ] [ LANG ] /www/wwwroot/kkk.wmkf.xyz/public/../application/lang/cn.php
[ info ] [ BEHAVIOR ] Run Closure @action_begin [ RunTime:0.000298s ]
[ info ] [ RUN ] app\admin\controller\Event->chatdata[ /www/wwwroot/kkk.wmkf.xyz/application/admin/controller/Event.php ]
[ info ] [ DB ] INIT mysql
[ info ] [ LOG ] INIT File
[ sql ] [ DB ] CONNECT:[ UseTime:0.001183s ] mysql:host=127.0.0.1;dbname=kkk_wmkf_xyz;charset=utf8
[ sql ] [ SQL ] SHOW COLUMNS FROM `wolive_chats` [ RunTime:0.002150s ]
[ sql ] [ SQL ] SELECT * FROM `wolive_chats` WHERE  `service_id` = 1  AND `visiter_id` = '65943820sm5s1fpzi82'  AND `business_id` = 1 ORDER BY `timestamp` DESC,`cid` ASC LIMIT 10 [ RunTime:0.001106s ]
[ sql ] [ SQL ] SHOW COLUMNS FROM `wolive_visiter` [ RunTime:0.002390s ]
[ sql ] [ SQL ] SELECT * FROM `wolive_visiter` WHERE  `visiter_id` = '65943820sm5s1fpzi82' LIMIT 1 [ RunTime:0.000728s ]
[ sql ] [ SQL ] SHOW COLUMNS FROM `wolive_service` [ RunTime:0.001599s ]
[ sql ] [ SQL ] SELECT * FROM `wolive_service` WHERE  `service_id` = 1 LIMIT 1 [ RunTime:0.000528s ]
---------------------------------------------------------------
[ 2024-01-03T00:21:55+08:00 ] 106.52.146.234 POST 999.zhuanw.cn/admin/event/gettishi
[运行时间：0.104926s] [吞吐率：9.53req/s] [内存消耗：4,093.80kb] [文件加载：70]
[ info ] [ CACHE ] INIT File
[ info ] [ BEHAVIOR ] Run Closure @app_init [ RunTime:0.002229s ]
[ info ] [ LANG ] /www/wwwroot/kkk.wmkf.xyz/thinkphp/lang/zh-cn.php
[ info ] [ ROUTE ] array (
  'type' => 'module',
  'module' => 
  array (
    0 => 'admin',
    1 => 'event',
    2 => 'gettishi',
  ),
)
[ info ] [ HEADER ] array (
  'accept-encoding' => 'gzip, deflate, br',
  'referer' => 'https://999.zhuanw.cn/layer?theme=129936&visiter_id=&visiter_name=&avatar=&business_id=1&groupid=0&product=%7B%7D&special=1',
  'sec-fetch-dest' => 'empty',
  'sec-fetch-mode' => 'cors',
  'sec-fetch-site' => 'same-origin',
  'origin' => 'https://999.zhuanw.cn',
  'sec-ch-ua-platform' => '"Android"',
  'user-agent' => 'Mozilla/5.0 (Linux; Android 6.0; Nexus 5 Build/MRA58N) AppleWebKit/537.36 (KHTML, like Gecko) Chrome/99.0.4844.51 Mobile Safari/537.36 MicroMessenger/7.0.1',
  'sec-ch-ua-mobile' => '?0',
  'x-requested-with' => 'XMLHttpRequest',
  'content-type' => 'application/x-www-form-urlencoded; charset=UTF-8',
  'accept' => '*/*',
  'sec-ch-ua' => '"Chromium";v="116", "Not)A;Brand";v="24", "HeadlessChrome";v="116"',
  'content-length' => '44',
  'host' => '999.zhuanw.cn',
)
[ info ] [ PARAM ] array (
  'business_id' => '1',
  'visiter_id' => '65943820sm5s1fpzi82',
)
[ info ] [ DB ] INIT mysql
[ info ] [ LANG ] /www/wwwroot/kkk.wmkf.xyz/public/../application/lang/cn.php
[ info ] [ BEHAVIOR ] Run Closure @action_begin [ RunTime:0.000675s ]
[ info ] [ RUN ] app\admin\controller\Event->gettishi[ /www/wwwroot/kkk.wmkf.xyz/application/admin/controller/Event.php ]
[ info ] [ LOG ] INIT File
[ sql ] [ DB ] CONNECT:[ UseTime:0.002819s ] mysql:host=127.0.0.1;dbname=kkk_wmkf_xyz;charset=utf8
[ sql ] [ SQL ] SHOW COLUMNS FROM `wolive_business` [ RunTime:0.004665s ]
[ sql ] [ SQL ] SELECT * FROM `wolive_business` WHERE  `id` = 1 LIMIT 1 [ RunTime:0.001146s ]
[ sql ] [ SQL ] SHOW COLUMNS FROM `wolive_visiter` [ RunTime:0.002262s ]
[ sql ] [ SQL ] SELECT `lang` FROM `wolive_visiter` WHERE  `visiter_id` = '65943820sm5s1fpzi82' LIMIT 1 [ RunTime:0.000724s ]
[ sql ] [ SQL ] SHOW COLUMNS FROM `wolive_service` [ RunTime:0.002257s ]
[ sql ] [ SQL ] SELECT * FROM `wolive_service` WHERE  `service_id` = 1 LIMIT 1 [ RunTime:0.000600s ]
[ sql ] [ SQL ] SELECT * FROM `wolive_business` WHERE  `id` = 1 LIMIT 1 [ RunTime:0.000873s ]
---------------------------------------------------------------
[ 2024-01-03T00:21:55+08:00 ] 14.152.91.194 GET 999.zhuanw.cn/static/font/iconfont.ttf?v=282
[运行时间：0.034968s] [吞吐率：28.60req/s] [内存消耗：2,572.16kb] [文件加载：58]
[ info ] [ CACHE ] INIT File
[ info ] [ BEHAVIOR ] Run Closure @app_init [ RunTime:0.001984s ]
[ info ] [ LANG ] /www/wwwroot/kkk.wmkf.xyz/thinkphp/lang/zh-cn.php
[ info ] [ ROUTE ] array (
  'type' => 'module',
  'module' => 
  array (
    0 => 'static',
    1 => 'font',
    2 => 'iconfont.ttf',
  ),
)
[ info ] [ HEADER ] array (
  'accept-encoding' => 'gzip, deflate, br',
  'referer' => 'http://999.zhuanw.cn/',
  'sec-fetch-dest' => 'font',
  'sec-fetch-mode' => 'cors',
  'sec-fetch-site' => 'cross-site',
  'accept' => '*/*',
  'user-agent' => 'Mozilla/5.0 (Linux; Android 6.0; Nexus 5 Build/MRA58N) AppleWebKit/537.36 (KHTML, like Gecko) Chrome/99.0.4844.51 Mobile Safari/537.36 MicroMessenger/7.0.1',
  'origin' => 'http://999.zhuanw.cn',
  'host' => '999.zhuanw.cn',
  'content-length' => '',
  'content-type' => '',
)
[ info ] [ PARAM ] array (
  'v' => '282',
)
[ info ] [ LOG ] INIT File
---------------------------------------------------------------
[ 2024-01-03T00:21:56+08:00 ] 106.52.146.234 POST 999.zhuanw.cn/admin/event/chatdata
[运行时间：0.057028s] [吞吐率：17.54req/s] [内存消耗：4,304.95kb] [文件加载：72]
[ info ] [ CACHE ] INIT File
[ info ] [ BEHAVIOR ] Run Closure @app_init [ RunTime:0.001429s ]
[ info ] [ LANG ] /www/wwwroot/kkk.wmkf.xyz/thinkphp/lang/zh-cn.php
[ info ] [ ROUTE ] array (
  'type' => 'module',
  'module' => 
  array (
    0 => 'admin',
    1 => 'event',
    2 => 'chatdata',
  ),
)
[ info ] [ HEADER ] array (
  'accept-encoding' => 'gzip, deflate, br',
  'referer' => 'https://999.zhuanw.cn/layer?theme=129936&visiter_id=&visiter_name=&avatar=&business_id=1&groupid=0&product=%7B%7D&special=1',
  'sec-fetch-dest' => 'empty',
  'sec-fetch-mode' => 'cors',
  'sec-fetch-site' => 'same-origin',
  'origin' => 'https://999.zhuanw.cn',
  'sec-ch-ua-platform' => '"Android"',
  'user-agent' => 'Mozilla/5.0 (Linux; Android 6.0; Nexus 5 Build/MRA58N) AppleWebKit/537.36 (KHTML, like Gecko) Chrome/99.0.4844.51 Mobile Safari/537.36 MicroMessenger/7.0.1',
  'sec-ch-ua-mobile' => '?0',
  'x-requested-with' => 'XMLHttpRequest',
  'content-type' => 'application/x-www-form-urlencoded; charset=UTF-8',
  'accept' => '*/*',
  'sec-ch-ua' => '"Chromium";v="116", "Not)A;Brand";v="24", "HeadlessChrome";v="116"',
  'content-length' => '55',
  'host' => '999.zhuanw.cn',
)
[ info ] [ PARAM ] array (
  'hid' => '',
  'vid' => '65943820sm5s1fpzi82',
  'service_id' => '1',
  'business_id' => '1',
)
[ info ] [ SESSION ] INIT array (
  'id' => '',
  'var_session_id' => '',
  'prefix' => '',
  'type' => '',
  'auto_start' => true,
)
[ info ] [ LANG ] /www/wwwroot/kkk.wmkf.xyz/public/../application/lang/cn.php
[ info ] [ BEHAVIOR ] Run Closure @action_begin [ RunTime:0.000291s ]
[ info ] [ RUN ] app\admin\controller\Event->chatdata[ /www/wwwroot/kkk.wmkf.xyz/application/admin/controller/Event.php ]
[ info ] [ DB ] INIT mysql
[ info ] [ LOG ] INIT File
[ sql ] [ DB ] CONNECT:[ UseTime:0.001306s ] mysql:host=127.0.0.1;dbname=kkk_wmkf_xyz;charset=utf8
[ sql ] [ SQL ] SHOW COLUMNS FROM `wolive_chats` [ RunTime:0.002042s ]
[ sql ] [ SQL ] SELECT * FROM `wolive_chats` WHERE  `service_id` = 1  AND `visiter_id` = '65943820sm5s1fpzi82'  AND `business_id` = 1 ORDER BY `timestamp` DESC,`cid` ASC LIMIT 10 [ RunTime:0.000704s ]
[ sql ] [ SQL ] SHOW COLUMNS FROM `wolive_visiter` [ RunTime:0.001506s ]
[ sql ] [ SQL ] SELECT * FROM `wolive_visiter` WHERE  `visiter_id` = '65943820sm5s1fpzi82' LIMIT 1 [ RunTime:0.001060s ]
[ sql ] [ SQL ] SHOW COLUMNS FROM `wolive_service` [ RunTime:0.003237s ]
[ sql ] [ SQL ] SELECT * FROM `wolive_service` WHERE  `service_id` = 1 LIMIT 1 [ RunTime:0.000683s ]
---------------------------------------------------------------
[ 2024-01-03T00:21:58+08:00 ] 198.44.185.96 POST kkk.wmkf.xyz/admin/event
[运行时间：0.142270s] [吞吐率：7.03req/s] [内存消耗：4,488.36kb] [文件加载：72]
[ info ] [ CACHE ] INIT File
[ info ] [ BEHAVIOR ] Run Closure @app_init [ RunTime:0.001565s ]
[ info ] [ LANG ] /www/wwwroot/kkk.wmkf.xyz/thinkphp/lang/zh-cn.php
[ info ] [ ROUTE ] array (
  'type' => 'module',
  'module' => 
  array (
    0 => 'admin',
    1 => 'event',
    2 => NULL,
  ),
)
[ info ] [ HEADER ] array (
  'content-length' => '163',
  'content-type' => 'application/json',
  'x-pusher-signature' => 'b8445119e18c6575e03ab2cbcac0a211bd0f82d32f28944845bea068a616ef11',
  'x-pusher-key' => 'xd5bgugi03uzg9wl',
  'connection' => 'close',
  'host' => 'kkk.wmkf.xyz',
)
[ info ] [ PARAM ] array (
  'time_ms' => '1704212518.0234',
  'events' => 
  array (
    0 => 
    array (
      'channel' => 'cu3635393433383230736d35733166707a6938322f31',
      'name' => 'channel_added',
    ),
    1 => 
    array (
      'channel' => 'se1',
      'name' => 'channel_added',
    ),
  ),
)
[ info ] [ SESSION ] INIT array (
  'id' => '',
  'var_session_id' => '',
  'prefix' => '',
  'type' => '',
  'auto_start' => true,
)
[ info ] [ LANG ] /www/wwwroot/kkk.wmkf.xyz/public/../application/lang/cn.php
[ info ] [ BEHAVIOR ] Run Closure @action_begin [ RunTime:0.000429s ]
[ info ] [ RUN ] app\admin\controller\Event->index[ /www/wwwroot/kkk.wmkf.xyz/application/admin/controller/Event.php ]
[ info ] [ DB ] INIT mysql
[ info ] [ LOG ] INIT File
[ sql ] [ DB ] CONNECT:[ UseTime:0.001775s ] mysql:host=127.0.0.1;dbname=kkk_wmkf_xyz;charset=utf8
[ sql ] [ SQL ] SHOW COLUMNS FROM `wolive_queue` [ RunTime:0.002080s ]
[ sql ] [ SQL ] SELECT * FROM `wolive_queue` WHERE  `visiter_id` = '65943820sm5s1fpzi82'  AND `business_id` = 1 LIMIT 1 [ RunTime:0.000885s ]
[ sql ] [ SQL ] SHOW COLUMNS FROM `wolive_visiter` [ RunTime:0.002052s ]
[ sql ] [ SQL ] UPDATE `wolive_visiter`  SET `state`='online'  WHERE  `channel` = '3635393433383230736d35733166707a6938322f31' [ RunTime:0.002499s ]
---------------------------------------------------------------
[ 2024-01-03T00:22:01+08:00 ] 198.44.185.96 POST kkk.wmkf.xyz/admin/event
[运行时间：0.132162s] [吞吐率：7.57req/s] [内存消耗：4,489.92kb] [文件加载：72]
[ info ] [ CACHE ] INIT File
[ info ] [ BEHAVIOR ] Run Closure @app_init [ RunTime:0.001556s ]
[ info ] [ LANG ] /www/wwwroot/kkk.wmkf.xyz/thinkphp/lang/zh-cn.php
[ info ] [ ROUTE ] array (
  'type' => 'module',
  'module' => 
  array (
    0 => 'admin',
    1 => 'event',
    2 => NULL,
  ),
)
[ info ] [ HEADER ] array (
  'content-length' => '167',
  'content-type' => 'application/json',
  'x-pusher-signature' => 'ec96c5d195972e7db693acb3356ccd1b850130c6b79b863e6f6f5f36ccdb7b33',
  'x-pusher-key' => 'xd5bgugi03uzg9wl',
  'connection' => 'close',
  'host' => 'kkk.wmkf.xyz',
)
[ info ] [ PARAM ] array (
  'time_ms' => '1704212521.0252',
  'events' => 
  array (
    0 => 
    array (
      'channel' => 'cu3635393433383230736d35733166707a6938322f31',
      'name' => 'channel_removed',
    ),
    1 => 
    array (
      'channel' => 'se1',
      'name' => 'channel_removed',
    ),
  ),
)
[ info ] [ SESSION ] INIT array (
  'id' => '',
  'var_session_id' => '',
  'prefix' => '',
  'type' => '',
  'auto_start' => true,
)
[ info ] [ LANG ] /www/wwwroot/kkk.wmkf.xyz/public/../application/lang/cn.php
[ info ] [ BEHAVIOR ] Run Closure @action_begin [ RunTime:0.000376s ]
[ info ] [ RUN ] app\admin\controller\Event->index[ /www/wwwroot/kkk.wmkf.xyz/application/admin/controller/Event.php ]
[ info ] [ DB ] INIT mysql
[ info ] [ LOG ] INIT File
[ sql ] [ DB ] CONNECT:[ UseTime:0.004082s ] mysql:host=127.0.0.1;dbname=kkk_wmkf_xyz;charset=utf8
[ sql ] [ SQL ] SHOW COLUMNS FROM `wolive_queue` [ RunTime:0.004675s ]
[ sql ] [ SQL ] SELECT * FROM `wolive_queue` WHERE  `visiter_id` = '65943820sm5s1fpzi82'  AND `business_id` = 1 LIMIT 1 [ RunTime:0.001174s ]
[ sql ] [ SQL ] UPDATE `wolive_queue`  SET `remind_tpl`=0,`remind_comment`=0  WHERE  `visiter_id` = '65943820sm5s1fpzi82'  AND `business_id` = 1 [ RunTime:0.000704s ]
[ sql ] [ SQL ] SHOW COLUMNS FROM `wolive_visiter` [ RunTime:0.002918s ]
[ sql ] [ SQL ] UPDATE `wolive_visiter`  SET `state`='offline'  WHERE  `channel` = '3635393433383230736d35733166707a6938322f31' [ RunTime:0.003025s ]
---------------------------------------------------------------
[ 2024-01-03T08:14:35+08:00 ] 49.234.25.245 GET 999.zhuanw.cn/index/index?code=5NE1n1wIziO8ELYdy3FkUx6NZw8LpcZ5jKi4MYA3XOG1NLxUpNmNLWcmz12qHQoQlj2s4iXw%2FzjgvtmomDR0Vsh
[运行时间：0.044144s] [吞吐率：22.65req/s] [内存消耗：3,010.91kb] [文件加载：65]
[ info ] [ CACHE ] INIT File
[ info ] [ BEHAVIOR ] Run Closure @app_init [ RunTime:0.002661s ]
[ info ] [ LANG ] /www/wwwroot/kkk.wmkf.xyz/thinkphp/lang/zh-cn.php
[ info ] [ ROUTE ] array (
  'type' => 'module',
  'module' => 
  array (
    0 => 'index',
    1 => 'index',
    2 => NULL,
  ),
)
[ info ] [ HEADER ] array (
  'connection' => 'keep-alive',
  'accept' => '*/*',
  'accept-encoding' => 'gzip, deflate',
  'user-agent' => 'python-requests/2.27.1',
  'host' => '999.zhuanw.cn',
  'content-length' => '',
  'content-type' => '',
)
[ info ] [ PARAM ] array (
  'code' => '5NE1n1wIziO8ELYdy3FkUx6NZw8LpcZ5jKi4MYA3XOG1NLxUpNmNLWcmz12qHQoQlj2s4iXw/zjgvtmomDR0Vsh',
)
[ info ] [ BEHAVIOR ] Run Closure @action_begin [ RunTime:0.000407s ]
[ info ] [ RUN ] app\index\controller\Index->index[ /www/wwwroot/kkk.wmkf.xyz/application/index/controller/Index.php ]
[ info ] [ SESSION ] INIT array (
  'id' => '',
  'var_session_id' => '',
  'prefix' => '',
  'type' => '',
  'auto_start' => true,
)
[ info ] [ LOG ] INIT File
---------------------------------------------------------------
[ 2024-01-03T08:14:35+08:00 ] 49.234.25.245 GET 999.zhuanw.cn/index/index?code=5NE1n1wIziO8ELYdy3FkUx6NZw8LpcZ5jKi4MYA3XOG1NLxUpNmNLWcmz12qHQoQlj2s4iXw%2FzjgvtmomDR0Vsh
[运行时间：0.031980s] [吞吐率：31.27req/s] [内存消耗：3,010.91kb] [文件加载：65]
[ info ] [ CACHE ] INIT File
[ info ] [ BEHAVIOR ] Run Closure @app_init [ RunTime:0.001794s ]
[ info ] [ LANG ] /www/wwwroot/kkk.wmkf.xyz/thinkphp/lang/zh-cn.php
[ info ] [ ROUTE ] array (
  'type' => 'module',
  'module' => 
  array (
    0 => 'index',
    1 => 'index',
    2 => NULL,
  ),
)
[ info ] [ HEADER ] array (
  'connection' => 'keep-alive',
  'accept' => '*/*',
  'accept-encoding' => 'gzip, deflate',
  'user-agent' => 'python-requests/2.27.1',
  'host' => '999.zhuanw.cn',
  'content-length' => '',
  'content-type' => '',
)
[ info ] [ PARAM ] array (
  'code' => '5NE1n1wIziO8ELYdy3FkUx6NZw8LpcZ5jKi4MYA3XOG1NLxUpNmNLWcmz12qHQoQlj2s4iXw/zjgvtmomDR0Vsh',
)
[ info ] [ BEHAVIOR ] Run Closure @action_begin [ RunTime:0.000280s ]
[ info ] [ RUN ] app\index\controller\Index->index[ /www/wwwroot/kkk.wmkf.xyz/application/index/controller/Index.php ]
[ info ] [ SESSION ] INIT array (
  'id' => '',
  'var_session_id' => '',
  'prefix' => '',
  'type' => '',
  'auto_start' => true,
)
[ info ] [ LOG ] INIT File
---------------------------------------------------------------
[ 2024-01-03T08:25:08+08:00 ] 198.235.24.195 GET 999.zhuanw.cn/
[运行时间：0.052892s] [吞吐率：18.91req/s] [内存消耗：2,882.10kb] [文件加载：63]
[ info ] [ CACHE ] INIT File
[ info ] [ BEHAVIOR ] Run Closure @app_init [ RunTime:0.003643s ]
[ info ] [ LANG ] /www/wwwroot/kkk.wmkf.xyz/thinkphp/lang/zh-cn.php
[ info ] [ ROUTE ] array (
  'type' => 'module',
  'module' => 
  array (
    0 => '',
    1 => NULL,
    2 => NULL,
  ),
)
[ info ] [ HEADER ] array (
  'user-agent' => 'Expanse, a Palo Alto Networks company, searches across the global IPv4 space multiple times per day to identify customers&#39; presences on the Internet. If you would like to be excluded from our scans, please send IP addresses/domains to: scaninfo@paloaltonetworks.com',
  'host' => '999.zhuanw.cn',
  'content-length' => '',
  'content-type' => '',
)
[ info ] [ PARAM ] array (
)
[ info ] [ BEHAVIOR ] Run Closure @action_begin [ RunTime:0.000612s ]
[ info ] [ RUN ] app\index\controller\Index->index[ /www/wwwroot/kkk.wmkf.xyz/application/index/controller/Index.php ]
[ info ] [ LOG ] INIT File
---------------------------------------------------------------
[ 2024-01-03T10:11:18+08:00 ] 129.211.167.166 GET 999.zhuanw.cn/
[运行时间：0.047874s] [吞吐率：20.89req/s] [内存消耗：2,881.39kb] [文件加载：63]
[ info ] [ CACHE ] INIT File
[ info ] [ BEHAVIOR ] Run Closure @app_init [ RunTime:0.002421s ]
[ info ] [ LANG ] /www/wwwroot/kkk.wmkf.xyz/thinkphp/lang/zh-cn.php
[ info ] [ ROUTE ] array (
  'type' => 'module',
  'module' => 
  array (
    0 => '',
    1 => NULL,
    2 => NULL,
  ),
)
[ info ] [ HEADER ] array (
  'connection' => 'keep-alive',
  'accept' => '*/*',
  'accept-encoding' => 'gzip, deflate',
  'user-agent' => 'python-requests/2.27.1',
  'host' => '999.zhuanw.cn',
  'content-length' => '',
  'content-type' => '',
)
[ info ] [ PARAM ] array (
)
[ info ] [ BEHAVIOR ] Run Closure @action_begin [ RunTime:0.000586s ]
[ info ] [ RUN ] app\index\controller\Index->index[ /www/wwwroot/kkk.wmkf.xyz/application/index/controller/Index.php ]
[ info ] [ LOG ] INIT File
---------------------------------------------------------------
[ 2024-01-03T10:11:18+08:00 ] 129.211.167.182 GET 999.zhuanw.cn/
[运行时间：0.033074s] [吞吐率：30.24req/s] [内存消耗：2,881.39kb] [文件加载：63]
[ info ] [ CACHE ] INIT File
[ info ] [ BEHAVIOR ] Run Closure @app_init [ RunTime:0.001779s ]
[ info ] [ LANG ] /www/wwwroot/kkk.wmkf.xyz/thinkphp/lang/zh-cn.php
[ info ] [ ROUTE ] array (
  'type' => 'module',
  'module' => 
  array (
    0 => '',
    1 => NULL,
    2 => NULL,
  ),
)
[ info ] [ HEADER ] array (
  'connection' => 'keep-alive',
  'accept' => '*/*',
  'accept-encoding' => 'gzip, deflate',
  'user-agent' => 'python-requests/2.27.1',
  'host' => '999.zhuanw.cn',
  'content-length' => '',
  'content-type' => '',
)
[ info ] [ PARAM ] array (
)
[ info ] [ BEHAVIOR ] Run Closure @action_begin [ RunTime:0.000263s ]
[ info ] [ RUN ] app\index\controller\Index->index[ /www/wwwroot/kkk.wmkf.xyz/application/index/controller/Index.php ]
[ info ] [ LOG ] INIT File
---------------------------------------------------------------
[ 2024-01-03T13:47:15+08:00 ] 175.24.213.48 GET 999.zhuanw.cn/mobile/index?code=5NE1n1wIziO8ELYdy3FkUx6NZw8LpcZ5jKi4MYA3XOG1NLxUpNmNLWcmz12qHQoQlj2s4iXw%2FzjgvtmomDR0Vs
[运行时间：0.044542s] [吞吐率：22.45req/s] [内存消耗：2,855.98kb] [文件加载：63]
[ info ] [ CACHE ] INIT File
[ info ] [ BEHAVIOR ] Run Closure @app_init [ RunTime:0.003001s ]
[ info ] [ LANG ] /www/wwwroot/kkk.wmkf.xyz/thinkphp/lang/zh-cn.php
[ info ] [ ROUTE ] array (
  'type' => 'module',
  'module' => 
  array (
    0 => 'mobile',
    1 => 'index',
    2 => NULL,
  ),
)
[ info ] [ HEADER ] array (
  'connection' => 'keep-alive',
  'accept' => '*/*',
  'accept-encoding' => 'gzip, deflate',
  'user-agent' => 'python-requests/2.27.1',
  'host' => '999.zhuanw.cn',
  'content-length' => '',
  'content-type' => '',
)
[ info ] [ PARAM ] array (
  'code' => '5NE1n1wIziO8ELYdy3FkUx6NZw8LpcZ5jKi4MYA3XOG1NLxUpNmNLWcmz12qHQoQlj2s4iXw/zjgvtmomDR0Vs',
)
[ info ] [ BEHAVIOR ] Run Closure @action_begin [ RunTime:0.000625s ]
[ info ] [ RUN ] app\mobile\controller\Index->index[ /www/wwwroot/kkk.wmkf.xyz/application/mobile/controller/Index.php ]
[ info ] [ LOG ] INIT File
---------------------------------------------------------------
[ 2024-01-03T13:47:15+08:00 ] 175.24.213.48 GET 999.zhuanw.cn/mobile/index?code=5NE1n1wIziO8ELYdy3FkUx6NZw8LpcZ5jKi4MYA3XOG1NLxUpNmNLWcmz12qHQoQlj2s4iXw%2FzjgvtmomDR0Vs
[运行时间：0.067003s] [吞吐率：14.92req/s] [内存消耗：2,855.98kb] [文件加载：63]
[ info ] [ CACHE ] INIT File
[ info ] [ BEHAVIOR ] Run Closure @app_init [ RunTime:0.001778s ]
[ info ] [ LANG ] /www/wwwroot/kkk.wmkf.xyz/thinkphp/lang/zh-cn.php
[ info ] [ ROUTE ] array (
  'type' => 'module',
  'module' => 
  array (
    0 => 'mobile',
    1 => 'index',
    2 => NULL,
  ),
)
[ info ] [ HEADER ] array (
  'connection' => 'keep-alive',
  'accept' => '*/*',
  'accept-encoding' => 'gzip, deflate',
  'user-agent' => 'python-requests/2.27.1',
  'host' => '999.zhuanw.cn',
  'content-length' => '',
  'content-type' => '',
)
[ info ] [ PARAM ] array (
  'code' => '5NE1n1wIziO8ELYdy3FkUx6NZw8LpcZ5jKi4MYA3XOG1NLxUpNmNLWcmz12qHQoQlj2s4iXw/zjgvtmomDR0Vs',
)
[ info ] [ BEHAVIOR ] Run Closure @action_begin [ RunTime:0.000737s ]
[ info ] [ RUN ] app\mobile\controller\Index->index[ /www/wwwroot/kkk.wmkf.xyz/application/mobile/controller/Index.php ]
[ info ] [ LOG ] INIT File
---------------------------------------------------------------
[ 2024-01-03T19:34:08+08:00 ] 198.44.185.96 POST kkk.wmkf.xyz/admin/event
[运行时间：0.154060s] [吞吐率：6.49req/s] [内存消耗：4,481.34kb] [文件加载：72]
[ info ] [ CACHE ] INIT File
[ info ] [ BEHAVIOR ] Run Closure @app_init [ RunTime:0.002392s ]
[ info ] [ LANG ] /www/wwwroot/kkk.wmkf.xyz/thinkphp/lang/zh-cn.php
[ info ] [ ROUTE ] array (
  'type' => 'module',
  'module' => 
  array (
    0 => 'admin',
    1 => 'event',
    2 => NULL,
  ),
)
[ info ] [ HEADER ] array (
  'content-length' => '166',
  'content-type' => 'application/json',
  'x-pusher-signature' => '6c46d492ae68c4e61b76d6ddbfa6271dbc46d2594b6d913d58d710e7c2ed9b03',
  'x-pusher-key' => 'xd5bgugi03uzg9wl',
  'connection' => 'close',
  'host' => 'kkk.wmkf.xyz',
)
[ info ] [ PARAM ] array (
  'time_ms' => '1704281648.1493',
  'events' => 
  array (
    0 => 
    array (
      'channel' => 'ud1',
      'name' => 'channel_added',
    ),
    1 => 
    array (
      'channel' => 'all1',
      'name' => 'channel_added',
    ),
    2 => 
    array (
      'channel' => 'kefu1',
      'name' => 'channel_added',
    ),
  ),
)
[ info ] [ SESSION ] INIT array (
  'id' => '',
  'var_session_id' => '',
  'prefix' => '',
  'type' => '',
  'auto_start' => true,
)
[ info ] [ LANG ] /www/wwwroot/kkk.wmkf.xyz/public/../application/lang/cn.php
[ info ] [ BEHAVIOR ] Run Closure @action_begin [ RunTime:0.000406s ]
[ info ] [ RUN ] app\admin\controller\Event->index[ /www/wwwroot/kkk.wmkf.xyz/application/admin/controller/Event.php ]
[ info ] [ DB ] INIT mysql
[ info ] [ LOG ] INIT File
[ sql ] [ DB ] CONNECT:[ UseTime:0.001928s ] mysql:host=127.0.0.1;dbname=kkk_wmkf_xyz;charset=utf8
[ sql ] [ SQL ] SHOW COLUMNS FROM `wolive_service` [ RunTime:0.004041s ]
[ sql ] [ SQL ] UPDATE `wolive_service`  SET `state`='online'  WHERE  `service_id` = 1 [ RunTime:0.002968s ]
---------------------------------------------------------------
[ 2024-01-03T21:35:29+08:00 ] 198.44.185.96 POST kkk.wmkf.xyz/admin/event
[运行时间：0.201939s] [吞吐率：4.95req/s] [内存消耗：4,481.44kb] [文件加载：72]
[ info ] [ CACHE ] INIT File
[ info ] [ BEHAVIOR ] Run Closure @app_init [ RunTime:0.002622s ]
[ info ] [ LANG ] /www/wwwroot/kkk.wmkf.xyz/thinkphp/lang/zh-cn.php
[ info ] [ ROUTE ] array (
  'type' => 'module',
  'module' => 
  array (
    0 => 'admin',
    1 => 'event',
    2 => NULL,
  ),
)
[ info ] [ HEADER ] array (
  'content-length' => '172',
  'content-type' => 'application/json',
  'x-pusher-signature' => 'a5b1c063866ee31b5291243e7002838676f67becfbe2b575d8825d6e8cb70b16',
  'x-pusher-key' => 'xd5bgugi03uzg9wl',
  'connection' => 'close',
  'host' => 'kkk.wmkf.xyz',
)
[ info ] [ PARAM ] array (
  'time_ms' => '1704288929.5576',
  'events' => 
  array (
    0 => 
    array (
      'channel' => 'ud1',
      'name' => 'channel_removed',
    ),
    1 => 
    array (
      'channel' => 'all1',
      'name' => 'channel_removed',
    ),
    2 => 
    array (
      'channel' => 'kefu1',
      'name' => 'channel_removed',
    ),
  ),
)
[ info ] [ SESSION ] INIT array (
  'id' => '',
  'var_session_id' => '',
  'prefix' => '',
  'type' => '',
  'auto_start' => true,
)
[ info ] [ LANG ] /www/wwwroot/kkk.wmkf.xyz/public/../application/lang/cn.php
[ info ] [ BEHAVIOR ] Run Closure @action_begin [ RunTime:0.000897s ]
[ info ] [ RUN ] app\admin\controller\Event->index[ /www/wwwroot/kkk.wmkf.xyz/application/admin/controller/Event.php ]
[ info ] [ DB ] INIT mysql
[ info ] [ LOG ] INIT File
[ sql ] [ DB ] CONNECT:[ UseTime:0.003141s ] mysql:host=127.0.0.1;dbname=kkk_wmkf_xyz;charset=utf8
[ sql ] [ SQL ] SHOW COLUMNS FROM `wolive_service` [ RunTime:0.004763s ]
[ sql ] [ SQL ] UPDATE `wolive_service`  SET `state`='offline'  WHERE  `service_id` = 1 [ RunTime:0.003671s ]
---------------------------------------------------------------
[ 2024-01-03T21:43:11+08:00 ] 198.235.24.141 GET kkk.wmkf.xyz/
[运行时间：0.047610s] [吞吐率：21.00req/s] [内存消耗：2,882.10kb] [文件加载：63]
[ info ] [ CACHE ] INIT File
[ info ] [ BEHAVIOR ] Run Closure @app_init [ RunTime:0.003143s ]
[ info ] [ LANG ] /www/wwwroot/kkk.wmkf.xyz/thinkphp/lang/zh-cn.php
[ info ] [ ROUTE ] array (
  'type' => 'module',
  'module' => 
  array (
    0 => '',
    1 => NULL,
    2 => NULL,
  ),
)
[ info ] [ HEADER ] array (
  'user-agent' => 'Expanse, a Palo Alto Networks company, searches across the global IPv4 space multiple times per day to identify customers&#39; presences on the Internet. If you would like to be excluded from our scans, please send IP addresses/domains to: scaninfo@paloaltonetworks.com',
  'host' => 'kkk.wmkf.xyz',
  'content-length' => '',
  'content-type' => '',
)
[ info ] [ PARAM ] array (
)
[ info ] [ BEHAVIOR ] Run Closure @action_begin [ RunTime:0.000575s ]
[ info ] [ RUN ] app\index\controller\Index->index[ /www/wwwroot/kkk.wmkf.xyz/application/index/controller/Index.php ]
[ info ] [ LOG ] INIT File
