---------------------------------------------------------------
[ 2024-01-12T21:00:39+08:00 ] 198.235.24.117 GET 999.zhuanw.cn/
[运行时间：0.080278s] [吞吐率：12.46req/s] [内存消耗：2,882.09kb] [文件加载：63]
[ info ] [ CACHE ] INIT File
[ info ] [ BEHAVIOR ] Run Closure @app_init [ RunTime:0.004246s ]
[ info ] [ LANG ] /www/wwwroot/kkk.wmkf.xyz/thinkphp/lang/zh-cn.php
[ info ] [ ROUTE ] array (
  'type' => 'module',
  'module' => 
  array (
    0 => '',
    1 => NULL,
    2 => NULL,
  ),
)
[ info ] [ HEADER ] array (
  'user-agent' => 'Expanse, a Palo Alto Networks company, searches across the global IPv4 space multiple times per day to identify customers&#39; presences on the Internet. If you would like to be excluded from our scans, please send IP addresses/domains to: scaninfo@paloaltonetworks.com',
  'host' => '999.zhuanw.cn',
  'content-length' => '',
  'content-type' => '',
)
[ info ] [ PARAM ] array (
)
[ info ] [ BEHAVIOR ] Run Closure @action_begin [ RunTime:0.000446s ]
[ info ] [ RUN ] app\index\controller\Index->index[ /www/wwwroot/kkk.wmkf.xyz/application/index/controller/Index.php ]
[ info ] [ LOG ] INIT File
