---------------------------------------------------------------
[ 2024-04-18T23:48:54+08:00 ] 47.76.49.195 GET kefu.wmtao.xyz/
[运行时间：0.037599s] [吞吐率：26.60req/s] [内存消耗：2,884.41kb] [文件加载：63]
[ info ] [ CACHE ] INIT File
[ info ] [ BEHAVIOR ] Run Closure @app_init [ RunTime:0.002052s ]
[ info ] [ LANG ] /www/wwwroot/cs.wmtao.xyz/thinkphp/lang/zh-cn.php
[ info ] [ ROUTE ] array (
  'type' => 'module',
  'module' => 
  array (
    0 => '',
    1 => NULL,
    2 => NULL,
  ),
)
[ info ] [ HEADER ] array (
  'connection' => 'close',
  'accept-language' => 'zh-CN,zh;q=0.9',
  'accept-encoding' => 'gzip, deflate',
  'accept' => 'text/html,application/xhtml+xml,application/xml;q=0.9,image/webp,image/apng,*/*;q=0.8,application/signed-exchange;v=b3',
  'host' => 'kefu.wmtao.xyz',
  'user-agent' => 'Mozilla/5.0 (Macintosh; Intel Mac OS X 10_14_6) AppleWebKit/537.36 (KHTML, like Gecko) Chrome/76.0.3809.132 Safari/537.36',
  'content-length' => '',
  'content-type' => '',
)
[ info ] [ PARAM ] array (
)
[ info ] [ BEHAVIOR ] Run Closure @action_begin [ RunTime:0.000196s ]
[ info ] [ RUN ] app\index\controller\Index->index[ /www/wwwroot/cs.wmtao.xyz/application/index/controller/Index.php ]
[ info ] [ LOG ] INIT File
---------------------------------------------------------------
[ 2024-04-18T23:49:00+08:00 ] 47.76.49.195 GET kefu.wmtao.xyz/sitemap.xml
[运行时间：0.028807s] [吞吐率：34.71req/s] [内存消耗：2,566.02kb] [文件加载：58]
[ info ] [ CACHE ] INIT File
[ info ] [ BEHAVIOR ] Run Closure @app_init [ RunTime:0.001513s ]
[ info ] [ LANG ] /www/wwwroot/cs.wmtao.xyz/thinkphp/lang/zh-cn.php
[ info ] [ ROUTE ] array (
  'type' => 'module',
  'module' => 
  array (
    0 => 'sitemap.xml',
    1 => NULL,
    2 => NULL,
  ),
)
[ info ] [ HEADER ] array (
  'host' => 'kefu.wmtao.xyz',
  'user-agent' => 'fasthttp',
  'content-length' => '',
  'content-type' => '',
)
[ info ] [ PARAM ] array (
)
[ info ] [ LOG ] INIT File
---------------------------------------------------------------
[ 2024-04-18T23:49:03+08:00 ] 47.76.49.195 GET kefu.wmtao.xyz/robots.txt
[运行时间：0.026905s] [吞吐率：37.17req/s] [内存消耗：2,566.02kb] [文件加载：58]
[ info ] [ CACHE ] INIT File
[ info ] [ BEHAVIOR ] Run Closure @app_init [ RunTime:0.001325s ]
[ info ] [ LANG ] /www/wwwroot/cs.wmtao.xyz/thinkphp/lang/zh-cn.php
[ info ] [ ROUTE ] array (
  'type' => 'module',
  'module' => 
  array (
    0 => 'robots.txt',
    1 => NULL,
    2 => NULL,
  ),
)
[ info ] [ HEADER ] array (
  'host' => 'kefu.wmtao.xyz',
  'user-agent' => 'fasthttp',
  'content-length' => '',
  'content-type' => '',
)
[ info ] [ PARAM ] array (
)
[ info ] [ LOG ] INIT File
---------------------------------------------------------------
[ 2024-04-18T23:49:06+08:00 ] 47.76.49.195 GET kefu.wmtao.xyz/index/index/welcome
[运行时间：0.047495s] [吞吐率：21.05req/s] [内存消耗：3,901.25kb] [文件加载：69]
[ info ] [ CACHE ] INIT File
[ info ] [ BEHAVIOR ] Run Closure @app_init [ RunTime:0.001417s ]
[ info ] [ LANG ] /www/wwwroot/cs.wmtao.xyz/thinkphp/lang/zh-cn.php
[ info ] [ ROUTE ] array (
  'type' => 'module',
  'module' => 
  array (
    0 => 'index',
    1 => 'index',
    2 => 'welcome',
  ),
)
[ info ] [ HEADER ] array (
  'connection' => 'close',
  'cookie' => 'PHPSESSID=u55ut17rqjug59gg2quhsgv313',
  'accept-language' => 'zh-CN,zh;q=0.9',
  'accept-encoding' => 'gzip, deflate',
  'accept' => 'text/html,application/xhtml+xml,application/xml;q=0.9,image/webp,image/apng,*/*;q=0.8,application/signed-exchange;v=b3',
  'host' => 'kefu.wmtao.xyz',
  'user-agent' => 'Mozilla/5.0 (Macintosh; Intel Mac OS X 10_14_6) AppleWebKit/537.36 (KHTML, like Gecko) Chrome/76.0.3809.132 Safari/537.36',
  'content-length' => '',
  'content-type' => '',
)
[ info ] [ PARAM ] array (
)
[ info ] [ BEHAVIOR ] Run Closure @action_begin [ RunTime:0.000198s ]
[ info ] [ RUN ] app\index\controller\Index->welcome[ /www/wwwroot/cs.wmtao.xyz/application/index/controller/Index.php ]
[ info ] [ DB ] INIT mysql
[ info ] [ VIEW ] /www/wwwroot/cs.wmtao.xyz/public/../application/index/view/index/pc.html [ array (
  0 => 'basename',
  1 => 'theme',
) ]
[ info ] [ LOG ] INIT File
[ sql ] [ DB ] CONNECT:[ UseTime:0.002295s ] mysql:host=127.0.0.1;dbname=cs_wmtao_xyz;charset=utf8
[ sql ] [ SQL ] SHOW COLUMNS FROM `wolive_business` [ RunTime:0.003301s ]
[ sql ] [ SQL ] SELECT * FROM `wolive_business` WHERE  `id` = 1 LIMIT 1 [ RunTime:0.001043s ]
[ sql ] [ SQL ] SELECT * FROM `wolive_business` WHERE  `id` = 1 LIMIT 1 [ RunTime:0.000602s ]
---------------------------------------------------------------
[ 2024-04-18T23:49:09+08:00 ] 47.76.49.195 GET kefu.wmtao.xyz/robots.txt
[运行时间：0.027159s] [吞吐率：36.82req/s] [内存消耗：2,566.02kb] [文件加载：58]
[ info ] [ CACHE ] INIT File
[ info ] [ BEHAVIOR ] Run Closure @app_init [ RunTime:0.001317s ]
[ info ] [ LANG ] /www/wwwroot/cs.wmtao.xyz/thinkphp/lang/zh-cn.php
[ info ] [ ROUTE ] array (
  'type' => 'module',
  'module' => 
  array (
    0 => 'robots.txt',
    1 => NULL,
    2 => NULL,
  ),
)
[ info ] [ HEADER ] array (
  'host' => 'kefu.wmtao.xyz',
  'user-agent' => 'fasthttp',
  'content-length' => '',
  'content-type' => '',
)
[ info ] [ PARAM ] array (
)
[ info ] [ LOG ] INIT File
---------------------------------------------------------------
[ 2024-04-18T23:49:10+08:00 ] 47.76.49.195 GET kefu.wmtao.xyz/sitemap.xml
[运行时间：0.028776s] [吞吐率：34.75req/s] [内存消耗：2,566.02kb] [文件加载：58]
[ info ] [ CACHE ] INIT File
[ info ] [ BEHAVIOR ] Run Closure @app_init [ RunTime:0.001734s ]
[ info ] [ LANG ] /www/wwwroot/cs.wmtao.xyz/thinkphp/lang/zh-cn.php
[ info ] [ ROUTE ] array (
  'type' => 'module',
  'module' => 
  array (
    0 => 'sitemap.xml',
    1 => NULL,
    2 => NULL,
  ),
)
[ info ] [ HEADER ] array (
  'host' => 'kefu.wmtao.xyz',
  'user-agent' => 'fasthttp',
  'content-length' => '',
  'content-type' => '',
)
[ info ] [ PARAM ] array (
)
[ info ] [ LOG ] INIT File
