---------------------------------------------------------------
[ 2024-04-20T23:33:57+08:00 ] 34.76.158.233 GET 156.224.27.71/
[运行时间：0.034483s] [吞吐率：29.00req/s] [内存消耗：2,884.07kb] [文件加载：63]
[ info ] [ CACHE ] INIT File
[ info ] [ BEHAVIOR ] Run Closure @app_init [ RunTime:0.001645s ]
[ info ] [ LANG ] /www/wwwroot/cs.wmtao.xyz/thinkphp/lang/zh-cn.php
[ info ] [ ROUTE ] array (
  'type' => 'module',
  'module' => 
  array (
    0 => '',
    1 => NULL,
    2 => NULL,
  ),
)
[ info ] [ HEADER ] array (
  'x-datadog-sampling-priority' => '1',
  'x-datadog-parent-id' => '9864950565798196529',
  'x-datadog-trace-id' => '2447046831807930134',
  'connection' => 'keep-alive',
  'accept' => '*/*',
  'accept-encoding' => 'gzip, deflate',
  'user-agent' => 'python-requests/2.31.0',
  'host' => '156.224.27.71',
  'content-length' => '',
  'content-type' => '',
)
[ info ] [ PARAM ] array (
)
[ info ] [ BEHAVIOR ] Run Closure @action_begin [ RunTime:0.000188s ]
[ info ] [ RUN ] app\index\controller\Index->index[ /www/wwwroot/cs.wmtao.xyz/application/index/controller/Index.php ]
[ info ] [ LOG ] INIT File
---------------------------------------------------------------
[ 2024-04-20T23:40:59+08:00 ] 39.105.137.202 POST cs.wmtao.xyz/admin/event
[运行时间：0.331478s] [吞吐率：3.02req/s] [内存消耗：4,500.89kb] [文件加载：72]
[ info ] [ CACHE ] INIT File
[ info ] [ BEHAVIOR ] Run Closure @app_init [ RunTime:0.002235s ]
[ info ] [ LANG ] /www/wwwroot/cs.wmtao.xyz/thinkphp/lang/zh-cn.php
[ info ] [ ROUTE ] array (
  'type' => 'module',
  'module' => 
  array (
    0 => 'admin',
    1 => 'event',
    2 => NULL,
  ),
)
[ info ] [ HEADER ] array (
  'content-length' => '144',
  'content-type' => 'application/json',
  'x-pusher-signature' => '128dac07942e329b72c2f1c4e8cf467187e40c2a1720c1593a208194c872da83',
  'x-pusher-key' => 'xd5bgugi03uzg9wl',
  'connection' => 'close',
  'host' => 'cs.wmtao.xyz',
)
[ info ] [ PARAM ] array (
  'time_ms' => '1713627659.053',
  'events' => 
  array (
    0 => 
    array (
      'channel' => 'cu3131313031373835312f31',
      'name' => 'channel_added',
    ),
    1 => 
    array (
      'channel' => 'se24',
      'name' => 'channel_added',
    ),
  ),
)
[ info ] [ SESSION ] INIT array (
  'id' => '',
  'var_session_id' => '',
  'prefix' => '',
  'type' => '',
  'auto_start' => true,
)
[ info ] [ LANG ] /www/wwwroot/cs.wmtao.xyz/public/../application/lang/cn.php
[ info ] [ BEHAVIOR ] Run Closure @action_begin [ RunTime:0.000270s ]
[ info ] [ RUN ] app\admin\controller\Event->index[ /www/wwwroot/cs.wmtao.xyz/application/admin/controller/Event.php ]
[ info ] [ DB ] INIT mysql
[ info ] [ LOG ] INIT File
[ sql ] [ DB ] CONNECT:[ UseTime:0.002812s ] mysql:host=127.0.0.1;dbname=cs_wmtao_xyz;charset=utf8
[ sql ] [ SQL ] SHOW COLUMNS FROM `wolive_queue` [ RunTime:0.002833s ]
[ sql ] [ SQL ] SELECT * FROM `wolive_queue` WHERE  `visiter_id` = '111017851'  AND `business_id` = 1 LIMIT 1 [ RunTime:0.000957s ]
[ sql ] [ SQL ] SHOW COLUMNS FROM `wolive_visiter` [ RunTime:0.002273s ]
[ sql ] [ SQL ] UPDATE `wolive_visiter`  SET `state`='online'  WHERE  `channel` = '3131313031373835312f31' [ RunTime:0.001296s ]
---------------------------------------------------------------
[ 2024-04-20T23:46:45+08:00 ] 223.113.128.184 GET www.wmtao.xyz/
[运行时间：0.031330s] [吞吐率：31.92req/s] [内存消耗：2,880.66kb] [文件加载：63]
[ info ] [ CACHE ] INIT File
[ info ] [ BEHAVIOR ] Run Closure @app_init [ RunTime:0.002025s ]
[ info ] [ LANG ] /www/wwwroot/cs.wmtao.xyz/thinkphp/lang/zh-cn.php
[ info ] [ ROUTE ] array (
  'type' => 'module',
  'module' => 
  array (
    0 => '',
    1 => NULL,
    2 => NULL,
  ),
)
[ info ] [ HEADER ] array (
  'accept' => '*/*',
  'host' => 'www.wmtao.xyz',
  'user-agent' => 'curl/7.29.0',
  'content-length' => '',
  'content-type' => '',
)
[ info ] [ PARAM ] array (
)
[ info ] [ BEHAVIOR ] Run Closure @action_begin [ RunTime:0.000200s ]
[ info ] [ RUN ] app\index\controller\Index->index[ /www/wwwroot/cs.wmtao.xyz/application/index/controller/Index.php ]
[ info ] [ LOG ] INIT File
---------------------------------------------------------------
[ 2024-04-20T23:47:47+08:00 ] 39.105.137.202 POST cs.wmtao.xyz/admin/event
[运行时间：0.308455s] [吞吐率：3.24req/s] [内存消耗：4,502.45kb] [文件加载：72]
[ info ] [ CACHE ] INIT File
[ info ] [ BEHAVIOR ] Run Closure @app_init [ RunTime:0.002156s ]
[ info ] [ LANG ] /www/wwwroot/cs.wmtao.xyz/thinkphp/lang/zh-cn.php
[ info ] [ ROUTE ] array (
  'type' => 'module',
  'module' => 
  array (
    0 => 'admin',
    1 => 'event',
    2 => NULL,
  ),
)
[ info ] [ HEADER ] array (
  'content-length' => '148',
  'content-type' => 'application/json',
  'x-pusher-signature' => 'fce56953188628043526c7790e9ff36a794955bae119d9e1fe33f44a59805ee8',
  'x-pusher-key' => 'xd5bgugi03uzg9wl',
  'connection' => 'close',
  'host' => 'cs.wmtao.xyz',
)
[ info ] [ PARAM ] array (
  'time_ms' => '1713628067.3042',
  'events' => 
  array (
    0 => 
    array (
      'channel' => 'cu3131313031373835312f31',
      'name' => 'channel_removed',
    ),
    1 => 
    array (
      'channel' => 'se24',
      'name' => 'channel_removed',
    ),
  ),
)
[ info ] [ SESSION ] INIT array (
  'id' => '',
  'var_session_id' => '',
  'prefix' => '',
  'type' => '',
  'auto_start' => true,
)
[ info ] [ LANG ] /www/wwwroot/cs.wmtao.xyz/public/../application/lang/cn.php
[ info ] [ BEHAVIOR ] Run Closure @action_begin [ RunTime:0.000206s ]
[ info ] [ RUN ] app\admin\controller\Event->index[ /www/wwwroot/cs.wmtao.xyz/application/admin/controller/Event.php ]
[ info ] [ DB ] INIT mysql
[ info ] [ LOG ] INIT File
[ sql ] [ DB ] CONNECT:[ UseTime:0.001164s ] mysql:host=127.0.0.1;dbname=cs_wmtao_xyz;charset=utf8
[ sql ] [ SQL ] SHOW COLUMNS FROM `wolive_queue` [ RunTime:0.001370s ]
[ sql ] [ SQL ] SELECT * FROM `wolive_queue` WHERE  `visiter_id` = '111017851'  AND `business_id` = 1 LIMIT 1 [ RunTime:0.000699s ]
[ sql ] [ SQL ] UPDATE `wolive_queue`  SET `remind_tpl`=0,`remind_comment`=0  WHERE  `visiter_id` = '111017851'  AND `business_id` = 1 [ RunTime:0.000523s ]
[ sql ] [ SQL ] SHOW COLUMNS FROM `wolive_visiter` [ RunTime:0.001330s ]
[ sql ] [ SQL ] UPDATE `wolive_visiter`  SET `state`='offline'  WHERE  `channel` = '3131313031373835312f31' [ RunTime:0.000643s ]
