---------------------------------------------------------------
[ 2024-09-10T23:51:08+08:00 ] 39.105.137.202 POST cs.wmtao.xyz/admin/event
[运行时间：0.042311s] [吞吐率：23.63req/s] [内存消耗：4,505.89kb] [文件加载：72]
[ info ] [ CACHE ] INIT File
[ info ] [ BEHAVIOR ] Run Closure @app_init [ RunTime:0.001332s ]
[ info ] [ LANG ] /www/wwwroot/cs.wmtao.xyz/thinkphp/lang/zh-cn.php
[ info ] [ ROUTE ] array (
  'type' => 'module',
  'module' => 
  array (
    0 => 'admin',
    1 => 'event',
    2 => NULL,
  ),
)
[ info ] [ HEADER ] array (
  'content-length' => '97',
  'content-type' => 'application/json',
  'x-pusher-signature' => '55d3064b57f0c52ff430ab71800ce1ea25872a8fe98be2231e0143d91d45cdf6',
  'x-pusher-key' => 'xd5bgugi03uzg9wl',
  'connection' => 'close',
  'host' => 'cs.wmtao.xyz',
)
[ info ] [ PARAM ] array (
  'time_ms' => '1725983468.1233',
  'events' => 
  array (
    0 => 
    array (
      'channel' => 'cu3131383632342f31',
      'name' => 'channel_removed',
    ),
  ),
)
[ info ] [ SESSION ] INIT array (
  'id' => '',
  'var_session_id' => '',
  'prefix' => '',
  'type' => '',
  'auto_start' => true,
)
[ info ] [ LANG ] /www/wwwroot/cs.wmtao.xyz/public/../application/lang/cn.php
[ info ] [ BEHAVIOR ] Run Closure @action_begin [ RunTime:0.000158s ]
[ info ] [ RUN ] app\admin\controller\Event->index[ /www/wwwroot/cs.wmtao.xyz/application/admin/controller/Event.php ]
[ info ] [ DB ] INIT mysql
[ info ] [ LOG ] INIT File
[ sql ] [ DB ] CONNECT:[ UseTime:0.000717s ] mysql:host=127.0.0.1;dbname=cs_wmtao_xyz;charset=utf8
[ sql ] [ SQL ] SHOW COLUMNS FROM `wolive_queue` [ RunTime:0.001240s ]
[ sql ] [ SQL ] SELECT * FROM `wolive_queue` WHERE  `visiter_id` = '118624'  AND `business_id` = 1 LIMIT 1 [ RunTime:0.000463s ]
[ sql ] [ SQL ] UPDATE `wolive_queue`  SET `remind_tpl`=0,`remind_comment`=0  WHERE  `visiter_id` = '118624'  AND `business_id` = 1 [ RunTime:0.000315s ]
[ sql ] [ SQL ] SHOW COLUMNS FROM `wolive_visiter` [ RunTime:0.001490s ]
[ sql ] [ SQL ] UPDATE `wolive_visiter`  SET `state`='offline'  WHERE  `channel` = '3131383632342f31' [ RunTime:0.000584s ]
---------------------------------------------------------------
[ 2024-09-10T23:51:14+08:00 ] 39.105.137.202 POST cs.wmtao.xyz/admin/event
[运行时间：0.082346s] [吞吐率：12.14req/s] [内存消耗：4,504.34kb] [文件加载：72]
[ info ] [ CACHE ] INIT File
[ info ] [ BEHAVIOR ] Run Closure @app_init [ RunTime:0.001258s ]
[ info ] [ LANG ] /www/wwwroot/cs.wmtao.xyz/thinkphp/lang/zh-cn.php
[ info ] [ ROUTE ] array (
  'type' => 'module',
  'module' => 
  array (
    0 => 'admin',
    1 => 'event',
    2 => NULL,
  ),
)
[ info ] [ HEADER ] array (
  'content-length' => '96',
  'content-type' => 'application/json',
  'x-pusher-signature' => '33b72257380871fbf4e3ac3da36b5a2d6c41b0de9e05c70753bdbb9b30645fd6',
  'x-pusher-key' => 'xd5bgugi03uzg9wl',
  'connection' => 'close',
  'host' => 'cs.wmtao.xyz',
)
[ info ] [ PARAM ] array (
  'time_ms' => '1725983474.126',
  'events' => 
  array (
    0 => 
    array (
      'channel' => 'cu3131383632342f31',
      'name' => 'channel_added',
    ),
  ),
)
[ info ] [ SESSION ] INIT array (
  'id' => '',
  'var_session_id' => '',
  'prefix' => '',
  'type' => '',
  'auto_start' => true,
)
[ info ] [ LANG ] /www/wwwroot/cs.wmtao.xyz/public/../application/lang/cn.php
[ info ] [ BEHAVIOR ] Run Closure @action_begin [ RunTime:0.000134s ]
[ info ] [ RUN ] app\admin\controller\Event->index[ /www/wwwroot/cs.wmtao.xyz/application/admin/controller/Event.php ]
[ info ] [ DB ] INIT mysql
[ info ] [ LOG ] INIT File
[ sql ] [ DB ] CONNECT:[ UseTime:0.000581s ] mysql:host=127.0.0.1;dbname=cs_wmtao_xyz;charset=utf8
[ sql ] [ SQL ] SHOW COLUMNS FROM `wolive_queue` [ RunTime:0.001665s ]
[ sql ] [ SQL ] SELECT * FROM `wolive_queue` WHERE  `visiter_id` = '118624'  AND `business_id` = 1 LIMIT 1 [ RunTime:0.000430s ]
[ sql ] [ SQL ] SHOW COLUMNS FROM `wolive_visiter` [ RunTime:0.006510s ]
[ sql ] [ SQL ] UPDATE `wolive_visiter`  SET `state`='online'  WHERE  `channel` = '3131383632342f31' [ RunTime:0.000545s ]
---------------------------------------------------------------
[ 2024-09-10T23:51:23+08:00 ] 39.105.137.202 POST cs.wmtao.xyz/admin/event
[运行时间：0.044913s] [吞吐率：22.27req/s] [内存消耗：4,506.90kb] [文件加载：72]
[ info ] [ CACHE ] INIT File
[ info ] [ BEHAVIOR ] Run Closure @app_init [ RunTime:0.001327s ]
[ info ] [ LANG ] /www/wwwroot/cs.wmtao.xyz/thinkphp/lang/zh-cn.php
[ info ] [ ROUTE ] array (
  'type' => 'module',
  'module' => 
  array (
    0 => 'admin',
    1 => 'event',
    2 => NULL,
  ),
)
[ info ] [ HEADER ] array (
  'content-length' => '142',
  'content-type' => 'application/json',
  'x-pusher-signature' => '09b533fe8560abe1d443301dfe8aa9b0cbb2a1b7df7bb12efe5adf61539b0d1f',
  'x-pusher-key' => 'xd5bgugi03uzg9wl',
  'connection' => 'close',
  'host' => 'cs.wmtao.xyz',
)
[ info ] [ PARAM ] array (
  'time_ms' => '1725983483.1305',
  'events' => 
  array (
    0 => 
    array (
      'channel' => 'cu3131363835302f31',
      'name' => 'channel_removed',
    ),
    1 => 
    array (
      'channel' => 'se24',
      'name' => 'channel_removed',
    ),
  ),
)
[ info ] [ SESSION ] INIT array (
  'id' => '',
  'var_session_id' => '',
  'prefix' => '',
  'type' => '',
  'auto_start' => true,
)
[ info ] [ LANG ] /www/wwwroot/cs.wmtao.xyz/public/../application/lang/cn.php
[ info ] [ BEHAVIOR ] Run Closure @action_begin [ RunTime:0.000147s ]
[ info ] [ RUN ] app\admin\controller\Event->index[ /www/wwwroot/cs.wmtao.xyz/application/admin/controller/Event.php ]
[ info ] [ DB ] INIT mysql
[ info ] [ LOG ] INIT File
[ sql ] [ DB ] CONNECT:[ UseTime:0.000940s ] mysql:host=127.0.0.1;dbname=cs_wmtao_xyz;charset=utf8
[ sql ] [ SQL ] SHOW COLUMNS FROM `wolive_queue` [ RunTime:0.002760s ]
[ sql ] [ SQL ] SELECT * FROM `wolive_queue` WHERE  `visiter_id` = '116850'  AND `business_id` = 1 LIMIT 1 [ RunTime:0.000517s ]
[ sql ] [ SQL ] UPDATE `wolive_queue`  SET `remind_tpl`=0,`remind_comment`=0  WHERE  `visiter_id` = '116850'  AND `business_id` = 1 [ RunTime:0.000346s ]
[ sql ] [ SQL ] SHOW COLUMNS FROM `wolive_visiter` [ RunTime:0.001932s ]
[ sql ] [ SQL ] UPDATE `wolive_visiter`  SET `state`='offline'  WHERE  `channel` = '3131363835302f31' [ RunTime:0.000473s ]
---------------------------------------------------------------
[ 2024-09-10T23:51:50+08:00 ] 39.105.137.202 POST cs.wmtao.xyz/admin/event
[运行时间：0.109036s] [吞吐率：9.17req/s] [内存消耗：4,505.34kb] [文件加载：72]
[ info ] [ CACHE ] INIT File
[ info ] [ BEHAVIOR ] Run Closure @app_init [ RunTime:0.001212s ]
[ info ] [ LANG ] /www/wwwroot/cs.wmtao.xyz/thinkphp/lang/zh-cn.php
[ info ] [ ROUTE ] array (
  'type' => 'module',
  'module' => 
  array (
    0 => 'admin',
    1 => 'event',
    2 => NULL,
  ),
)
[ info ] [ HEADER ] array (
  'content-length' => '138',
  'content-type' => 'application/json',
  'x-pusher-signature' => '6bbfbc11621bb90891535f576e1f9c9208c616d1a30fe85617fe669b673e8c8e',
  'x-pusher-key' => 'xd5bgugi03uzg9wl',
  'connection' => 'close',
  'host' => 'cs.wmtao.xyz',
)
[ info ] [ PARAM ] array (
  'time_ms' => '1725983510.1436',
  'events' => 
  array (
    0 => 
    array (
      'channel' => 'cu3131363835302f31',
      'name' => 'channel_added',
    ),
    1 => 
    array (
      'channel' => 'se24',
      'name' => 'channel_added',
    ),
  ),
)
[ info ] [ SESSION ] INIT array (
  'id' => '',
  'var_session_id' => '',
  'prefix' => '',
  'type' => '',
  'auto_start' => true,
)
[ info ] [ LANG ] /www/wwwroot/cs.wmtao.xyz/public/../application/lang/cn.php
[ info ] [ BEHAVIOR ] Run Closure @action_begin [ RunTime:0.000132s ]
[ info ] [ RUN ] app\admin\controller\Event->index[ /www/wwwroot/cs.wmtao.xyz/application/admin/controller/Event.php ]
[ info ] [ DB ] INIT mysql
[ info ] [ LOG ] INIT File
[ sql ] [ DB ] CONNECT:[ UseTime:0.000908s ] mysql:host=127.0.0.1;dbname=cs_wmtao_xyz;charset=utf8
[ sql ] [ SQL ] SHOW COLUMNS FROM `wolive_queue` [ RunTime:0.001027s ]
[ sql ] [ SQL ] SELECT * FROM `wolive_queue` WHERE  `visiter_id` = '116850'  AND `business_id` = 1 LIMIT 1 [ RunTime:0.000385s ]
[ sql ] [ SQL ] SHOW COLUMNS FROM `wolive_visiter` [ RunTime:0.001178s ]
[ sql ] [ SQL ] UPDATE `wolive_visiter`  SET `state`='online'  WHERE  `channel` = '3131363835302f31' [ RunTime:0.000613s ]
---------------------------------------------------------------
[ 2024-09-10T23:52:14+08:00 ] 39.105.137.202 POST cs.wmtao.xyz/admin/event
[运行时间：0.074279s] [吞吐率：13.46req/s] [内存消耗：4,505.90kb] [文件加载：72]
[ info ] [ CACHE ] INIT File
[ info ] [ BEHAVIOR ] Run Closure @app_init [ RunTime:0.001166s ]
[ info ] [ LANG ] /www/wwwroot/cs.wmtao.xyz/thinkphp/lang/zh-cn.php
[ info ] [ ROUTE ] array (
  'type' => 'module',
  'module' => 
  array (
    0 => 'admin',
    1 => 'event',
    2 => NULL,
  ),
)
[ info ] [ HEADER ] array (
  'content-length' => '97',
  'content-type' => 'application/json',
  'x-pusher-signature' => '44060276dbc01472e8fa1d765b777bea8bda0487c5ac0397fd4f24c593334594',
  'x-pusher-key' => 'xd5bgugi03uzg9wl',
  'connection' => 'close',
  'host' => 'cs.wmtao.xyz',
)
[ info ] [ PARAM ] array (
  'time_ms' => '1725983534.156',
  'events' => 
  array (
    0 => 
    array (
      'channel' => 'cu3131383632342f31',
      'name' => 'channel_removed',
    ),
  ),
)
[ info ] [ SESSION ] INIT array (
  'id' => '',
  'var_session_id' => '',
  'prefix' => '',
  'type' => '',
  'auto_start' => true,
)
[ info ] [ LANG ] /www/wwwroot/cs.wmtao.xyz/public/../application/lang/cn.php
[ info ] [ BEHAVIOR ] Run Closure @action_begin [ RunTime:0.000139s ]
[ info ] [ RUN ] app\admin\controller\Event->index[ /www/wwwroot/cs.wmtao.xyz/application/admin/controller/Event.php ]
[ info ] [ DB ] INIT mysql
[ info ] [ LOG ] INIT File
[ sql ] [ DB ] CONNECT:[ UseTime:0.000673s ] mysql:host=127.0.0.1;dbname=cs_wmtao_xyz;charset=utf8
[ sql ] [ SQL ] SHOW COLUMNS FROM `wolive_queue` [ RunTime:0.000887s ]
[ sql ] [ SQL ] SELECT * FROM `wolive_queue` WHERE  `visiter_id` = '118624'  AND `business_id` = 1 LIMIT 1 [ RunTime:0.000320s ]
[ sql ] [ SQL ] UPDATE `wolive_queue`  SET `remind_tpl`=0,`remind_comment`=0  WHERE  `visiter_id` = '118624'  AND `business_id` = 1 [ RunTime:0.000275s ]
[ sql ] [ SQL ] SHOW COLUMNS FROM `wolive_visiter` [ RunTime:0.001119s ]
[ sql ] [ SQL ] UPDATE `wolive_visiter`  SET `state`='offline'  WHERE  `channel` = '3131383632342f31' [ RunTime:0.000605s ]
---------------------------------------------------------------
[ 2024-09-10T23:52:50+08:00 ] 39.105.137.202 POST cs.wmtao.xyz/admin/event
[运行时间：0.078636s] [吞吐率：12.72req/s] [内存消耗：4,506.90kb] [文件加载：72]
[ info ] [ CACHE ] INIT File
[ info ] [ BEHAVIOR ] Run Closure @app_init [ RunTime:0.001204s ]
[ info ] [ LANG ] /www/wwwroot/cs.wmtao.xyz/thinkphp/lang/zh-cn.php
[ info ] [ ROUTE ] array (
  'type' => 'module',
  'module' => 
  array (
    0 => 'admin',
    1 => 'event',
    2 => NULL,
  ),
)
[ info ] [ HEADER ] array (
  'content-length' => '142',
  'content-type' => 'application/json',
  'x-pusher-signature' => '32b6b22e36041cbc97e4eec5379079608ce5236f488ea45c6ba2e25d5471734e',
  'x-pusher-key' => 'xd5bgugi03uzg9wl',
  'connection' => 'close',
  'host' => 'cs.wmtao.xyz',
)
[ info ] [ PARAM ] array (
  'time_ms' => '1725983570.1766',
  'events' => 
  array (
    0 => 
    array (
      'channel' => 'cu3131363835302f31',
      'name' => 'channel_removed',
    ),
    1 => 
    array (
      'channel' => 'se24',
      'name' => 'channel_removed',
    ),
  ),
)
[ info ] [ SESSION ] INIT array (
  'id' => '',
  'var_session_id' => '',
  'prefix' => '',
  'type' => '',
  'auto_start' => true,
)
[ info ] [ LANG ] /www/wwwroot/cs.wmtao.xyz/public/../application/lang/cn.php
[ info ] [ BEHAVIOR ] Run Closure @action_begin [ RunTime:0.000166s ]
[ info ] [ RUN ] app\admin\controller\Event->index[ /www/wwwroot/cs.wmtao.xyz/application/admin/controller/Event.php ]
[ info ] [ DB ] INIT mysql
[ info ] [ LOG ] INIT File
[ sql ] [ DB ] CONNECT:[ UseTime:0.000600s ] mysql:host=127.0.0.1;dbname=cs_wmtao_xyz;charset=utf8
[ sql ] [ SQL ] SHOW COLUMNS FROM `wolive_queue` [ RunTime:0.000883s ]
[ sql ] [ SQL ] SELECT * FROM `wolive_queue` WHERE  `visiter_id` = '116850'  AND `business_id` = 1 LIMIT 1 [ RunTime:0.000331s ]
[ sql ] [ SQL ] UPDATE `wolive_queue`  SET `remind_tpl`=0,`remind_comment`=0  WHERE  `visiter_id` = '116850'  AND `business_id` = 1 [ RunTime:0.000259s ]
[ sql ] [ SQL ] SHOW COLUMNS FROM `wolive_visiter` [ RunTime:0.001123s ]
[ sql ] [ SQL ] UPDATE `wolive_visiter`  SET `state`='offline'  WHERE  `channel` = '3131363835302f31' [ RunTime:0.000498s ]
---------------------------------------------------------------
[ 2024-09-10T23:53:35+08:00 ] 39.105.137.202 POST cs.wmtao.xyz/admin/event
[运行时间：0.107159s] [吞吐率：9.33req/s] [内存消耗：4,505.34kb] [文件加载：72]
[ info ] [ CACHE ] INIT File
[ info ] [ BEHAVIOR ] Run Closure @app_init [ RunTime:0.002395s ]
[ info ] [ LANG ] /www/wwwroot/cs.wmtao.xyz/thinkphp/lang/zh-cn.php
[ info ] [ ROUTE ] array (
  'type' => 'module',
  'module' => 
  array (
    0 => 'admin',
    1 => 'event',
    2 => NULL,
  ),
)
[ info ] [ HEADER ] array (
  'content-length' => '138',
  'content-type' => 'application/json',
  'x-pusher-signature' => '565a1742da417bb9f60ef53d7c6f8f17131f7fca3e36131f5b5f71e65a796be3',
  'x-pusher-key' => 'xd5bgugi03uzg9wl',
  'connection' => 'close',
  'host' => 'cs.wmtao.xyz',
)
[ info ] [ PARAM ] array (
  'time_ms' => '1725983615.2024',
  'events' => 
  array (
    0 => 
    array (
      'channel' => 'cu3131363835302f31',
      'name' => 'channel_added',
    ),
    1 => 
    array (
      'channel' => 'se24',
      'name' => 'channel_added',
    ),
  ),
)
[ info ] [ SESSION ] INIT array (
  'id' => '',
  'var_session_id' => '',
  'prefix' => '',
  'type' => '',
  'auto_start' => true,
)
[ info ] [ LANG ] /www/wwwroot/cs.wmtao.xyz/public/../application/lang/cn.php
[ info ] [ BEHAVIOR ] Run Closure @action_begin [ RunTime:0.000284s ]
[ info ] [ RUN ] app\admin\controller\Event->index[ /www/wwwroot/cs.wmtao.xyz/application/admin/controller/Event.php ]
[ info ] [ DB ] INIT mysql
[ info ] [ LOG ] INIT File
[ sql ] [ DB ] CONNECT:[ UseTime:0.001137s ] mysql:host=127.0.0.1;dbname=cs_wmtao_xyz;charset=utf8
[ sql ] [ SQL ] SHOW COLUMNS FROM `wolive_queue` [ RunTime:0.001704s ]
[ sql ] [ SQL ] SELECT * FROM `wolive_queue` WHERE  `visiter_id` = '116850'  AND `business_id` = 1 LIMIT 1 [ RunTime:0.000746s ]
[ sql ] [ SQL ] SHOW COLUMNS FROM `wolive_visiter` [ RunTime:0.001194s ]
[ sql ] [ SQL ] UPDATE `wolive_visiter`  SET `state`='online'  WHERE  `channel` = '3131363835302f31' [ RunTime:0.000506s ]
---------------------------------------------------------------
[ 2024-09-10T23:54:35+08:00 ] 39.105.137.202 POST cs.wmtao.xyz/admin/event
[运行时间：0.080695s] [吞吐率：12.39req/s] [内存消耗：4,506.90kb] [文件加载：72]
[ info ] [ CACHE ] INIT File
[ info ] [ BEHAVIOR ] Run Closure @app_init [ RunTime:0.001381s ]
[ info ] [ LANG ] /www/wwwroot/cs.wmtao.xyz/thinkphp/lang/zh-cn.php
[ info ] [ ROUTE ] array (
  'type' => 'module',
  'module' => 
  array (
    0 => 'admin',
    1 => 'event',
    2 => NULL,
  ),
)
[ info ] [ HEADER ] array (
  'content-length' => '142',
  'content-type' => 'application/json',
  'x-pusher-signature' => '9bfb3f9e0e36d4289dfdc73e81e9863e474a56da64b0ac6fc8d5eb9f2fbcd370',
  'x-pusher-key' => 'xd5bgugi03uzg9wl',
  'connection' => 'close',
  'host' => 'cs.wmtao.xyz',
)
[ info ] [ PARAM ] array (
  'time_ms' => '1725983675.234',
  'events' => 
  array (
    0 => 
    array (
      'channel' => 'cu3131363835302f31',
      'name' => 'channel_removed',
    ),
    1 => 
    array (
      'channel' => 'se24',
      'name' => 'channel_removed',
    ),
  ),
)
[ info ] [ SESSION ] INIT array (
  'id' => '',
  'var_session_id' => '',
  'prefix' => '',
  'type' => '',
  'auto_start' => true,
)
[ info ] [ LANG ] /www/wwwroot/cs.wmtao.xyz/public/../application/lang/cn.php
[ info ] [ BEHAVIOR ] Run Closure @action_begin [ RunTime:0.000151s ]
[ info ] [ RUN ] app\admin\controller\Event->index[ /www/wwwroot/cs.wmtao.xyz/application/admin/controller/Event.php ]
[ info ] [ DB ] INIT mysql
[ info ] [ LOG ] INIT File
[ sql ] [ DB ] CONNECT:[ UseTime:0.000918s ] mysql:host=127.0.0.1;dbname=cs_wmtao_xyz;charset=utf8
[ sql ] [ SQL ] SHOW COLUMNS FROM `wolive_queue` [ RunTime:0.001076s ]
[ sql ] [ SQL ] SELECT * FROM `wolive_queue` WHERE  `visiter_id` = '116850'  AND `business_id` = 1 LIMIT 1 [ RunTime:0.000376s ]
[ sql ] [ SQL ] UPDATE `wolive_queue`  SET `remind_tpl`=0,`remind_comment`=0  WHERE  `visiter_id` = '116850'  AND `business_id` = 1 [ RunTime:0.000255s ]
[ sql ] [ SQL ] SHOW COLUMNS FROM `wolive_visiter` [ RunTime:0.001124s ]
[ sql ] [ SQL ] UPDATE `wolive_visiter`  SET `state`='offline'  WHERE  `channel` = '3131363835302f31' [ RunTime:0.000552s ]
---------------------------------------------------------------
[ 2024-09-10T23:54:53+08:00 ] 39.105.137.202 POST cs.wmtao.xyz/admin/event
[运行时间：0.045085s] [吞吐率：22.18req/s] [内存消耗：4,505.34kb] [文件加载：72]
[ info ] [ CACHE ] INIT File
[ info ] [ BEHAVIOR ] Run Closure @app_init [ RunTime:0.001260s ]
[ info ] [ LANG ] /www/wwwroot/cs.wmtao.xyz/thinkphp/lang/zh-cn.php
[ info ] [ ROUTE ] array (
  'type' => 'module',
  'module' => 
  array (
    0 => 'admin',
    1 => 'event',
    2 => NULL,
  ),
)
[ info ] [ HEADER ] array (
  'content-length' => '138',
  'content-type' => 'application/json',
  'x-pusher-signature' => '6d5f37e811698438d2bd180bd4cc3abcaecf1cc8589352c462dba32c49c9281f',
  'x-pusher-key' => 'xd5bgugi03uzg9wl',
  'connection' => 'close',
  'host' => 'cs.wmtao.xyz',
)
[ info ] [ PARAM ] array (
  'time_ms' => '1725983693.2433',
  'events' => 
  array (
    0 => 
    array (
      'channel' => 'cu3131363835302f31',
      'name' => 'channel_added',
    ),
    1 => 
    array (
      'channel' => 'se24',
      'name' => 'channel_added',
    ),
  ),
)
[ info ] [ SESSION ] INIT array (
  'id' => '',
  'var_session_id' => '',
  'prefix' => '',
  'type' => '',
  'auto_start' => true,
)
[ info ] [ LANG ] /www/wwwroot/cs.wmtao.xyz/public/../application/lang/cn.php
[ info ] [ BEHAVIOR ] Run Closure @action_begin [ RunTime:0.000143s ]
[ info ] [ RUN ] app\admin\controller\Event->index[ /www/wwwroot/cs.wmtao.xyz/application/admin/controller/Event.php ]
[ info ] [ DB ] INIT mysql
[ info ] [ LOG ] INIT File
[ sql ] [ DB ] CONNECT:[ UseTime:0.001160s ] mysql:host=127.0.0.1;dbname=cs_wmtao_xyz;charset=utf8
[ sql ] [ SQL ] SHOW COLUMNS FROM `wolive_queue` [ RunTime:0.001585s ]
[ sql ] [ SQL ] SELECT * FROM `wolive_queue` WHERE  `visiter_id` = '116850'  AND `business_id` = 1 LIMIT 1 [ RunTime:0.000614s ]
[ sql ] [ SQL ] SHOW COLUMNS FROM `wolive_visiter` [ RunTime:0.001028s ]
[ sql ] [ SQL ] UPDATE `wolive_visiter`  SET `state`='online'  WHERE  `channel` = '3131363835302f31' [ RunTime:0.000509s ]
---------------------------------------------------------------
[ 2024-09-10T23:55:05+08:00 ] 39.105.137.202 POST cs.wmtao.xyz/admin/event
[运行时间：0.092269s] [吞吐率：10.84req/s] [内存消耗：4,504.34kb] [文件加载：72]
[ info ] [ CACHE ] INIT File
[ info ] [ BEHAVIOR ] Run Closure @app_init [ RunTime:0.001422s ]
[ info ] [ LANG ] /www/wwwroot/cs.wmtao.xyz/thinkphp/lang/zh-cn.php
[ info ] [ ROUTE ] array (
  'type' => 'module',
  'module' => 
  array (
    0 => 'admin',
    1 => 'event',
    2 => NULL,
  ),
)
[ info ] [ HEADER ] array (
  'content-length' => '96',
  'content-type' => 'application/json',
  'x-pusher-signature' => 'd3bb3df7756e4ce3d1203c53451453fa2235d29ff20025dc4b3dab2be5c6d380',
  'x-pusher-key' => 'xd5bgugi03uzg9wl',
  'connection' => 'close',
  'host' => 'cs.wmtao.xyz',
)
[ info ] [ PARAM ] array (
  'time_ms' => '1725983705.247',
  'events' => 
  array (
    0 => 
    array (
      'channel' => 'cu3131383632342f31',
      'name' => 'channel_added',
    ),
  ),
)
[ info ] [ SESSION ] INIT array (
  'id' => '',
  'var_session_id' => '',
  'prefix' => '',
  'type' => '',
  'auto_start' => true,
)
[ info ] [ LANG ] /www/wwwroot/cs.wmtao.xyz/public/../application/lang/cn.php
[ info ] [ BEHAVIOR ] Run Closure @action_begin [ RunTime:0.000151s ]
[ info ] [ RUN ] app\admin\controller\Event->index[ /www/wwwroot/cs.wmtao.xyz/application/admin/controller/Event.php ]
[ info ] [ DB ] INIT mysql
[ info ] [ LOG ] INIT File
[ sql ] [ DB ] CONNECT:[ UseTime:0.000858s ] mysql:host=127.0.0.1;dbname=cs_wmtao_xyz;charset=utf8
[ sql ] [ SQL ] SHOW COLUMNS FROM `wolive_queue` [ RunTime:0.000938s ]
[ sql ] [ SQL ] SELECT * FROM `wolive_queue` WHERE  `visiter_id` = '118624'  AND `business_id` = 1 LIMIT 1 [ RunTime:0.000394s ]
[ sql ] [ SQL ] SHOW COLUMNS FROM `wolive_visiter` [ RunTime:0.001156s ]
[ sql ] [ SQL ] UPDATE `wolive_visiter`  SET `state`='online'  WHERE  `channel` = '3131383632342f31' [ RunTime:0.000501s ]
---------------------------------------------------------------
[ 2024-09-10T23:55:51+08:00 ] 39.105.137.202 POST cs.wmtao.xyz/admin/event
[运行时间：0.081418s] [吞吐率：12.28req/s] [内存消耗：4,506.90kb] [文件加载：72]
[ info ] [ CACHE ] INIT File
[ info ] [ BEHAVIOR ] Run Closure @app_init [ RunTime:0.001316s ]
[ info ] [ LANG ] /www/wwwroot/cs.wmtao.xyz/thinkphp/lang/zh-cn.php
[ info ] [ ROUTE ] array (
  'type' => 'module',
  'module' => 
  array (
    0 => 'admin',
    1 => 'event',
    2 => NULL,
  ),
)
[ info ] [ HEADER ] array (
  'content-length' => '141',
  'content-type' => 'application/json',
  'x-pusher-signature' => 'ae0e50f1384d598bac40ba154bbf357c9a6565b22f34de601b837ad8d800558a',
  'x-pusher-key' => 'xd5bgugi03uzg9wl',
  'connection' => 'close',
  'host' => 'cs.wmtao.xyz',
)
[ info ] [ PARAM ] array (
  'time_ms' => '1725983750.2745',
  'events' => 
  array (
    0 => 
    array (
      'channel' => 'cu3131363835302f31',
      'name' => 'channel_removed',
    ),
    1 => 
    array (
      'channel' => 'se24',
      'name' => 'channel_removed',
    ),
  ),
)
[ info ] [ SESSION ] INIT array (
  'id' => '',
  'var_session_id' => '',
  'prefix' => '',
  'type' => '',
  'auto_start' => true,
)
[ info ] [ LANG ] /www/wwwroot/cs.wmtao.xyz/public/../application/lang/cn.php
[ info ] [ BEHAVIOR ] Run Closure @action_begin [ RunTime:0.000170s ]
[ info ] [ RUN ] app\admin\controller\Event->index[ /www/wwwroot/cs.wmtao.xyz/application/admin/controller/Event.php ]
[ info ] [ DB ] INIT mysql
[ info ] [ LOG ] INIT File
[ sql ] [ DB ] CONNECT:[ UseTime:0.000605s ] mysql:host=127.0.0.1;dbname=cs_wmtao_xyz;charset=utf8
[ sql ] [ SQL ] SHOW COLUMNS FROM `wolive_queue` [ RunTime:0.000862s ]
[ sql ] [ SQL ] SELECT * FROM `wolive_queue` WHERE  `visiter_id` = '116850'  AND `business_id` = 1 LIMIT 1 [ RunTime:0.000385s ]
[ sql ] [ SQL ] UPDATE `wolive_queue`  SET `remind_tpl`=0,`remind_comment`=0  WHERE  `visiter_id` = '116850'  AND `business_id` = 1 [ RunTime:0.000281s ]
[ sql ] [ SQL ] SHOW COLUMNS FROM `wolive_visiter` [ RunTime:0.001053s ]
[ sql ] [ SQL ] UPDATE `wolive_visiter`  SET `state`='offline'  WHERE  `channel` = '3131363835302f31' [ RunTime:0.000498s ]
---------------------------------------------------------------
[ 2024-09-10T23:56:05+08:00 ] 39.105.137.202 POST cs.wmtao.xyz/admin/event
[运行时间：0.043562s] [吞吐率：22.96req/s] [内存消耗：4,505.90kb] [文件加载：72]
[ info ] [ CACHE ] INIT File
[ info ] [ BEHAVIOR ] Run Closure @app_init [ RunTime:0.001297s ]
[ info ] [ LANG ] /www/wwwroot/cs.wmtao.xyz/thinkphp/lang/zh-cn.php
[ info ] [ ROUTE ] array (
  'type' => 'module',
  'module' => 
  array (
    0 => 'admin',
    1 => 'event',
    2 => NULL,
  ),
)
[ info ] [ HEADER ] array (
  'content-length' => '98',
  'content-type' => 'application/json',
  'x-pusher-signature' => '82978bc03b46dbe63d6c1f09f50fba1d778760a18a530bb477803f2f4ec0adfe',
  'x-pusher-key' => 'xd5bgugi03uzg9wl',
  'connection' => 'close',
  'host' => 'cs.wmtao.xyz',
)
[ info ] [ PARAM ] array (
  'time_ms' => '1725983765.2809',
  'events' => 
  array (
    0 => 
    array (
      'channel' => 'cu3131383632342f31',
      'name' => 'channel_removed',
    ),
  ),
)
[ info ] [ SESSION ] INIT array (
  'id' => '',
  'var_session_id' => '',
  'prefix' => '',
  'type' => '',
  'auto_start' => true,
)
[ info ] [ LANG ] /www/wwwroot/cs.wmtao.xyz/public/../application/lang/cn.php
[ info ] [ BEHAVIOR ] Run Closure @action_begin [ RunTime:0.000176s ]
[ info ] [ RUN ] app\admin\controller\Event->index[ /www/wwwroot/cs.wmtao.xyz/application/admin/controller/Event.php ]
[ info ] [ DB ] INIT mysql
[ info ] [ LOG ] INIT File
[ sql ] [ DB ] CONNECT:[ UseTime:0.000715s ] mysql:host=127.0.0.1;dbname=cs_wmtao_xyz;charset=utf8
[ sql ] [ SQL ] SHOW COLUMNS FROM `wolive_queue` [ RunTime:0.000904s ]
[ sql ] [ SQL ] SELECT * FROM `wolive_queue` WHERE  `visiter_id` = '118624'  AND `business_id` = 1 LIMIT 1 [ RunTime:0.000400s ]
[ sql ] [ SQL ] UPDATE `wolive_queue`  SET `remind_tpl`=0,`remind_comment`=0  WHERE  `visiter_id` = '118624'  AND `business_id` = 1 [ RunTime:0.000308s ]
[ sql ] [ SQL ] SHOW COLUMNS FROM `wolive_visiter` [ RunTime:0.001025s ]
[ sql ] [ SQL ] UPDATE `wolive_visiter`  SET `state`='offline'  WHERE  `channel` = '3131383632342f31' [ RunTime:0.000462s ]
---------------------------------------------------------------
[ 2024-09-10T23:56:08+08:00 ] 39.105.137.202 POST cs.wmtao.xyz/admin/event
[运行时间：0.041063s] [吞吐率：24.35req/s] [内存消耗：4,505.34kb] [文件加载：72]
[ info ] [ CACHE ] INIT File
[ info ] [ BEHAVIOR ] Run Closure @app_init [ RunTime:0.001278s ]
[ info ] [ LANG ] /www/wwwroot/cs.wmtao.xyz/thinkphp/lang/zh-cn.php
[ info ] [ ROUTE ] array (
  'type' => 'module',
  'module' => 
  array (
    0 => 'admin',
    1 => 'event',
    2 => NULL,
  ),
)
[ info ] [ HEADER ] array (
  'content-length' => '138',
  'content-type' => 'application/json',
  'x-pusher-signature' => '54d7662eaf0e61e1b2db38301de790504be1fee84a6434697f9b61b0d3baef9a',
  'x-pusher-key' => 'xd5bgugi03uzg9wl',
  'connection' => 'close',
  'host' => 'cs.wmtao.xyz',
)
[ info ] [ PARAM ] array (
  'time_ms' => '1725983768.2818',
  'events' => 
  array (
    0 => 
    array (
      'channel' => 'cu3131363835302f31',
      'name' => 'channel_added',
    ),
    1 => 
    array (
      'channel' => 'se24',
      'name' => 'channel_added',
    ),
  ),
)
[ info ] [ SESSION ] INIT array (
  'id' => '',
  'var_session_id' => '',
  'prefix' => '',
  'type' => '',
  'auto_start' => true,
)
[ info ] [ LANG ] /www/wwwroot/cs.wmtao.xyz/public/../application/lang/cn.php
[ info ] [ BEHAVIOR ] Run Closure @action_begin [ RunTime:0.000149s ]
[ info ] [ RUN ] app\admin\controller\Event->index[ /www/wwwroot/cs.wmtao.xyz/application/admin/controller/Event.php ]
[ info ] [ DB ] INIT mysql
[ info ] [ LOG ] INIT File
[ sql ] [ DB ] CONNECT:[ UseTime:0.000609s ] mysql:host=127.0.0.1;dbname=cs_wmtao_xyz;charset=utf8
[ sql ] [ SQL ] SHOW COLUMNS FROM `wolive_queue` [ RunTime:0.000911s ]
[ sql ] [ SQL ] SELECT * FROM `wolive_queue` WHERE  `visiter_id` = '116850'  AND `business_id` = 1 LIMIT 1 [ RunTime:0.000359s ]
[ sql ] [ SQL ] SHOW COLUMNS FROM `wolive_visiter` [ RunTime:0.000877s ]
[ sql ] [ SQL ] UPDATE `wolive_visiter`  SET `state`='online'  WHERE  `channel` = '3131363835302f31' [ RunTime:0.000483s ]
---------------------------------------------------------------
[ 2024-09-10T23:56:44+08:00 ] 39.105.137.202 POST cs.wmtao.xyz/admin/event
[运行时间：0.072138s] [吞吐率：13.86req/s] [内存消耗：4,498.60kb] [文件加载：72]
[ info ] [ CACHE ] INIT File
[ info ] [ BEHAVIOR ] Run Closure @app_init [ RunTime:0.001307s ]
[ info ] [ LANG ] /www/wwwroot/cs.wmtao.xyz/thinkphp/lang/zh-cn.php
[ info ] [ ROUTE ] array (
  'type' => 'module',
  'module' => 
  array (
    0 => 'admin',
    1 => 'event',
    2 => NULL,
  ),
)
[ info ] [ HEADER ] array (
  'content-length' => '166',
  'content-type' => 'application/json',
  'x-pusher-signature' => 'c80db312029737be773fad6812c2c19c42ae716a33c2abbf634a24d29c022f77',
  'x-pusher-key' => 'xd5bgugi03uzg9wl',
  'connection' => 'close',
  'host' => 'cs.wmtao.xyz',
)
[ info ] [ PARAM ] array (
  'time_ms' => '1725983804.2962',
  'events' => 
  array (
    0 => 
    array (
      'channel' => 'ud1',
      'name' => 'channel_added',
    ),
    1 => 
    array (
      'channel' => 'all1',
      'name' => 'channel_added',
    ),
    2 => 
    array (
      'channel' => 'kefu1',
      'name' => 'channel_added',
    ),
  ),
)
[ info ] [ SESSION ] INIT array (
  'id' => '',
  'var_session_id' => '',
  'prefix' => '',
  'type' => '',
  'auto_start' => true,
)
[ info ] [ LANG ] /www/wwwroot/cs.wmtao.xyz/public/../application/lang/cn.php
[ info ] [ BEHAVIOR ] Run Closure @action_begin [ RunTime:0.000173s ]
[ info ] [ RUN ] app\admin\controller\Event->index[ /www/wwwroot/cs.wmtao.xyz/application/admin/controller/Event.php ]
[ info ] [ DB ] INIT mysql
[ info ] [ LOG ] INIT File
[ sql ] [ DB ] CONNECT:[ UseTime:0.000741s ] mysql:host=127.0.0.1;dbname=cs_wmtao_xyz;charset=utf8
[ sql ] [ SQL ] SHOW COLUMNS FROM `wolive_service` [ RunTime:0.000965s ]
[ sql ] [ SQL ] UPDATE `wolive_service`  SET `state`='online'  WHERE  `service_id` = 1 [ RunTime:0.001507s ]
---------------------------------------------------------------
[ 2024-09-10T23:56:50+08:00 ] 39.105.137.202 POST cs.wmtao.xyz/admin/event
[运行时间：0.039388s] [吞吐率：25.39req/s] [内存消耗：4,498.70kb] [文件加载：72]
[ info ] [ CACHE ] INIT File
[ info ] [ BEHAVIOR ] Run Closure @app_init [ RunTime:0.001213s ]
[ info ] [ LANG ] /www/wwwroot/cs.wmtao.xyz/thinkphp/lang/zh-cn.php
[ info ] [ ROUTE ] array (
  'type' => 'module',
  'module' => 
  array (
    0 => 'admin',
    1 => 'event',
    2 => NULL,
  ),
)
[ info ] [ HEADER ] array (
  'content-length' => '171',
  'content-type' => 'application/json',
  'x-pusher-signature' => '07ecb941a289261522e0ff396416f741bb0c0f2cf954e6147d052fe20e419591',
  'x-pusher-key' => 'xd5bgugi03uzg9wl',
  'connection' => 'close',
  'host' => 'cs.wmtao.xyz',
)
[ info ] [ PARAM ] array (
  'time_ms' => '1725983810.2974',
  'events' => 
  array (
    0 => 
    array (
      'channel' => 'ud1',
      'name' => 'channel_removed',
    ),
    1 => 
    array (
      'channel' => 'all1',
      'name' => 'channel_removed',
    ),
    2 => 
    array (
      'channel' => 'kefu1',
      'name' => 'channel_removed',
    ),
  ),
)
[ info ] [ SESSION ] INIT array (
  'id' => '',
  'var_session_id' => '',
  'prefix' => '',
  'type' => '',
  'auto_start' => true,
)
[ info ] [ LANG ] /www/wwwroot/cs.wmtao.xyz/public/../application/lang/cn.php
[ info ] [ BEHAVIOR ] Run Closure @action_begin [ RunTime:0.000143s ]
[ info ] [ RUN ] app\admin\controller\Event->index[ /www/wwwroot/cs.wmtao.xyz/application/admin/controller/Event.php ]
[ info ] [ DB ] INIT mysql
[ info ] [ LOG ] INIT File
[ sql ] [ DB ] CONNECT:[ UseTime:0.000563s ] mysql:host=127.0.0.1;dbname=cs_wmtao_xyz;charset=utf8
[ sql ] [ SQL ] SHOW COLUMNS FROM `wolive_service` [ RunTime:0.000901s ]
[ sql ] [ SQL ] UPDATE `wolive_service`  SET `state`='offline'  WHERE  `service_id` = 1 [ RunTime:0.001091s ]
---------------------------------------------------------------
[ 2024-09-10T23:57:08+08:00 ] 39.105.137.202 POST cs.wmtao.xyz/admin/event
[运行时间：0.074113s] [吞吐率：13.49req/s] [内存消耗：4,506.90kb] [文件加载：72]
[ info ] [ CACHE ] INIT File
[ info ] [ BEHAVIOR ] Run Closure @app_init [ RunTime:0.001262s ]
[ info ] [ LANG ] /www/wwwroot/cs.wmtao.xyz/thinkphp/lang/zh-cn.php
[ info ] [ ROUTE ] array (
  'type' => 'module',
  'module' => 
  array (
    0 => 'admin',
    1 => 'event',
    2 => NULL,
  ),
)
[ info ] [ HEADER ] array (
  'content-length' => '141',
  'content-type' => 'application/json',
  'x-pusher-signature' => 'acb7b35534bedcc986ebb59f9a96997cb7df7d4b0e5d836a646af8c28db8bdcd',
  'x-pusher-key' => 'xd5bgugi03uzg9wl',
  'connection' => 'close',
  'host' => 'cs.wmtao.xyz',
)
[ info ] [ PARAM ] array (
  'time_ms' => '1725983828.304',
  'events' => 
  array (
    0 => 
    array (
      'channel' => 'cu3131363835302f31',
      'name' => 'channel_removed',
    ),
    1 => 
    array (
      'channel' => 'se24',
      'name' => 'channel_removed',
    ),
  ),
)
[ info ] [ SESSION ] INIT array (
  'id' => '',
  'var_session_id' => '',
  'prefix' => '',
  'type' => '',
  'auto_start' => true,
)
[ info ] [ LANG ] /www/wwwroot/cs.wmtao.xyz/public/../application/lang/cn.php
[ info ] [ BEHAVIOR ] Run Closure @action_begin [ RunTime:0.000148s ]
[ info ] [ RUN ] app\admin\controller\Event->index[ /www/wwwroot/cs.wmtao.xyz/application/admin/controller/Event.php ]
[ info ] [ DB ] INIT mysql
[ info ] [ LOG ] INIT File
[ sql ] [ DB ] CONNECT:[ UseTime:0.000616s ] mysql:host=127.0.0.1;dbname=cs_wmtao_xyz;charset=utf8
[ sql ] [ SQL ] SHOW COLUMNS FROM `wolive_queue` [ RunTime:0.000945s ]
[ sql ] [ SQL ] SELECT * FROM `wolive_queue` WHERE  `visiter_id` = '116850'  AND `business_id` = 1 LIMIT 1 [ RunTime:0.000442s ]
[ sql ] [ SQL ] UPDATE `wolive_queue`  SET `remind_tpl`=0,`remind_comment`=0  WHERE  `visiter_id` = '116850'  AND `business_id` = 1 [ RunTime:0.000317s ]
[ sql ] [ SQL ] SHOW COLUMNS FROM `wolive_visiter` [ RunTime:0.001129s ]
[ sql ] [ SQL ] UPDATE `wolive_visiter`  SET `state`='offline'  WHERE  `channel` = '3131363835302f31' [ RunTime:0.000531s ]
---------------------------------------------------------------
[ 2024-09-10T23:57:20+08:00 ] 39.105.137.202 POST cs.wmtao.xyz/admin/event
[运行时间：0.085668s] [吞吐率：11.67req/s] [内存消耗：4,505.34kb] [文件加载：72]
[ info ] [ CACHE ] INIT File
[ info ] [ BEHAVIOR ] Run Closure @app_init [ RunTime:0.001786s ]
[ info ] [ LANG ] /www/wwwroot/cs.wmtao.xyz/thinkphp/lang/zh-cn.php
[ info ] [ ROUTE ] array (
  'type' => 'module',
  'module' => 
  array (
    0 => 'admin',
    1 => 'event',
    2 => NULL,
  ),
)
[ info ] [ HEADER ] array (
  'content-length' => '138',
  'content-type' => 'application/json',
  'x-pusher-signature' => 'f177bdd1cbeb3846ce2a9cf37455679b1cd861c8aebc782d6ad2ac9f780f7d20',
  'x-pusher-key' => 'xd5bgugi03uzg9wl',
  'connection' => 'close',
  'host' => 'cs.wmtao.xyz',
)
[ info ] [ PARAM ] array (
  'time_ms' => '1725983840.3105',
  'events' => 
  array (
    0 => 
    array (
      'channel' => 'cu3131363835302f31',
      'name' => 'channel_added',
    ),
    1 => 
    array (
      'channel' => 'se24',
      'name' => 'channel_added',
    ),
  ),
)
[ info ] [ SESSION ] INIT array (
  'id' => '',
  'var_session_id' => '',
  'prefix' => '',
  'type' => '',
  'auto_start' => true,
)
[ info ] [ LANG ] /www/wwwroot/cs.wmtao.xyz/public/../application/lang/cn.php
[ info ] [ BEHAVIOR ] Run Closure @action_begin [ RunTime:0.000162s ]
[ info ] [ RUN ] app\admin\controller\Event->index[ /www/wwwroot/cs.wmtao.xyz/application/admin/controller/Event.php ]
[ info ] [ DB ] INIT mysql
[ info ] [ LOG ] INIT File
[ sql ] [ DB ] CONNECT:[ UseTime:0.000944s ] mysql:host=127.0.0.1;dbname=cs_wmtao_xyz;charset=utf8
[ sql ] [ SQL ] SHOW COLUMNS FROM `wolive_queue` [ RunTime:0.001340s ]
[ sql ] [ SQL ] SELECT * FROM `wolive_queue` WHERE  `visiter_id` = '116850'  AND `business_id` = 1 LIMIT 1 [ RunTime:0.000485s ]
[ sql ] [ SQL ] SHOW COLUMNS FROM `wolive_visiter` [ RunTime:0.001425s ]
[ sql ] [ SQL ] UPDATE `wolive_visiter`  SET `state`='online'  WHERE  `channel` = '3131363835302f31' [ RunTime:0.000832s ]
---------------------------------------------------------------
[ 2024-09-10T23:58:20+08:00 ] 39.105.137.202 POST cs.wmtao.xyz/admin/event
[运行时间：0.043772s] [吞吐率：22.85req/s] [内存消耗：4,506.90kb] [文件加载：72]
[ info ] [ CACHE ] INIT File
[ info ] [ BEHAVIOR ] Run Closure @app_init [ RunTime:0.001361s ]
[ info ] [ LANG ] /www/wwwroot/cs.wmtao.xyz/thinkphp/lang/zh-cn.php
[ info ] [ ROUTE ] array (
  'type' => 'module',
  'module' => 
  array (
    0 => 'admin',
    1 => 'event',
    2 => NULL,
  ),
)
[ info ] [ HEADER ] array (
  'content-length' => '142',
  'content-type' => 'application/json',
  'x-pusher-signature' => 'b2c4123651aee83c097432a2cd173d72b12377d6581a23540a1f6cda4a0dbcb4',
  'x-pusher-key' => 'xd5bgugi03uzg9wl',
  'connection' => 'close',
  'host' => 'cs.wmtao.xyz',
)
[ info ] [ PARAM ] array (
  'time_ms' => '1725983900.347',
  'events' => 
  array (
    0 => 
    array (
      'channel' => 'cu3131363835302f31',
      'name' => 'channel_removed',
    ),
    1 => 
    array (
      'channel' => 'se24',
      'name' => 'channel_removed',
    ),
  ),
)
[ info ] [ SESSION ] INIT array (
  'id' => '',
  'var_session_id' => '',
  'prefix' => '',
  'type' => '',
  'auto_start' => true,
)
[ info ] [ LANG ] /www/wwwroot/cs.wmtao.xyz/public/../application/lang/cn.php
[ info ] [ BEHAVIOR ] Run Closure @action_begin [ RunTime:0.000174s ]
[ info ] [ RUN ] app\admin\controller\Event->index[ /www/wwwroot/cs.wmtao.xyz/application/admin/controller/Event.php ]
[ info ] [ DB ] INIT mysql
[ info ] [ LOG ] INIT File
[ sql ] [ DB ] CONNECT:[ UseTime:0.000962s ] mysql:host=127.0.0.1;dbname=cs_wmtao_xyz;charset=utf8
[ sql ] [ SQL ] SHOW COLUMNS FROM `wolive_queue` [ RunTime:0.001064s ]
[ sql ] [ SQL ] SELECT * FROM `wolive_queue` WHERE  `visiter_id` = '116850'  AND `business_id` = 1 LIMIT 1 [ RunTime:0.000439s ]
[ sql ] [ SQL ] UPDATE `wolive_queue`  SET `remind_tpl`=0,`remind_comment`=0  WHERE  `visiter_id` = '116850'  AND `business_id` = 1 [ RunTime:0.000336s ]
[ sql ] [ SQL ] SHOW COLUMNS FROM `wolive_visiter` [ RunTime:0.000858s ]
[ sql ] [ SQL ] UPDATE `wolive_visiter`  SET `state`='offline'  WHERE  `channel` = '3131363835302f31' [ RunTime:0.000487s ]
---------------------------------------------------------------
[ 2024-09-10T23:59:05+08:00 ] 39.105.137.202 POST cs.wmtao.xyz/admin/event
[运行时间：0.060810s] [吞吐率：16.44req/s] [内存消耗：4,505.34kb] [文件加载：72]
[ info ] [ CACHE ] INIT File
[ info ] [ BEHAVIOR ] Run Closure @app_init [ RunTime:0.002061s ]
[ info ] [ LANG ] /www/wwwroot/cs.wmtao.xyz/thinkphp/lang/zh-cn.php
[ info ] [ ROUTE ] array (
  'type' => 'module',
  'module' => 
  array (
    0 => 'admin',
    1 => 'event',
    2 => NULL,
  ),
)
[ info ] [ HEADER ] array (
  'content-length' => '138',
  'content-type' => 'application/json',
  'x-pusher-signature' => 'c71d6b79dab835fa94b47b5eac6d8fb6efc59e38b5ba808a4fb264d528ac3434',
  'x-pusher-key' => 'xd5bgugi03uzg9wl',
  'connection' => 'close',
  'host' => 'cs.wmtao.xyz',
)
[ info ] [ PARAM ] array (
  'time_ms' => '1725983945.3747',
  'events' => 
  array (
    0 => 
    array (
      'channel' => 'cu3131363835302f31',
      'name' => 'channel_added',
    ),
    1 => 
    array (
      'channel' => 'se24',
      'name' => 'channel_added',
    ),
  ),
)
[ info ] [ SESSION ] INIT array (
  'id' => '',
  'var_session_id' => '',
  'prefix' => '',
  'type' => '',
  'auto_start' => true,
)
[ info ] [ LANG ] /www/wwwroot/cs.wmtao.xyz/public/../application/lang/cn.php
[ info ] [ BEHAVIOR ] Run Closure @action_begin [ RunTime:0.000188s ]
[ info ] [ RUN ] app\admin\controller\Event->index[ /www/wwwroot/cs.wmtao.xyz/application/admin/controller/Event.php ]
[ info ] [ DB ] INIT mysql
[ info ] [ LOG ] INIT File
[ sql ] [ DB ] CONNECT:[ UseTime:0.001046s ] mysql:host=127.0.0.1;dbname=cs_wmtao_xyz;charset=utf8
[ sql ] [ SQL ] SHOW COLUMNS FROM `wolive_queue` [ RunTime:0.001335s ]
[ sql ] [ SQL ] SELECT * FROM `wolive_queue` WHERE  `visiter_id` = '116850'  AND `business_id` = 1 LIMIT 1 [ RunTime:0.000513s ]
[ sql ] [ SQL ] SHOW COLUMNS FROM `wolive_visiter` [ RunTime:0.001122s ]
[ sql ] [ SQL ] UPDATE `wolive_visiter`  SET `state`='online'  WHERE  `channel` = '3131363835302f31' [ RunTime:0.000689s ]
---------------------------------------------------------------
[ 2024-09-10T23:59:29+08:00 ] 39.105.137.202 POST cs.wmtao.xyz/admin/event
[运行时间：0.038354s] [吞吐率：26.07req/s] [内存消耗：4,505.34kb] [文件加载：72]
[ info ] [ CACHE ] INIT File
[ info ] [ BEHAVIOR ] Run Closure @app_init [ RunTime:0.001207s ]
[ info ] [ LANG ] /www/wwwroot/cs.wmtao.xyz/thinkphp/lang/zh-cn.php
[ info ] [ ROUTE ] array (
  'type' => 'module',
  'module' => 
  array (
    0 => 'admin',
    1 => 'event',
    2 => NULL,
  ),
)
[ info ] [ HEADER ] array (
  'content-length' => '138',
  'content-type' => 'application/json',
  'x-pusher-signature' => '752ac3dd7c0ea945e2ff5a4937843c365c811f039d249989f437f4772be14b55',
  'x-pusher-key' => 'xd5bgugi03uzg9wl',
  'connection' => 'close',
  'host' => 'cs.wmtao.xyz',
)
[ info ] [ PARAM ] array (
  'time_ms' => '1725983969.3885',
  'events' => 
  array (
    0 => 
    array (
      'channel' => 'cu3131343735352f31',
      'name' => 'channel_added',
    ),
    1 => 
    array (
      'channel' => 'se32',
      'name' => 'channel_added',
    ),
  ),
)
[ info ] [ SESSION ] INIT array (
  'id' => '',
  'var_session_id' => '',
  'prefix' => '',
  'type' => '',
  'auto_start' => true,
)
[ info ] [ LANG ] /www/wwwroot/cs.wmtao.xyz/public/../application/lang/cn.php
[ info ] [ BEHAVIOR ] Run Closure @action_begin [ RunTime:0.000151s ]
[ info ] [ RUN ] app\admin\controller\Event->index[ /www/wwwroot/cs.wmtao.xyz/application/admin/controller/Event.php ]
[ info ] [ DB ] INIT mysql
[ info ] [ LOG ] INIT File
[ sql ] [ DB ] CONNECT:[ UseTime:0.000671s ] mysql:host=127.0.0.1;dbname=cs_wmtao_xyz;charset=utf8
[ sql ] [ SQL ] SHOW COLUMNS FROM `wolive_queue` [ RunTime:0.000885s ]
[ sql ] [ SQL ] SELECT * FROM `wolive_queue` WHERE  `visiter_id` = '114755'  AND `business_id` = 1 LIMIT 1 [ RunTime:0.000397s ]
[ sql ] [ SQL ] SHOW COLUMNS FROM `wolive_visiter` [ RunTime:0.000879s ]
[ sql ] [ SQL ] UPDATE `wolive_visiter`  SET `state`='online'  WHERE  `channel` = '3131343735352f31' [ RunTime:0.000453s ]
---------------------------------------------------------------
[ 2024-09-10T23:59:35+08:00 ] 39.105.137.202 POST cs.wmtao.xyz/admin/event
[运行时间：0.040367s] [吞吐率：24.77req/s] [内存消耗：4,504.34kb] [文件加载：72]
[ info ] [ CACHE ] INIT File
[ info ] [ BEHAVIOR ] Run Closure @app_init [ RunTime:0.001365s ]
[ info ] [ LANG ] /www/wwwroot/cs.wmtao.xyz/thinkphp/lang/zh-cn.php
[ info ] [ ROUTE ] array (
  'type' => 'module',
  'module' => 
  array (
    0 => 'admin',
    1 => 'event',
    2 => NULL,
  ),
)
[ info ] [ HEADER ] array (
  'content-length' => '96',
  'content-type' => 'application/json',
  'x-pusher-signature' => '4a4badc94c573f5d9daf93dbb4aa4cc66d4a3f536770bb388ee78ccea7e33715',
  'x-pusher-key' => 'xd5bgugi03uzg9wl',
  'connection' => 'close',
  'host' => 'cs.wmtao.xyz',
)
[ info ] [ PARAM ] array (
  'time_ms' => '1725983975.3894',
  'events' => 
  array (
    0 => 
    array (
      'channel' => 'cu3131383632342f31',
      'name' => 'channel_added',
    ),
  ),
)
[ info ] [ SESSION ] INIT array (
  'id' => '',
  'var_session_id' => '',
  'prefix' => '',
  'type' => '',
  'auto_start' => true,
)
[ info ] [ LANG ] /www/wwwroot/cs.wmtao.xyz/public/../application/lang/cn.php
[ info ] [ BEHAVIOR ] Run Closure @action_begin [ RunTime:0.000122s ]
[ info ] [ RUN ] app\admin\controller\Event->index[ /www/wwwroot/cs.wmtao.xyz/application/admin/controller/Event.php ]
[ info ] [ DB ] INIT mysql
[ info ] [ LOG ] INIT File
[ sql ] [ DB ] CONNECT:[ UseTime:0.000613s ] mysql:host=127.0.0.1;dbname=cs_wmtao_xyz;charset=utf8
[ sql ] [ SQL ] SHOW COLUMNS FROM `wolive_queue` [ RunTime:0.000881s ]
[ sql ] [ SQL ] SELECT * FROM `wolive_queue` WHERE  `visiter_id` = '118624'  AND `business_id` = 1 LIMIT 1 [ RunTime:0.000332s ]
[ sql ] [ SQL ] SHOW COLUMNS FROM `wolive_visiter` [ RunTime:0.000881s ]
[ sql ] [ SQL ] UPDATE `wolive_visiter`  SET `state`='online'  WHERE  `channel` = '3131383632342f31' [ RunTime:0.000471s ]
